<!DOCTYPE html>
<html>
  <head>
    <meta charset="utf-8"/>
    <title>Test Report</title>
    <link href="assets/style.css" rel="stylesheet" type="text/css"/></head>
  <body onLoad="init()">
    <script>/* This Source Code Form is subject to the terms of the Mozilla Public
 * License, v. 2.0. If a copy of the MPL was not distributed with this file,
 * You can obtain one at http://mozilla.org/MPL/2.0/. */


function toArray(iter) {
    if (iter === null) {
        return null;
    }
    return Array.prototype.slice.call(iter);
}

function find(selector, elem) { // eslint-disable-line no-redeclare
    if (!elem) {
        elem = document;
    }
    return elem.querySelector(selector);
}

function findAll(selector, elem) {
    if (!elem) {
        elem = document;
    }
    return toArray(elem.querySelectorAll(selector));
}

function sortColumn(elem) {
    toggleSortStates(elem);
    const colIndex = toArray(elem.parentNode.childNodes).indexOf(elem);
    let key;
    if (elem.classList.contains('result')) {
        key = keyResult;
    } else if (elem.classList.contains('links')) {
        key = keyLink;
    } else {
        key = keyAlpha;
    }
    sortTable(elem, key(colIndex));
}

function showAllExtras() { // eslint-disable-line no-unused-vars
    findAll('.col-result').forEach(showExtras);
}

function hideAllExtras() { // eslint-disable-line no-unused-vars
    findAll('.col-result').forEach(hideExtras);
}

function showExtras(colresultElem) {
    const extras = colresultElem.parentNode.nextElementSibling;
    const expandcollapse = colresultElem.firstElementChild;
    extras.classList.remove('collapsed');
    expandcollapse.classList.remove('expander');
    expandcollapse.classList.add('collapser');
}

function hideExtras(colresultElem) {
    const extras = colresultElem.parentNode.nextElementSibling;
    const expandcollapse = colresultElem.firstElementChild;
    extras.classList.add('collapsed');
    expandcollapse.classList.remove('collapser');
    expandcollapse.classList.add('expander');
}

function showFilters() {
    const filterItems = document.getElementsByClassName('filter');
    for (let i = 0; i < filterItems.length; i++)
        filterItems[i].hidden = false;
}

function addCollapse() {
    // Add links for show/hide all
    const resulttable = find('table#results-table');
    const showhideall = document.createElement('p');
    showhideall.innerHTML = '<a href="javascript:showAllExtras()">Show all details</a> / ' +
                            '<a href="javascript:hideAllExtras()">Hide all details</a>';
    resulttable.parentElement.insertBefore(showhideall, resulttable);

    // Add show/hide link to each result
    findAll('.col-result').forEach(function(elem) {
        const collapsed = getQueryParameter('collapsed') || 'Passed';
        const extras = elem.parentNode.nextElementSibling;
        const expandcollapse = document.createElement('span');
        if (extras.classList.contains('collapsed')) {
            expandcollapse.classList.add('expander');
        } else if (collapsed.includes(elem.innerHTML)) {
            extras.classList.add('collapsed');
            expandcollapse.classList.add('expander');
        } else {
            expandcollapse.classList.add('collapser');
        }
        elem.appendChild(expandcollapse);

        elem.addEventListener('click', function(event) {
            if (event.currentTarget.parentNode.nextElementSibling.classList.contains('collapsed')) {
                showExtras(event.currentTarget);
            } else {
                hideExtras(event.currentTarget);
            }
        });
    });
}

function getQueryParameter(name) {
    const match = RegExp('[?&]' + name + '=([^&]*)').exec(window.location.search);
    return match && decodeURIComponent(match[1].replace(/\+/g, ' '));
}

function init () { // eslint-disable-line no-unused-vars
    resetSortHeaders();

    addCollapse();

    showFilters();

    sortColumn(find('.initial-sort'));

    findAll('.sortable').forEach(function(elem) {
        elem.addEventListener('click',
            function() {
                sortColumn(elem);
            }, false);
    });
}

function sortTable(clicked, keyFunc) {
    const rows = findAll('.results-table-row');
    const reversed = !clicked.classList.contains('asc');
    const sortedRows = sort(rows, keyFunc, reversed);
    /* Whole table is removed here because browsers acts much slower
     * when appending existing elements.
     */
    const thead = document.getElementById('results-table-head');
    document.getElementById('results-table').remove();
    const parent = document.createElement('table');
    parent.id = 'results-table';
    parent.appendChild(thead);
    sortedRows.forEach(function(elem) {
        parent.appendChild(elem);
    });
    document.getElementsByTagName('BODY')[0].appendChild(parent);
}

function sort(items, keyFunc, reversed) {
    const sortArray = items.map(function(item, i) {
        return [keyFunc(item), i];
    });

    sortArray.sort(function(a, b) {
        const keyA = a[0];
        const keyB = b[0];

        if (keyA == keyB) return 0;

        if (reversed) {
            return keyA < keyB ? 1 : -1;
        } else {
            return keyA > keyB ? 1 : -1;
        }
    });

    return sortArray.map(function(item) {
        const index = item[1];
        return items[index];
    });
}

function keyAlpha(colIndex) {
    return function(elem) {
        return elem.childNodes[1].childNodes[colIndex].firstChild.data.toLowerCase();
    };
}

function keyLink(colIndex) {
    return function(elem) {
        const dataCell = elem.childNodes[1].childNodes[colIndex].firstChild;
        return dataCell == null ? '' : dataCell.innerText.toLowerCase();
    };
}

function keyResult(colIndex) {
    return function(elem) {
        const strings = ['Error', 'Failed', 'Rerun', 'XFailed', 'XPassed',
            'Skipped', 'Passed'];
        return strings.indexOf(elem.childNodes[1].childNodes[colIndex].firstChild.data);
    };
}

function resetSortHeaders() {
    findAll('.sort-icon').forEach(function(elem) {
        elem.parentNode.removeChild(elem);
    });
    findAll('.sortable').forEach(function(elem) {
        const icon = document.createElement('div');
        icon.className = 'sort-icon';
        icon.textContent = 'vvv';
        elem.insertBefore(icon, elem.firstChild);
        elem.classList.remove('desc', 'active');
        elem.classList.add('asc', 'inactive');
    });
}

function toggleSortStates(elem) {
    //if active, toggle between asc and desc
    if (elem.classList.contains('active')) {
        elem.classList.toggle('asc');
        elem.classList.toggle('desc');
    }

    //if inactive, reset all other functions and add ascending active
    if (elem.classList.contains('inactive')) {
        resetSortHeaders();
        elem.classList.remove('inactive');
        elem.classList.add('active');
    }
}

function isAllRowsHidden(value) {
    return value.hidden == false;
}

function filterTable(elem) { // eslint-disable-line no-unused-vars
    const outcomeAtt = 'data-test-result';
    const outcome = elem.getAttribute(outcomeAtt);
    const classOutcome = outcome + ' results-table-row';
    const outcomeRows = document.getElementsByClassName(classOutcome);

    for(let i = 0; i < outcomeRows.length; i++){
        outcomeRows[i].hidden = !elem.checked;
    }

    const rows = findAll('.results-table-row').filter(isAllRowsHidden);
    const allRowsHidden = rows.length == 0 ? true : false;
    const notFoundMessage = document.getElementById('not-found-message');
    notFoundMessage.hidden = !allRowsHidden;
}
</script>
    <h1>test.html</h1>
    <p>Report generated on 18-Dec-2020 at 23:05:49 by <a href="https://pypi.python.org/pypi/pytest-html">pytest-html</a> v3.1.1</p>
    <h2>Environment</h2>
    <table id="environment">
      <tr>
        <td>JAVA_HOME</td>
        <td>C:\Program Files\Java\jdk-14.0.2</td></tr>
      <tr>
        <td>Packages</td>
        <td>{"pluggy": "0.13.1", "py": "1.9.0", "pytest": "6.2.1"}</td></tr>
      <tr>
        <td>Platform</td>
        <td>Windows-10-10.0.18362-SP0</td></tr>
      <tr>
        <td>Plugins</td>
        <td>{"allure-pytest": "2.8.22", "bdd": "4.0.2", "fixtures": "0.1.0", "forked": "1.3.0", "html": "3.1.1", "metadata": "1.10.0", "ordering": "0.6", "rerunfailures": "9.1.1", "xdist": "2.1.0"}</td></tr>
      <tr>
        <td>Python</td>
        <td>3.8.2</td></tr></table>
    <h2>Summary</h2>
    <p>2 tests ran in 8.18 seconds. </p>
    <p class="filter" hidden="true">(Un)check the boxes to filter the results.</p><input checked="true" class="filter" data-test-result="passed" disabled="true" hidden="true" name="filter_checkbox" onChange="filterTable(this)" type="checkbox"/><span class="passed">0 passed</span>, <input checked="true" class="filter" data-test-result="skipped" disabled="true" hidden="true" name="filter_checkbox" onChange="filterTable(this)" type="checkbox"/><span class="skipped">0 skipped</span>, <input checked="true" class="filter" data-test-result="failed" hidden="true" name="filter_checkbox" onChange="filterTable(this)" type="checkbox"/><span class="failed">2 failed</span>, <input checked="true" class="filter" data-test-result="error" disabled="true" hidden="true" name="filter_checkbox" onChange="filterTable(this)" type="checkbox"/><span class="error">0 errors</span>, <input checked="true" class="filter" data-test-result="xfailed" disabled="true" hidden="true" name="filter_checkbox" onChange="filterTable(this)" type="checkbox"/><span class="xfailed">0 expected failures</span>, <input checked="true" class="filter" data-test-result="xpassed" disabled="true" hidden="true" name="filter_checkbox" onChange="filterTable(this)" type="checkbox"/><span class="xpassed">0 unexpected passes</span>, <input checked="true" class="filter" data-test-result="rerun" disabled="true" hidden="true" name="filter_checkbox" onChange="filterTable(this)" type="checkbox"/><span class="rerun">0 rerun</span>
    <h2>Results</h2>
    <table id="results-table">
      <thead id="results-table-head">
        <tr>
          <th class="sortable result initial-sort" col="result">Result</th>
          <th class="sortable" col="name">Test</th>
          <th class="sortable" col="duration">Duration</th>
          <th class="sortable links" col="links">Links</th></tr>
        <tr hidden="true" id="not-found-message">
          <th colspan="4">No results found. Try to check the filters</th></tr></thead>
      <tbody class="failed results-table-row">
        <tr>
          <td class="col-result">Failed</td>
          <td class="col-name">tests/test_suite_smoke/test_suite_SmokeTest.py::TestSortBy::test_sort_by_name</td>
          <td class="col-duration">4.92</td>
          <td class="col-links"></td></tr>
        <tr>
          <td class="extra" colspan="4">
            <div class="log">self = &lt;tests.test_individual.test_sort_by.TestSortBy testMethod=test_sort_by_name&gt;<br/><br/>    @pytest.mark.run(order=1)<br/>    def test_sort_by_name(self):<br/>        result = self.mb.mobile_sort_by_name()<br/>&gt;       self.ts.finalMark(testcase=&quot;Mobile Sort By test&quot;,result=result,resultMessage=&quot;Testing Mobile SOrt functionality&quot;)<br/><br/>tests\test_individual\test_sort_by.py:18: <br/>_ _ _ _ _ _ _ _ _ _ _ _ _ _ _ _ _ _ _ _ _ _ _ _ _ _ _ _ _ _ _ _ _ _ _ _ _ _ _ _ <br/><br/>self = &lt;utilities.mark_test_status.MarkTestStatus object at 0x046F1F70&gt;, testcase = &#x27;Mobile Sort By test&#x27;, result = False<br/>resultMessage = &#x27;Testing Mobile SOrt functionality&#x27;<br/><br/>    def finalMark(self, testcase, result, resultMessage):<br/>        self.setResult(result, resultMessage)<br/>    <br/>        if &quot;Fail&quot; in self.resultlist:<br/>            self.cl.error(testcase + &quot;### Test Failed&quot;)<br/>            self.resultlist.clear()<br/>&gt;           assert True == False<br/><span class="error">E           AssertionError</span><br/><br/>utilities\mark_test_status.py:47: AssertionError<br/> -------------------------------Captured log setup------------------------------- <br/>INFO     &lt;module&gt;:conftest.py:17 Launching browser :: Chrome
INFO     WebDriverFactory:WebDriverFactory.py:39 Launching the URL :: http://live.demoguru99.com/index.php/ on browser :: Chrome<br/> ------------------------------Captured stdout call------------------------------ <br/>[None, None, None]
<br/> ------------------------------Captured stderr call------------------------------ <br/>  File &quot;c:\users\a610037\appdata\local\programs\python\python38-32\lib\runpy.py&quot;, line 193, in _run_module_as_main
    return _run_code(code, main_globals, None,
  File &quot;c:\users\a610037\appdata\local\programs\python\python38-32\lib\runpy.py&quot;, line 86, in _run_code
    exec(code, run_globals)
  File &quot;C:\Users\A610037\AppData\Local\Programs\Python\Python38-32\Scripts\pytest.exe\__main__.py&quot;, line 7, in &lt;module&gt;
    sys.exit(console_main())
  File &quot;c:\users\a610037\appdata\local\programs\python\python38-32\lib\site-packages\_pytest\config\__init__.py&quot;, line 185, in console_main
    code = main()
  File &quot;c:\users\a610037\appdata\local\programs\python\python38-32\lib\site-packages\_pytest\config\__init__.py&quot;, line 162, in main
    ret: Union[ExitCode, int] = config.hook.pytest_cmdline_main(
  File &quot;c:\users\a610037\appdata\local\programs\python\python38-32\lib\site-packages\pluggy\hooks.py&quot;, line 286, in __call__
    return self._hookexec(self, self.get_hookimpls(), kwargs)
  File &quot;c:\users\a610037\appdata\local\programs\python\python38-32\lib\site-packages\pluggy\manager.py&quot;, line 93, in _hookexec
    return self._inner_hookexec(hook, methods, kwargs)
  File &quot;c:\users\a610037\appdata\local\programs\python\python38-32\lib\site-packages\pluggy\manager.py&quot;, line 84, in &lt;lambda&gt;
    self._inner_hookexec = lambda hook, methods, kwargs: hook.multicall(
  File &quot;c:\users\a610037\appdata\local\programs\python\python38-32\lib\site-packages\pluggy\callers.py&quot;, line 187, in _multicall
    res = hook_impl.function(*args)
  File &quot;c:\users\a610037\appdata\local\programs\python\python38-32\lib\site-packages\_pytest\main.py&quot;, line 316, in pytest_cmdline_main
    return wrap_session(config, _main)
  File &quot;c:\users\a610037\appdata\local\programs\python\python38-32\lib\site-packages\_pytest\main.py&quot;, line 269, in wrap_session
    session.exitstatus = doit(config, session) or 0
  File &quot;c:\users\a610037\appdata\local\programs\python\python38-32\lib\site-packages\_pytest\main.py&quot;, line 323, in _main
    config.hook.pytest_runtestloop(session=session)
  File &quot;c:\users\a610037\appdata\local\programs\python\python38-32\lib\site-packages\pluggy\hooks.py&quot;, line 286, in __call__
    return self._hookexec(self, self.get_hookimpls(), kwargs)
  File &quot;c:\users\a610037\appdata\local\programs\python\python38-32\lib\site-packages\pluggy\manager.py&quot;, line 93, in _hookexec
    return self._inner_hookexec(hook, methods, kwargs)
  File &quot;c:\users\a610037\appdata\local\programs\python\python38-32\lib\site-packages\pluggy\manager.py&quot;, line 84, in &lt;lambda&gt;
    self._inner_hookexec = lambda hook, methods, kwargs: hook.multicall(
  File &quot;c:\users\a610037\appdata\local\programs\python\python38-32\lib\site-packages\pluggy\callers.py&quot;, line 187, in _multicall
    res = hook_impl.function(*args)
  File &quot;c:\users\a610037\appdata\local\programs\python\python38-32\lib\site-packages\_pytest\main.py&quot;, line 348, in pytest_runtestloop
    item.config.hook.pytest_runtest_protocol(item=item, nextitem=nextitem)
  File &quot;c:\users\a610037\appdata\local\programs\python\python38-32\lib\site-packages\pluggy\hooks.py&quot;, line 286, in __call__
    return self._hookexec(self, self.get_hookimpls(), kwargs)
  File &quot;c:\users\a610037\appdata\local\programs\python\python38-32\lib\site-packages\pluggy\manager.py&quot;, line 93, in _hookexec
    return self._inner_hookexec(hook, methods, kwargs)
  File &quot;c:\users\a610037\appdata\local\programs\python\python38-32\lib\site-packages\pluggy\manager.py&quot;, line 84, in &lt;lambda&gt;
    self._inner_hookexec = lambda hook, methods, kwargs: hook.multicall(
  File &quot;c:\users\a610037\appdata\local\programs\python\python38-32\lib\site-packages\pluggy\callers.py&quot;, line 187, in _multicall
    res = hook_impl.function(*args)
  File &quot;c:\users\a610037\appdata\local\programs\python\python38-32\lib\site-packages\_pytest\runner.py&quot;, line 109, in pytest_runtest_protocol
    runtestprotocol(item, nextitem=nextitem)
  File &quot;c:\users\a610037\appdata\local\programs\python\python38-32\lib\site-packages\_pytest\runner.py&quot;, line 126, in runtestprotocol
    reports.append(call_and_report(item, &quot;call&quot;, log))
  File &quot;c:\users\a610037\appdata\local\programs\python\python38-32\lib\site-packages\_pytest\runner.py&quot;, line 215, in call_and_report
    call = call_runtest_hook(item, when, **kwds)
  File &quot;c:\users\a610037\appdata\local\programs\python\python38-32\lib\site-packages\_pytest\runner.py&quot;, line 254, in call_runtest_hook
    return CallInfo.from_call(
  File &quot;c:\users\a610037\appdata\local\programs\python\python38-32\lib\site-packages\_pytest\runner.py&quot;, line 311, in from_call
    result: Optional[TResult] = func()
  File &quot;c:\users\a610037\appdata\local\programs\python\python38-32\lib\site-packages\_pytest\runner.py&quot;, line 255, in &lt;lambda&gt;
    lambda: ihook(item=item, **kwds), when=when, reraise=reraise
  File &quot;c:\users\a610037\appdata\local\programs\python\python38-32\lib\site-packages\pluggy\hooks.py&quot;, line 286, in __call__
    return self._hookexec(self, self.get_hookimpls(), kwargs)
  File &quot;c:\users\a610037\appdata\local\programs\python\python38-32\lib\site-packages\pluggy\manager.py&quot;, line 93, in _hookexec
    return self._inner_hookexec(hook, methods, kwargs)
  File &quot;c:\users\a610037\appdata\local\programs\python\python38-32\lib\site-packages\pluggy\manager.py&quot;, line 84, in &lt;lambda&gt;
    self._inner_hookexec = lambda hook, methods, kwargs: hook.multicall(
  File &quot;c:\users\a610037\appdata\local\programs\python\python38-32\lib\site-packages\pluggy\callers.py&quot;, line 187, in _multicall
    res = hook_impl.function(*args)
  File &quot;c:\users\a610037\appdata\local\programs\python\python38-32\lib\site-packages\_pytest\runner.py&quot;, line 162, in pytest_runtest_call
    item.runtest()
  File &quot;c:\users\a610037\appdata\local\programs\python\python38-32\lib\site-packages\_pytest\unittest.py&quot;, line 321, in runtest
    self._testcase(result=self)  # type: ignore[arg-type]
  File &quot;c:\users\a610037\appdata\local\programs\python\python38-32\lib\unittest\case.py&quot;, line 736, in __call__
    return self.run(*args, **kwds)
  File &quot;c:\users\a610037\appdata\local\programs\python\python38-32\lib\unittest\case.py&quot;, line 676, in run
    self._callTestMethod(testMethod)
  File &quot;c:\users\a610037\appdata\local\programs\python\python38-32\lib\unittest\case.py&quot;, line 633, in _callTestMethod
    method()
  File &quot;C:\Users\A610037\PycharmProjects\git-selenium-framework2\tests\test_individual\test_sort_by.py&quot;, line 17, in test_sort_by_name
    result = self.mb.mobile_sort_by_name()
  File &quot;C:\Users\A610037\PycharmProjects\git-selenium-framework2\pages\mobile_page\mobile_page.py&quot;, line 96, in mobile_sort_by_name
    self.sort_by_name()
  File &quot;C:\Users\A610037\PycharmProjects\git-selenium-framework2\pages\mobile_page\mobile_page.py&quot;, line 47, in sort_by_name
    self.get_element_dropdown_value(locator=self._sort,locatorType=&quot;xpath&quot;,selectType=&#x27;text&#x27;,value=&quot;Name&quot;)
  File &quot;C:\Users\A610037\PycharmProjects\git-selenium-framework2\base\selenium_driver.py&quot;, line 81, in get_element_dropdown_value
    element = self.findElement(locator, locatorType)
  File &quot;C:\Users\A610037\PycharmProjects\git-selenium-framework2\base\selenium_driver.py&quot;, line 61, in findElement
    print_stack()
  File &quot;c:\users\a610037\appdata\local\programs\python\python38-32\lib\runpy.py&quot;, line 193, in _run_module_as_main
    return _run_code(code, main_globals, None,
  File &quot;c:\users\a610037\appdata\local\programs\python\python38-32\lib\runpy.py&quot;, line 86, in _run_code
    exec(code, run_globals)
  File &quot;C:\Users\A610037\AppData\Local\Programs\Python\Python38-32\Scripts\pytest.exe\__main__.py&quot;, line 7, in &lt;module&gt;
    sys.exit(console_main())
  File &quot;c:\users\a610037\appdata\local\programs\python\python38-32\lib\site-packages\_pytest\config\__init__.py&quot;, line 185, in console_main
    code = main()
  File &quot;c:\users\a610037\appdata\local\programs\python\python38-32\lib\site-packages\_pytest\config\__init__.py&quot;, line 162, in main
    ret: Union[ExitCode, int] = config.hook.pytest_cmdline_main(
  File &quot;c:\users\a610037\appdata\local\programs\python\python38-32\lib\site-packages\pluggy\hooks.py&quot;, line 286, in __call__
    return self._hookexec(self, self.get_hookimpls(), kwargs)
  File &quot;c:\users\a610037\appdata\local\programs\python\python38-32\lib\site-packages\pluggy\manager.py&quot;, line 93, in _hookexec
    return self._inner_hookexec(hook, methods, kwargs)
  File &quot;c:\users\a610037\appdata\local\programs\python\python38-32\lib\site-packages\pluggy\manager.py&quot;, line 84, in &lt;lambda&gt;
    self._inner_hookexec = lambda hook, methods, kwargs: hook.multicall(
  File &quot;c:\users\a610037\appdata\local\programs\python\python38-32\lib\site-packages\pluggy\callers.py&quot;, line 187, in _multicall
    res = hook_impl.function(*args)
  File &quot;c:\users\a610037\appdata\local\programs\python\python38-32\lib\site-packages\_pytest\main.py&quot;, line 316, in pytest_cmdline_main
    return wrap_session(config, _main)
  File &quot;c:\users\a610037\appdata\local\programs\python\python38-32\lib\site-packages\_pytest\main.py&quot;, line 269, in wrap_session
    session.exitstatus = doit(config, session) or 0
  File &quot;c:\users\a610037\appdata\local\programs\python\python38-32\lib\site-packages\_pytest\main.py&quot;, line 323, in _main
    config.hook.pytest_runtestloop(session=session)
  File &quot;c:\users\a610037\appdata\local\programs\python\python38-32\lib\site-packages\pluggy\hooks.py&quot;, line 286, in __call__
    return self._hookexec(self, self.get_hookimpls(), kwargs)
  File &quot;c:\users\a610037\appdata\local\programs\python\python38-32\lib\site-packages\pluggy\manager.py&quot;, line 93, in _hookexec
    return self._inner_hookexec(hook, methods, kwargs)
  File &quot;c:\users\a610037\appdata\local\programs\python\python38-32\lib\site-packages\pluggy\manager.py&quot;, line 84, in &lt;lambda&gt;
    self._inner_hookexec = lambda hook, methods, kwargs: hook.multicall(
  File &quot;c:\users\a610037\appdata\local\programs\python\python38-32\lib\site-packages\pluggy\callers.py&quot;, line 187, in _multicall
    res = hook_impl.function(*args)
  File &quot;c:\users\a610037\appdata\local\programs\python\python38-32\lib\site-packages\_pytest\main.py&quot;, line 348, in pytest_runtestloop
    item.config.hook.pytest_runtest_protocol(item=item, nextitem=nextitem)
  File &quot;c:\users\a610037\appdata\local\programs\python\python38-32\lib\site-packages\pluggy\hooks.py&quot;, line 286, in __call__
    return self._hookexec(self, self.get_hookimpls(), kwargs)
  File &quot;c:\users\a610037\appdata\local\programs\python\python38-32\lib\site-packages\pluggy\manager.py&quot;, line 93, in _hookexec
    return self._inner_hookexec(hook, methods, kwargs)
  File &quot;c:\users\a610037\appdata\local\programs\python\python38-32\lib\site-packages\pluggy\manager.py&quot;, line 84, in &lt;lambda&gt;
    self._inner_hookexec = lambda hook, methods, kwargs: hook.multicall(
  File &quot;c:\users\a610037\appdata\local\programs\python\python38-32\lib\site-packages\pluggy\callers.py&quot;, line 187, in _multicall
    res = hook_impl.function(*args)
  File &quot;c:\users\a610037\appdata\local\programs\python\python38-32\lib\site-packages\_pytest\runner.py&quot;, line 109, in pytest_runtest_protocol
    runtestprotocol(item, nextitem=nextitem)
  File &quot;c:\users\a610037\appdata\local\programs\python\python38-32\lib\site-packages\_pytest\runner.py&quot;, line 126, in runtestprotocol
    reports.append(call_and_report(item, &quot;call&quot;, log))
  File &quot;c:\users\a610037\appdata\local\programs\python\python38-32\lib\site-packages\_pytest\runner.py&quot;, line 215, in call_and_report
    call = call_runtest_hook(item, when, **kwds)
  File &quot;c:\users\a610037\appdata\local\programs\python\python38-32\lib\site-packages\_pytest\runner.py&quot;, line 254, in call_runtest_hook
    return CallInfo.from_call(
  File &quot;c:\users\a610037\appdata\local\programs\python\python38-32\lib\site-packages\_pytest\runner.py&quot;, line 311, in from_call
    result: Optional[TResult] = func()
  File &quot;c:\users\a610037\appdata\local\programs\python\python38-32\lib\site-packages\_pytest\runner.py&quot;, line 255, in &lt;lambda&gt;
    lambda: ihook(item=item, **kwds), when=when, reraise=reraise
  File &quot;c:\users\a610037\appdata\local\programs\python\python38-32\lib\site-packages\pluggy\hooks.py&quot;, line 286, in __call__
    return self._hookexec(self, self.get_hookimpls(), kwargs)
  File &quot;c:\users\a610037\appdata\local\programs\python\python38-32\lib\site-packages\pluggy\manager.py&quot;, line 93, in _hookexec
    return self._inner_hookexec(hook, methods, kwargs)
  File &quot;c:\users\a610037\appdata\local\programs\python\python38-32\lib\site-packages\pluggy\manager.py&quot;, line 84, in &lt;lambda&gt;
    self._inner_hookexec = lambda hook, methods, kwargs: hook.multicall(
  File &quot;c:\users\a610037\appdata\local\programs\python\python38-32\lib\site-packages\pluggy\callers.py&quot;, line 187, in _multicall
    res = hook_impl.function(*args)
  File &quot;c:\users\a610037\appdata\local\programs\python\python38-32\lib\site-packages\_pytest\runner.py&quot;, line 162, in pytest_runtest_call
    item.runtest()
  File &quot;c:\users\a610037\appdata\local\programs\python\python38-32\lib\site-packages\_pytest\unittest.py&quot;, line 321, in runtest
    self._testcase(result=self)  # type: ignore[arg-type]
  File &quot;c:\users\a610037\appdata\local\programs\python\python38-32\lib\unittest\case.py&quot;, line 736, in __call__
    return self.run(*args, **kwds)
  File &quot;c:\users\a610037\appdata\local\programs\python\python38-32\lib\unittest\case.py&quot;, line 676, in run
    self._callTestMethod(testMethod)
  File &quot;c:\users\a610037\appdata\local\programs\python\python38-32\lib\unittest\case.py&quot;, line 633, in _callTestMethod
    method()
  File &quot;C:\Users\A610037\PycharmProjects\git-selenium-framework2\tests\test_individual\test_sort_by.py&quot;, line 17, in test_sort_by_name
    result = self.mb.mobile_sort_by_name()
  File &quot;C:\Users\A610037\PycharmProjects\git-selenium-framework2\pages\mobile_page\mobile_page.py&quot;, line 96, in mobile_sort_by_name
    self.sort_by_name()
  File &quot;C:\Users\A610037\PycharmProjects\git-selenium-framework2\pages\mobile_page\mobile_page.py&quot;, line 47, in sort_by_name
    self.get_element_dropdown_value(locator=self._sort,locatorType=&quot;xpath&quot;,selectType=&#x27;text&#x27;,value=&quot;Name&quot;)
  File &quot;C:\Users\A610037\PycharmProjects\git-selenium-framework2\base\selenium_driver.py&quot;, line 98, in get_element_dropdown_value
    print_stack()
  File &quot;c:\users\a610037\appdata\local\programs\python\python38-32\lib\runpy.py&quot;, line 193, in _run_module_as_main
    return _run_code(code, main_globals, None,
  File &quot;c:\users\a610037\appdata\local\programs\python\python38-32\lib\runpy.py&quot;, line 86, in _run_code
    exec(code, run_globals)
  File &quot;C:\Users\A610037\AppData\Local\Programs\Python\Python38-32\Scripts\pytest.exe\__main__.py&quot;, line 7, in &lt;module&gt;
    sys.exit(console_main())
  File &quot;c:\users\a610037\appdata\local\programs\python\python38-32\lib\site-packages\_pytest\config\__init__.py&quot;, line 185, in console_main
    code = main()
  File &quot;c:\users\a610037\appdata\local\programs\python\python38-32\lib\site-packages\_pytest\config\__init__.py&quot;, line 162, in main
    ret: Union[ExitCode, int] = config.hook.pytest_cmdline_main(
  File &quot;c:\users\a610037\appdata\local\programs\python\python38-32\lib\site-packages\pluggy\hooks.py&quot;, line 286, in __call__
    return self._hookexec(self, self.get_hookimpls(), kwargs)
  File &quot;c:\users\a610037\appdata\local\programs\python\python38-32\lib\site-packages\pluggy\manager.py&quot;, line 93, in _hookexec
    return self._inner_hookexec(hook, methods, kwargs)
  File &quot;c:\users\a610037\appdata\local\programs\python\python38-32\lib\site-packages\pluggy\manager.py&quot;, line 84, in &lt;lambda&gt;
    self._inner_hookexec = lambda hook, methods, kwargs: hook.multicall(
  File &quot;c:\users\a610037\appdata\local\programs\python\python38-32\lib\site-packages\pluggy\callers.py&quot;, line 187, in _multicall
    res = hook_impl.function(*args)
  File &quot;c:\users\a610037\appdata\local\programs\python\python38-32\lib\site-packages\_pytest\main.py&quot;, line 316, in pytest_cmdline_main
    return wrap_session(config, _main)
  File &quot;c:\users\a610037\appdata\local\programs\python\python38-32\lib\site-packages\_pytest\main.py&quot;, line 269, in wrap_session
    session.exitstatus = doit(config, session) or 0
  File &quot;c:\users\a610037\appdata\local\programs\python\python38-32\lib\site-packages\_pytest\main.py&quot;, line 323, in _main
    config.hook.pytest_runtestloop(session=session)
  File &quot;c:\users\a610037\appdata\local\programs\python\python38-32\lib\site-packages\pluggy\hooks.py&quot;, line 286, in __call__
    return self._hookexec(self, self.get_hookimpls(), kwargs)
  File &quot;c:\users\a610037\appdata\local\programs\python\python38-32\lib\site-packages\pluggy\manager.py&quot;, line 93, in _hookexec
    return self._inner_hookexec(hook, methods, kwargs)
  File &quot;c:\users\a610037\appdata\local\programs\python\python38-32\lib\site-packages\pluggy\manager.py&quot;, line 84, in &lt;lambda&gt;
    self._inner_hookexec = lambda hook, methods, kwargs: hook.multicall(
  File &quot;c:\users\a610037\appdata\local\programs\python\python38-32\lib\site-packages\pluggy\callers.py&quot;, line 187, in _multicall
    res = hook_impl.function(*args)
  File &quot;c:\users\a610037\appdata\local\programs\python\python38-32\lib\site-packages\_pytest\main.py&quot;, line 348, in pytest_runtestloop
    item.config.hook.pytest_runtest_protocol(item=item, nextitem=nextitem)
  File &quot;c:\users\a610037\appdata\local\programs\python\python38-32\lib\site-packages\pluggy\hooks.py&quot;, line 286, in __call__
    return self._hookexec(self, self.get_hookimpls(), kwargs)
  File &quot;c:\users\a610037\appdata\local\programs\python\python38-32\lib\site-packages\pluggy\manager.py&quot;, line 93, in _hookexec
    return self._inner_hookexec(hook, methods, kwargs)
  File &quot;c:\users\a610037\appdata\local\programs\python\python38-32\lib\site-packages\pluggy\manager.py&quot;, line 84, in &lt;lambda&gt;
    self._inner_hookexec = lambda hook, methods, kwargs: hook.multicall(
  File &quot;c:\users\a610037\appdata\local\programs\python\python38-32\lib\site-packages\pluggy\callers.py&quot;, line 187, in _multicall
    res = hook_impl.function(*args)
  File &quot;c:\users\a610037\appdata\local\programs\python\python38-32\lib\site-packages\_pytest\runner.py&quot;, line 109, in pytest_runtest_protocol
    runtestprotocol(item, nextitem=nextitem)
  File &quot;c:\users\a610037\appdata\local\programs\python\python38-32\lib\site-packages\_pytest\runner.py&quot;, line 126, in runtestprotocol
    reports.append(call_and_report(item, &quot;call&quot;, log))
  File &quot;c:\users\a610037\appdata\local\programs\python\python38-32\lib\site-packages\_pytest\runner.py&quot;, line 215, in call_and_report
    call = call_runtest_hook(item, when, **kwds)
  File &quot;c:\users\a610037\appdata\local\programs\python\python38-32\lib\site-packages\_pytest\runner.py&quot;, line 254, in call_runtest_hook
    return CallInfo.from_call(
  File &quot;c:\users\a610037\appdata\local\programs\python\python38-32\lib\site-packages\_pytest\runner.py&quot;, line 311, in from_call
    result: Optional[TResult] = func()
  File &quot;c:\users\a610037\appdata\local\programs\python\python38-32\lib\site-packages\_pytest\runner.py&quot;, line 255, in &lt;lambda&gt;
    lambda: ihook(item=item, **kwds), when=when, reraise=reraise
  File &quot;c:\users\a610037\appdata\local\programs\python\python38-32\lib\site-packages\pluggy\hooks.py&quot;, line 286, in __call__
    return self._hookexec(self, self.get_hookimpls(), kwargs)
  File &quot;c:\users\a610037\appdata\local\programs\python\python38-32\lib\site-packages\pluggy\manager.py&quot;, line 93, in _hookexec
    return self._inner_hookexec(hook, methods, kwargs)
  File &quot;c:\users\a610037\appdata\local\programs\python\python38-32\lib\site-packages\pluggy\manager.py&quot;, line 84, in &lt;lambda&gt;
    self._inner_hookexec = lambda hook, methods, kwargs: hook.multicall(
  File &quot;c:\users\a610037\appdata\local\programs\python\python38-32\lib\site-packages\pluggy\callers.py&quot;, line 187, in _multicall
    res = hook_impl.function(*args)
  File &quot;c:\users\a610037\appdata\local\programs\python\python38-32\lib\site-packages\_pytest\runner.py&quot;, line 162, in pytest_runtest_call
    item.runtest()
  File &quot;c:\users\a610037\appdata\local\programs\python\python38-32\lib\site-packages\_pytest\unittest.py&quot;, line 321, in runtest
    self._testcase(result=self)  # type: ignore[arg-type]
  File &quot;c:\users\a610037\appdata\local\programs\python\python38-32\lib\unittest\case.py&quot;, line 736, in __call__
    return self.run(*args, **kwds)
  File &quot;c:\users\a610037\appdata\local\programs\python\python38-32\lib\unittest\case.py&quot;, line 676, in run
    self._callTestMethod(testMethod)
  File &quot;c:\users\a610037\appdata\local\programs\python\python38-32\lib\unittest\case.py&quot;, line 633, in _callTestMethod
    method()
  File &quot;C:\Users\A610037\PycharmProjects\git-selenium-framework2\tests\test_individual\test_sort_by.py&quot;, line 17, in test_sort_by_name
    result = self.mb.mobile_sort_by_name()
  File &quot;C:\Users\A610037\PycharmProjects\git-selenium-framework2\pages\mobile_page\mobile_page.py&quot;, line 97, in mobile_sort_by_name
    return self.sort_result_name()
  File &quot;C:\Users\A610037\PycharmProjects\git-selenium-framework2\pages\mobile_page\mobile_page.py&quot;, line 55, in sort_result_name
    sort_result_list = [self.getText(self._Iphone,&quot;link&quot;),self.getText(self._samsung,&quot;link&quot;),self.getText(self._sony,&quot;link&quot;)]
  File &quot;C:\Users\A610037\PycharmProjects\git-selenium-framework2\base\selenium_driver.py&quot;, line 126, in getText
    element = self.findElement(locator, locatorType)
  File &quot;C:\Users\A610037\PycharmProjects\git-selenium-framework2\base\selenium_driver.py&quot;, line 61, in findElement
    print_stack()
  File &quot;c:\users\a610037\appdata\local\programs\python\python38-32\lib\runpy.py&quot;, line 193, in _run_module_as_main
    return _run_code(code, main_globals, None,
  File &quot;c:\users\a610037\appdata\local\programs\python\python38-32\lib\runpy.py&quot;, line 86, in _run_code
    exec(code, run_globals)
  File &quot;C:\Users\A610037\AppData\Local\Programs\Python\Python38-32\Scripts\pytest.exe\__main__.py&quot;, line 7, in &lt;module&gt;
    sys.exit(console_main())
  File &quot;c:\users\a610037\appdata\local\programs\python\python38-32\lib\site-packages\_pytest\config\__init__.py&quot;, line 185, in console_main
    code = main()
  File &quot;c:\users\a610037\appdata\local\programs\python\python38-32\lib\site-packages\_pytest\config\__init__.py&quot;, line 162, in main
    ret: Union[ExitCode, int] = config.hook.pytest_cmdline_main(
  File &quot;c:\users\a610037\appdata\local\programs\python\python38-32\lib\site-packages\pluggy\hooks.py&quot;, line 286, in __call__
    return self._hookexec(self, self.get_hookimpls(), kwargs)
  File &quot;c:\users\a610037\appdata\local\programs\python\python38-32\lib\site-packages\pluggy\manager.py&quot;, line 93, in _hookexec
    return self._inner_hookexec(hook, methods, kwargs)
  File &quot;c:\users\a610037\appdata\local\programs\python\python38-32\lib\site-packages\pluggy\manager.py&quot;, line 84, in &lt;lambda&gt;
    self._inner_hookexec = lambda hook, methods, kwargs: hook.multicall(
  File &quot;c:\users\a610037\appdata\local\programs\python\python38-32\lib\site-packages\pluggy\callers.py&quot;, line 187, in _multicall
    res = hook_impl.function(*args)
  File &quot;c:\users\a610037\appdata\local\programs\python\python38-32\lib\site-packages\_pytest\main.py&quot;, line 316, in pytest_cmdline_main
    return wrap_session(config, _main)
  File &quot;c:\users\a610037\appdata\local\programs\python\python38-32\lib\site-packages\_pytest\main.py&quot;, line 269, in wrap_session
    session.exitstatus = doit(config, session) or 0
  File &quot;c:\users\a610037\appdata\local\programs\python\python38-32\lib\site-packages\_pytest\main.py&quot;, line 323, in _main
    config.hook.pytest_runtestloop(session=session)
  File &quot;c:\users\a610037\appdata\local\programs\python\python38-32\lib\site-packages\pluggy\hooks.py&quot;, line 286, in __call__
    return self._hookexec(self, self.get_hookimpls(), kwargs)
  File &quot;c:\users\a610037\appdata\local\programs\python\python38-32\lib\site-packages\pluggy\manager.py&quot;, line 93, in _hookexec
    return self._inner_hookexec(hook, methods, kwargs)
  File &quot;c:\users\a610037\appdata\local\programs\python\python38-32\lib\site-packages\pluggy\manager.py&quot;, line 84, in &lt;lambda&gt;
    self._inner_hookexec = lambda hook, methods, kwargs: hook.multicall(
  File &quot;c:\users\a610037\appdata\local\programs\python\python38-32\lib\site-packages\pluggy\callers.py&quot;, line 187, in _multicall
    res = hook_impl.function(*args)
  File &quot;c:\users\a610037\appdata\local\programs\python\python38-32\lib\site-packages\_pytest\main.py&quot;, line 348, in pytest_runtestloop
    item.config.hook.pytest_runtest_protocol(item=item, nextitem=nextitem)
  File &quot;c:\users\a610037\appdata\local\programs\python\python38-32\lib\site-packages\pluggy\hooks.py&quot;, line 286, in __call__
    return self._hookexec(self, self.get_hookimpls(), kwargs)
  File &quot;c:\users\a610037\appdata\local\programs\python\python38-32\lib\site-packages\pluggy\manager.py&quot;, line 93, in _hookexec
    return self._inner_hookexec(hook, methods, kwargs)
  File &quot;c:\users\a610037\appdata\local\programs\python\python38-32\lib\site-packages\pluggy\manager.py&quot;, line 84, in &lt;lambda&gt;
    self._inner_hookexec = lambda hook, methods, kwargs: hook.multicall(
  File &quot;c:\users\a610037\appdata\local\programs\python\python38-32\lib\site-packages\pluggy\callers.py&quot;, line 187, in _multicall
    res = hook_impl.function(*args)
  File &quot;c:\users\a610037\appdata\local\programs\python\python38-32\lib\site-packages\_pytest\runner.py&quot;, line 109, in pytest_runtest_protocol
    runtestprotocol(item, nextitem=nextitem)
  File &quot;c:\users\a610037\appdata\local\programs\python\python38-32\lib\site-packages\_pytest\runner.py&quot;, line 126, in runtestprotocol
    reports.append(call_and_report(item, &quot;call&quot;, log))
  File &quot;c:\users\a610037\appdata\local\programs\python\python38-32\lib\site-packages\_pytest\runner.py&quot;, line 215, in call_and_report
    call = call_runtest_hook(item, when, **kwds)
  File &quot;c:\users\a610037\appdata\local\programs\python\python38-32\lib\site-packages\_pytest\runner.py&quot;, line 254, in call_runtest_hook
    return CallInfo.from_call(
  File &quot;c:\users\a610037\appdata\local\programs\python\python38-32\lib\site-packages\_pytest\runner.py&quot;, line 311, in from_call
    result: Optional[TResult] = func()
  File &quot;c:\users\a610037\appdata\local\programs\python\python38-32\lib\site-packages\_pytest\runner.py&quot;, line 255, in &lt;lambda&gt;
    lambda: ihook(item=item, **kwds), when=when, reraise=reraise
  File &quot;c:\users\a610037\appdata\local\programs\python\python38-32\lib\site-packages\pluggy\hooks.py&quot;, line 286, in __call__
    return self._hookexec(self, self.get_hookimpls(), kwargs)
  File &quot;c:\users\a610037\appdata\local\programs\python\python38-32\lib\site-packages\pluggy\manager.py&quot;, line 93, in _hookexec
    return self._inner_hookexec(hook, methods, kwargs)
  File &quot;c:\users\a610037\appdata\local\programs\python\python38-32\lib\site-packages\pluggy\manager.py&quot;, line 84, in &lt;lambda&gt;
    self._inner_hookexec = lambda hook, methods, kwargs: hook.multicall(
  File &quot;c:\users\a610037\appdata\local\programs\python\python38-32\lib\site-packages\pluggy\callers.py&quot;, line 187, in _multicall
    res = hook_impl.function(*args)
  File &quot;c:\users\a610037\appdata\local\programs\python\python38-32\lib\site-packages\_pytest\runner.py&quot;, line 162, in pytest_runtest_call
    item.runtest()
  File &quot;c:\users\a610037\appdata\local\programs\python\python38-32\lib\site-packages\_pytest\unittest.py&quot;, line 321, in runtest
    self._testcase(result=self)  # type: ignore[arg-type]
  File &quot;c:\users\a610037\appdata\local\programs\python\python38-32\lib\unittest\case.py&quot;, line 736, in __call__
    return self.run(*args, **kwds)
  File &quot;c:\users\a610037\appdata\local\programs\python\python38-32\lib\unittest\case.py&quot;, line 676, in run
    self._callTestMethod(testMethod)
  File &quot;c:\users\a610037\appdata\local\programs\python\python38-32\lib\unittest\case.py&quot;, line 633, in _callTestMethod
    method()
  File &quot;C:\Users\A610037\PycharmProjects\git-selenium-framework2\tests\test_individual\test_sort_by.py&quot;, line 17, in test_sort_by_name
    result = self.mb.mobile_sort_by_name()
  File &quot;C:\Users\A610037\PycharmProjects\git-selenium-framework2\pages\mobile_page\mobile_page.py&quot;, line 97, in mobile_sort_by_name
    return self.sort_result_name()
  File &quot;C:\Users\A610037\PycharmProjects\git-selenium-framework2\pages\mobile_page\mobile_page.py&quot;, line 55, in sort_result_name
    sort_result_list = [self.getText(self._Iphone,&quot;link&quot;),self.getText(self._samsung,&quot;link&quot;),self.getText(self._sony,&quot;link&quot;)]
  File &quot;C:\Users\A610037\PycharmProjects\git-selenium-framework2\base\selenium_driver.py&quot;, line 133, in getText
    print_stack()
  File &quot;c:\users\a610037\appdata\local\programs\python\python38-32\lib\runpy.py&quot;, line 193, in _run_module_as_main
    return _run_code(code, main_globals, None,
  File &quot;c:\users\a610037\appdata\local\programs\python\python38-32\lib\runpy.py&quot;, line 86, in _run_code
    exec(code, run_globals)
  File &quot;C:\Users\A610037\AppData\Local\Programs\Python\Python38-32\Scripts\pytest.exe\__main__.py&quot;, line 7, in &lt;module&gt;
    sys.exit(console_main())
  File &quot;c:\users\a610037\appdata\local\programs\python\python38-32\lib\site-packages\_pytest\config\__init__.py&quot;, line 185, in console_main
    code = main()
  File &quot;c:\users\a610037\appdata\local\programs\python\python38-32\lib\site-packages\_pytest\config\__init__.py&quot;, line 162, in main
    ret: Union[ExitCode, int] = config.hook.pytest_cmdline_main(
  File &quot;c:\users\a610037\appdata\local\programs\python\python38-32\lib\site-packages\pluggy\hooks.py&quot;, line 286, in __call__
    return self._hookexec(self, self.get_hookimpls(), kwargs)
  File &quot;c:\users\a610037\appdata\local\programs\python\python38-32\lib\site-packages\pluggy\manager.py&quot;, line 93, in _hookexec
    return self._inner_hookexec(hook, methods, kwargs)
  File &quot;c:\users\a610037\appdata\local\programs\python\python38-32\lib\site-packages\pluggy\manager.py&quot;, line 84, in &lt;lambda&gt;
    self._inner_hookexec = lambda hook, methods, kwargs: hook.multicall(
  File &quot;c:\users\a610037\appdata\local\programs\python\python38-32\lib\site-packages\pluggy\callers.py&quot;, line 187, in _multicall
    res = hook_impl.function(*args)
  File &quot;c:\users\a610037\appdata\local\programs\python\python38-32\lib\site-packages\_pytest\main.py&quot;, line 316, in pytest_cmdline_main
    return wrap_session(config, _main)
  File &quot;c:\users\a610037\appdata\local\programs\python\python38-32\lib\site-packages\_pytest\main.py&quot;, line 269, in wrap_session
    session.exitstatus = doit(config, session) or 0
  File &quot;c:\users\a610037\appdata\local\programs\python\python38-32\lib\site-packages\_pytest\main.py&quot;, line 323, in _main
    config.hook.pytest_runtestloop(session=session)
  File &quot;c:\users\a610037\appdata\local\programs\python\python38-32\lib\site-packages\pluggy\hooks.py&quot;, line 286, in __call__
    return self._hookexec(self, self.get_hookimpls(), kwargs)
  File &quot;c:\users\a610037\appdata\local\programs\python\python38-32\lib\site-packages\pluggy\manager.py&quot;, line 93, in _hookexec
    return self._inner_hookexec(hook, methods, kwargs)
  File &quot;c:\users\a610037\appdata\local\programs\python\python38-32\lib\site-packages\pluggy\manager.py&quot;, line 84, in &lt;lambda&gt;
    self._inner_hookexec = lambda hook, methods, kwargs: hook.multicall(
  File &quot;c:\users\a610037\appdata\local\programs\python\python38-32\lib\site-packages\pluggy\callers.py&quot;, line 187, in _multicall
    res = hook_impl.function(*args)
  File &quot;c:\users\a610037\appdata\local\programs\python\python38-32\lib\site-packages\_pytest\main.py&quot;, line 348, in pytest_runtestloop
    item.config.hook.pytest_runtest_protocol(item=item, nextitem=nextitem)
  File &quot;c:\users\a610037\appdata\local\programs\python\python38-32\lib\site-packages\pluggy\hooks.py&quot;, line 286, in __call__
    return self._hookexec(self, self.get_hookimpls(), kwargs)
  File &quot;c:\users\a610037\appdata\local\programs\python\python38-32\lib\site-packages\pluggy\manager.py&quot;, line 93, in _hookexec
    return self._inner_hookexec(hook, methods, kwargs)
  File &quot;c:\users\a610037\appdata\local\programs\python\python38-32\lib\site-packages\pluggy\manager.py&quot;, line 84, in &lt;lambda&gt;
    self._inner_hookexec = lambda hook, methods, kwargs: hook.multicall(
  File &quot;c:\users\a610037\appdata\local\programs\python\python38-32\lib\site-packages\pluggy\callers.py&quot;, line 187, in _multicall
    res = hook_impl.function(*args)
  File &quot;c:\users\a610037\appdata\local\programs\python\python38-32\lib\site-packages\_pytest\runner.py&quot;, line 109, in pytest_runtest_protocol
    runtestprotocol(item, nextitem=nextitem)
  File &quot;c:\users\a610037\appdata\local\programs\python\python38-32\lib\site-packages\_pytest\runner.py&quot;, line 126, in runtestprotocol
    reports.append(call_and_report(item, &quot;call&quot;, log))
  File &quot;c:\users\a610037\appdata\local\programs\python\python38-32\lib\site-packages\_pytest\runner.py&quot;, line 215, in call_and_report
    call = call_runtest_hook(item, when, **kwds)
  File &quot;c:\users\a610037\appdata\local\programs\python\python38-32\lib\site-packages\_pytest\runner.py&quot;, line 254, in call_runtest_hook
    return CallInfo.from_call(
  File &quot;c:\users\a610037\appdata\local\programs\python\python38-32\lib\site-packages\_pytest\runner.py&quot;, line 311, in from_call
    result: Optional[TResult] = func()
  File &quot;c:\users\a610037\appdata\local\programs\python\python38-32\lib\site-packages\_pytest\runner.py&quot;, line 255, in &lt;lambda&gt;
    lambda: ihook(item=item, **kwds), when=when, reraise=reraise
  File &quot;c:\users\a610037\appdata\local\programs\python\python38-32\lib\site-packages\pluggy\hooks.py&quot;, line 286, in __call__
    return self._hookexec(self, self.get_hookimpls(), kwargs)
  File &quot;c:\users\a610037\appdata\local\programs\python\python38-32\lib\site-packages\pluggy\manager.py&quot;, line 93, in _hookexec
    return self._inner_hookexec(hook, methods, kwargs)
  File &quot;c:\users\a610037\appdata\local\programs\python\python38-32\lib\site-packages\pluggy\manager.py&quot;, line 84, in &lt;lambda&gt;
    self._inner_hookexec = lambda hook, methods, kwargs: hook.multicall(
  File &quot;c:\users\a610037\appdata\local\programs\python\python38-32\lib\site-packages\pluggy\callers.py&quot;, line 187, in _multicall
    res = hook_impl.function(*args)
  File &quot;c:\users\a610037\appdata\local\programs\python\python38-32\lib\site-packages\_pytest\runner.py&quot;, line 162, in pytest_runtest_call
    item.runtest()
  File &quot;c:\users\a610037\appdata\local\programs\python\python38-32\lib\site-packages\_pytest\unittest.py&quot;, line 321, in runtest
    self._testcase(result=self)  # type: ignore[arg-type]
  File &quot;c:\users\a610037\appdata\local\programs\python\python38-32\lib\unittest\case.py&quot;, line 736, in __call__
    return self.run(*args, **kwds)
  File &quot;c:\users\a610037\appdata\local\programs\python\python38-32\lib\unittest\case.py&quot;, line 676, in run
    self._callTestMethod(testMethod)
  File &quot;c:\users\a610037\appdata\local\programs\python\python38-32\lib\unittest\case.py&quot;, line 633, in _callTestMethod
    method()
  File &quot;C:\Users\A610037\PycharmProjects\git-selenium-framework2\tests\test_individual\test_sort_by.py&quot;, line 17, in test_sort_by_name
    result = self.mb.mobile_sort_by_name()
  File &quot;C:\Users\A610037\PycharmProjects\git-selenium-framework2\pages\mobile_page\mobile_page.py&quot;, line 97, in mobile_sort_by_name
    return self.sort_result_name()
  File &quot;C:\Users\A610037\PycharmProjects\git-selenium-framework2\pages\mobile_page\mobile_page.py&quot;, line 55, in sort_result_name
    sort_result_list = [self.getText(self._Iphone,&quot;link&quot;),self.getText(self._samsung,&quot;link&quot;),self.getText(self._sony,&quot;link&quot;)]
  File &quot;C:\Users\A610037\PycharmProjects\git-selenium-framework2\base\selenium_driver.py&quot;, line 126, in getText
    element = self.findElement(locator, locatorType)
  File &quot;C:\Users\A610037\PycharmProjects\git-selenium-framework2\base\selenium_driver.py&quot;, line 61, in findElement
    print_stack()
  File &quot;c:\users\a610037\appdata\local\programs\python\python38-32\lib\runpy.py&quot;, line 193, in _run_module_as_main
    return _run_code(code, main_globals, None,
  File &quot;c:\users\a610037\appdata\local\programs\python\python38-32\lib\runpy.py&quot;, line 86, in _run_code
    exec(code, run_globals)
  File &quot;C:\Users\A610037\AppData\Local\Programs\Python\Python38-32\Scripts\pytest.exe\__main__.py&quot;, line 7, in &lt;module&gt;
    sys.exit(console_main())
  File &quot;c:\users\a610037\appdata\local\programs\python\python38-32\lib\site-packages\_pytest\config\__init__.py&quot;, line 185, in console_main
    code = main()
  File &quot;c:\users\a610037\appdata\local\programs\python\python38-32\lib\site-packages\_pytest\config\__init__.py&quot;, line 162, in main
    ret: Union[ExitCode, int] = config.hook.pytest_cmdline_main(
  File &quot;c:\users\a610037\appdata\local\programs\python\python38-32\lib\site-packages\pluggy\hooks.py&quot;, line 286, in __call__
    return self._hookexec(self, self.get_hookimpls(), kwargs)
  File &quot;c:\users\a610037\appdata\local\programs\python\python38-32\lib\site-packages\pluggy\manager.py&quot;, line 93, in _hookexec
    return self._inner_hookexec(hook, methods, kwargs)
  File &quot;c:\users\a610037\appdata\local\programs\python\python38-32\lib\site-packages\pluggy\manager.py&quot;, line 84, in &lt;lambda&gt;
    self._inner_hookexec = lambda hook, methods, kwargs: hook.multicall(
  File &quot;c:\users\a610037\appdata\local\programs\python\python38-32\lib\site-packages\pluggy\callers.py&quot;, line 187, in _multicall
    res = hook_impl.function(*args)
  File &quot;c:\users\a610037\appdata\local\programs\python\python38-32\lib\site-packages\_pytest\main.py&quot;, line 316, in pytest_cmdline_main
    return wrap_session(config, _main)
  File &quot;c:\users\a610037\appdata\local\programs\python\python38-32\lib\site-packages\_pytest\main.py&quot;, line 269, in wrap_session
    session.exitstatus = doit(config, session) or 0
  File &quot;c:\users\a610037\appdata\local\programs\python\python38-32\lib\site-packages\_pytest\main.py&quot;, line 323, in _main
    config.hook.pytest_runtestloop(session=session)
  File &quot;c:\users\a610037\appdata\local\programs\python\python38-32\lib\site-packages\pluggy\hooks.py&quot;, line 286, in __call__
    return self._hookexec(self, self.get_hookimpls(), kwargs)
  File &quot;c:\users\a610037\appdata\local\programs\python\python38-32\lib\site-packages\pluggy\manager.py&quot;, line 93, in _hookexec
    return self._inner_hookexec(hook, methods, kwargs)
  File &quot;c:\users\a610037\appdata\local\programs\python\python38-32\lib\site-packages\pluggy\manager.py&quot;, line 84, in &lt;lambda&gt;
    self._inner_hookexec = lambda hook, methods, kwargs: hook.multicall(
  File &quot;c:\users\a610037\appdata\local\programs\python\python38-32\lib\site-packages\pluggy\callers.py&quot;, line 187, in _multicall
    res = hook_impl.function(*args)
  File &quot;c:\users\a610037\appdata\local\programs\python\python38-32\lib\site-packages\_pytest\main.py&quot;, line 348, in pytest_runtestloop
    item.config.hook.pytest_runtest_protocol(item=item, nextitem=nextitem)
  File &quot;c:\users\a610037\appdata\local\programs\python\python38-32\lib\site-packages\pluggy\hooks.py&quot;, line 286, in __call__
    return self._hookexec(self, self.get_hookimpls(), kwargs)
  File &quot;c:\users\a610037\appdata\local\programs\python\python38-32\lib\site-packages\pluggy\manager.py&quot;, line 93, in _hookexec
    return self._inner_hookexec(hook, methods, kwargs)
  File &quot;c:\users\a610037\appdata\local\programs\python\python38-32\lib\site-packages\pluggy\manager.py&quot;, line 84, in &lt;lambda&gt;
    self._inner_hookexec = lambda hook, methods, kwargs: hook.multicall(
  File &quot;c:\users\a610037\appdata\local\programs\python\python38-32\lib\site-packages\pluggy\callers.py&quot;, line 187, in _multicall
    res = hook_impl.function(*args)
  File &quot;c:\users\a610037\appdata\local\programs\python\python38-32\lib\site-packages\_pytest\runner.py&quot;, line 109, in pytest_runtest_protocol
    runtestprotocol(item, nextitem=nextitem)
  File &quot;c:\users\a610037\appdata\local\programs\python\python38-32\lib\site-packages\_pytest\runner.py&quot;, line 126, in runtestprotocol
    reports.append(call_and_report(item, &quot;call&quot;, log))
  File &quot;c:\users\a610037\appdata\local\programs\python\python38-32\lib\site-packages\_pytest\runner.py&quot;, line 215, in call_and_report
    call = call_runtest_hook(item, when, **kwds)
  File &quot;c:\users\a610037\appdata\local\programs\python\python38-32\lib\site-packages\_pytest\runner.py&quot;, line 254, in call_runtest_hook
    return CallInfo.from_call(
  File &quot;c:\users\a610037\appdata\local\programs\python\python38-32\lib\site-packages\_pytest\runner.py&quot;, line 311, in from_call
    result: Optional[TResult] = func()
  File &quot;c:\users\a610037\appdata\local\programs\python\python38-32\lib\site-packages\_pytest\runner.py&quot;, line 255, in &lt;lambda&gt;
    lambda: ihook(item=item, **kwds), when=when, reraise=reraise
  File &quot;c:\users\a610037\appdata\local\programs\python\python38-32\lib\site-packages\pluggy\hooks.py&quot;, line 286, in __call__
    return self._hookexec(self, self.get_hookimpls(), kwargs)
  File &quot;c:\users\a610037\appdata\local\programs\python\python38-32\lib\site-packages\pluggy\manager.py&quot;, line 93, in _hookexec
    return self._inner_hookexec(hook, methods, kwargs)
  File &quot;c:\users\a610037\appdata\local\programs\python\python38-32\lib\site-packages\pluggy\manager.py&quot;, line 84, in &lt;lambda&gt;
    self._inner_hookexec = lambda hook, methods, kwargs: hook.multicall(
  File &quot;c:\users\a610037\appdata\local\programs\python\python38-32\lib\site-packages\pluggy\callers.py&quot;, line 187, in _multicall
    res = hook_impl.function(*args)
  File &quot;c:\users\a610037\appdata\local\programs\python\python38-32\lib\site-packages\_pytest\runner.py&quot;, line 162, in pytest_runtest_call
    item.runtest()
  File &quot;c:\users\a610037\appdata\local\programs\python\python38-32\lib\site-packages\_pytest\unittest.py&quot;, line 321, in runtest
    self._testcase(result=self)  # type: ignore[arg-type]
  File &quot;c:\users\a610037\appdata\local\programs\python\python38-32\lib\unittest\case.py&quot;, line 736, in __call__
    return self.run(*args, **kwds)
  File &quot;c:\users\a610037\appdata\local\programs\python\python38-32\lib\unittest\case.py&quot;, line 676, in run
    self._callTestMethod(testMethod)
  File &quot;c:\users\a610037\appdata\local\programs\python\python38-32\lib\unittest\case.py&quot;, line 633, in _callTestMethod
    method()
  File &quot;C:\Users\A610037\PycharmProjects\git-selenium-framework2\tests\test_individual\test_sort_by.py&quot;, line 17, in test_sort_by_name
    result = self.mb.mobile_sort_by_name()
  File &quot;C:\Users\A610037\PycharmProjects\git-selenium-framework2\pages\mobile_page\mobile_page.py&quot;, line 97, in mobile_sort_by_name
    return self.sort_result_name()
  File &quot;C:\Users\A610037\PycharmProjects\git-selenium-framework2\pages\mobile_page\mobile_page.py&quot;, line 55, in sort_result_name
    sort_result_list = [self.getText(self._Iphone,&quot;link&quot;),self.getText(self._samsung,&quot;link&quot;),self.getText(self._sony,&quot;link&quot;)]
  File &quot;C:\Users\A610037\PycharmProjects\git-selenium-framework2\base\selenium_driver.py&quot;, line 133, in getText
    print_stack()
  File &quot;c:\users\a610037\appdata\local\programs\python\python38-32\lib\runpy.py&quot;, line 193, in _run_module_as_main
    return _run_code(code, main_globals, None,
  File &quot;c:\users\a610037\appdata\local\programs\python\python38-32\lib\runpy.py&quot;, line 86, in _run_code
    exec(code, run_globals)
  File &quot;C:\Users\A610037\AppData\Local\Programs\Python\Python38-32\Scripts\pytest.exe\__main__.py&quot;, line 7, in &lt;module&gt;
    sys.exit(console_main())
  File &quot;c:\users\a610037\appdata\local\programs\python\python38-32\lib\site-packages\_pytest\config\__init__.py&quot;, line 185, in console_main
    code = main()
  File &quot;c:\users\a610037\appdata\local\programs\python\python38-32\lib\site-packages\_pytest\config\__init__.py&quot;, line 162, in main
    ret: Union[ExitCode, int] = config.hook.pytest_cmdline_main(
  File &quot;c:\users\a610037\appdata\local\programs\python\python38-32\lib\site-packages\pluggy\hooks.py&quot;, line 286, in __call__
    return self._hookexec(self, self.get_hookimpls(), kwargs)
  File &quot;c:\users\a610037\appdata\local\programs\python\python38-32\lib\site-packages\pluggy\manager.py&quot;, line 93, in _hookexec
    return self._inner_hookexec(hook, methods, kwargs)
  File &quot;c:\users\a610037\appdata\local\programs\python\python38-32\lib\site-packages\pluggy\manager.py&quot;, line 84, in &lt;lambda&gt;
    self._inner_hookexec = lambda hook, methods, kwargs: hook.multicall(
  File &quot;c:\users\a610037\appdata\local\programs\python\python38-32\lib\site-packages\pluggy\callers.py&quot;, line 187, in _multicall
    res = hook_impl.function(*args)
  File &quot;c:\users\a610037\appdata\local\programs\python\python38-32\lib\site-packages\_pytest\main.py&quot;, line 316, in pytest_cmdline_main
    return wrap_session(config, _main)
  File &quot;c:\users\a610037\appdata\local\programs\python\python38-32\lib\site-packages\_pytest\main.py&quot;, line 269, in wrap_session
    session.exitstatus = doit(config, session) or 0
  File &quot;c:\users\a610037\appdata\local\programs\python\python38-32\lib\site-packages\_pytest\main.py&quot;, line 323, in _main
    config.hook.pytest_runtestloop(session=session)
  File &quot;c:\users\a610037\appdata\local\programs\python\python38-32\lib\site-packages\pluggy\hooks.py&quot;, line 286, in __call__
    return self._hookexec(self, self.get_hookimpls(), kwargs)
  File &quot;c:\users\a610037\appdata\local\programs\python\python38-32\lib\site-packages\pluggy\manager.py&quot;, line 93, in _hookexec
    return self._inner_hookexec(hook, methods, kwargs)
  File &quot;c:\users\a610037\appdata\local\programs\python\python38-32\lib\site-packages\pluggy\manager.py&quot;, line 84, in &lt;lambda&gt;
    self._inner_hookexec = lambda hook, methods, kwargs: hook.multicall(
  File &quot;c:\users\a610037\appdata\local\programs\python\python38-32\lib\site-packages\pluggy\callers.py&quot;, line 187, in _multicall
    res = hook_impl.function(*args)
  File &quot;c:\users\a610037\appdata\local\programs\python\python38-32\lib\site-packages\_pytest\main.py&quot;, line 348, in pytest_runtestloop
    item.config.hook.pytest_runtest_protocol(item=item, nextitem=nextitem)
  File &quot;c:\users\a610037\appdata\local\programs\python\python38-32\lib\site-packages\pluggy\hooks.py&quot;, line 286, in __call__
    return self._hookexec(self, self.get_hookimpls(), kwargs)
  File &quot;c:\users\a610037\appdata\local\programs\python\python38-32\lib\site-packages\pluggy\manager.py&quot;, line 93, in _hookexec
    return self._inner_hookexec(hook, methods, kwargs)
  File &quot;c:\users\a610037\appdata\local\programs\python\python38-32\lib\site-packages\pluggy\manager.py&quot;, line 84, in &lt;lambda&gt;
    self._inner_hookexec = lambda hook, methods, kwargs: hook.multicall(
  File &quot;c:\users\a610037\appdata\local\programs\python\python38-32\lib\site-packages\pluggy\callers.py&quot;, line 187, in _multicall
    res = hook_impl.function(*args)
  File &quot;c:\users\a610037\appdata\local\programs\python\python38-32\lib\site-packages\_pytest\runner.py&quot;, line 109, in pytest_runtest_protocol
    runtestprotocol(item, nextitem=nextitem)
  File &quot;c:\users\a610037\appdata\local\programs\python\python38-32\lib\site-packages\_pytest\runner.py&quot;, line 126, in runtestprotocol
    reports.append(call_and_report(item, &quot;call&quot;, log))
  File &quot;c:\users\a610037\appdata\local\programs\python\python38-32\lib\site-packages\_pytest\runner.py&quot;, line 215, in call_and_report
    call = call_runtest_hook(item, when, **kwds)
  File &quot;c:\users\a610037\appdata\local\programs\python\python38-32\lib\site-packages\_pytest\runner.py&quot;, line 254, in call_runtest_hook
    return CallInfo.from_call(
  File &quot;c:\users\a610037\appdata\local\programs\python\python38-32\lib\site-packages\_pytest\runner.py&quot;, line 311, in from_call
    result: Optional[TResult] = func()
  File &quot;c:\users\a610037\appdata\local\programs\python\python38-32\lib\site-packages\_pytest\runner.py&quot;, line 255, in &lt;lambda&gt;
    lambda: ihook(item=item, **kwds), when=when, reraise=reraise
  File &quot;c:\users\a610037\appdata\local\programs\python\python38-32\lib\site-packages\pluggy\hooks.py&quot;, line 286, in __call__
    return self._hookexec(self, self.get_hookimpls(), kwargs)
  File &quot;c:\users\a610037\appdata\local\programs\python\python38-32\lib\site-packages\pluggy\manager.py&quot;, line 93, in _hookexec
    return self._inner_hookexec(hook, methods, kwargs)
  File &quot;c:\users\a610037\appdata\local\programs\python\python38-32\lib\site-packages\pluggy\manager.py&quot;, line 84, in &lt;lambda&gt;
    self._inner_hookexec = lambda hook, methods, kwargs: hook.multicall(
  File &quot;c:\users\a610037\appdata\local\programs\python\python38-32\lib\site-packages\pluggy\callers.py&quot;, line 187, in _multicall
    res = hook_impl.function(*args)
  File &quot;c:\users\a610037\appdata\local\programs\python\python38-32\lib\site-packages\_pytest\runner.py&quot;, line 162, in pytest_runtest_call
    item.runtest()
  File &quot;c:\users\a610037\appdata\local\programs\python\python38-32\lib\site-packages\_pytest\unittest.py&quot;, line 321, in runtest
    self._testcase(result=self)  # type: ignore[arg-type]
  File &quot;c:\users\a610037\appdata\local\programs\python\python38-32\lib\unittest\case.py&quot;, line 736, in __call__
    return self.run(*args, **kwds)
  File &quot;c:\users\a610037\appdata\local\programs\python\python38-32\lib\unittest\case.py&quot;, line 676, in run
    self._callTestMethod(testMethod)
  File &quot;c:\users\a610037\appdata\local\programs\python\python38-32\lib\unittest\case.py&quot;, line 633, in _callTestMethod
    method()
  File &quot;C:\Users\A610037\PycharmProjects\git-selenium-framework2\tests\test_individual\test_sort_by.py&quot;, line 17, in test_sort_by_name
    result = self.mb.mobile_sort_by_name()
  File &quot;C:\Users\A610037\PycharmProjects\git-selenium-framework2\pages\mobile_page\mobile_page.py&quot;, line 97, in mobile_sort_by_name
    return self.sort_result_name()
  File &quot;C:\Users\A610037\PycharmProjects\git-selenium-framework2\pages\mobile_page\mobile_page.py&quot;, line 55, in sort_result_name
    sort_result_list = [self.getText(self._Iphone,&quot;link&quot;),self.getText(self._samsung,&quot;link&quot;),self.getText(self._sony,&quot;link&quot;)]
  File &quot;C:\Users\A610037\PycharmProjects\git-selenium-framework2\base\selenium_driver.py&quot;, line 126, in getText
    element = self.findElement(locator, locatorType)
  File &quot;C:\Users\A610037\PycharmProjects\git-selenium-framework2\base\selenium_driver.py&quot;, line 61, in findElement
    print_stack()
  File &quot;c:\users\a610037\appdata\local\programs\python\python38-32\lib\runpy.py&quot;, line 193, in _run_module_as_main
    return _run_code(code, main_globals, None,
  File &quot;c:\users\a610037\appdata\local\programs\python\python38-32\lib\runpy.py&quot;, line 86, in _run_code
    exec(code, run_globals)
  File &quot;C:\Users\A610037\AppData\Local\Programs\Python\Python38-32\Scripts\pytest.exe\__main__.py&quot;, line 7, in &lt;module&gt;
    sys.exit(console_main())
  File &quot;c:\users\a610037\appdata\local\programs\python\python38-32\lib\site-packages\_pytest\config\__init__.py&quot;, line 185, in console_main
    code = main()
  File &quot;c:\users\a610037\appdata\local\programs\python\python38-32\lib\site-packages\_pytest\config\__init__.py&quot;, line 162, in main
    ret: Union[ExitCode, int] = config.hook.pytest_cmdline_main(
  File &quot;c:\users\a610037\appdata\local\programs\python\python38-32\lib\site-packages\pluggy\hooks.py&quot;, line 286, in __call__
    return self._hookexec(self, self.get_hookimpls(), kwargs)
  File &quot;c:\users\a610037\appdata\local\programs\python\python38-32\lib\site-packages\pluggy\manager.py&quot;, line 93, in _hookexec
    return self._inner_hookexec(hook, methods, kwargs)
  File &quot;c:\users\a610037\appdata\local\programs\python\python38-32\lib\site-packages\pluggy\manager.py&quot;, line 84, in &lt;lambda&gt;
    self._inner_hookexec = lambda hook, methods, kwargs: hook.multicall(
  File &quot;c:\users\a610037\appdata\local\programs\python\python38-32\lib\site-packages\pluggy\callers.py&quot;, line 187, in _multicall
    res = hook_impl.function(*args)
  File &quot;c:\users\a610037\appdata\local\programs\python\python38-32\lib\site-packages\_pytest\main.py&quot;, line 316, in pytest_cmdline_main
    return wrap_session(config, _main)
  File &quot;c:\users\a610037\appdata\local\programs\python\python38-32\lib\site-packages\_pytest\main.py&quot;, line 269, in wrap_session
    session.exitstatus = doit(config, session) or 0
  File &quot;c:\users\a610037\appdata\local\programs\python\python38-32\lib\site-packages\_pytest\main.py&quot;, line 323, in _main
    config.hook.pytest_runtestloop(session=session)
  File &quot;c:\users\a610037\appdata\local\programs\python\python38-32\lib\site-packages\pluggy\hooks.py&quot;, line 286, in __call__
    return self._hookexec(self, self.get_hookimpls(), kwargs)
  File &quot;c:\users\a610037\appdata\local\programs\python\python38-32\lib\site-packages\pluggy\manager.py&quot;, line 93, in _hookexec
    return self._inner_hookexec(hook, methods, kwargs)
  File &quot;c:\users\a610037\appdata\local\programs\python\python38-32\lib\site-packages\pluggy\manager.py&quot;, line 84, in &lt;lambda&gt;
    self._inner_hookexec = lambda hook, methods, kwargs: hook.multicall(
  File &quot;c:\users\a610037\appdata\local\programs\python\python38-32\lib\site-packages\pluggy\callers.py&quot;, line 187, in _multicall
    res = hook_impl.function(*args)
  File &quot;c:\users\a610037\appdata\local\programs\python\python38-32\lib\site-packages\_pytest\main.py&quot;, line 348, in pytest_runtestloop
    item.config.hook.pytest_runtest_protocol(item=item, nextitem=nextitem)
  File &quot;c:\users\a610037\appdata\local\programs\python\python38-32\lib\site-packages\pluggy\hooks.py&quot;, line 286, in __call__
    return self._hookexec(self, self.get_hookimpls(), kwargs)
  File &quot;c:\users\a610037\appdata\local\programs\python\python38-32\lib\site-packages\pluggy\manager.py&quot;, line 93, in _hookexec
    return self._inner_hookexec(hook, methods, kwargs)
  File &quot;c:\users\a610037\appdata\local\programs\python\python38-32\lib\site-packages\pluggy\manager.py&quot;, line 84, in &lt;lambda&gt;
    self._inner_hookexec = lambda hook, methods, kwargs: hook.multicall(
  File &quot;c:\users\a610037\appdata\local\programs\python\python38-32\lib\site-packages\pluggy\callers.py&quot;, line 187, in _multicall
    res = hook_impl.function(*args)
  File &quot;c:\users\a610037\appdata\local\programs\python\python38-32\lib\site-packages\_pytest\runner.py&quot;, line 109, in pytest_runtest_protocol
    runtestprotocol(item, nextitem=nextitem)
  File &quot;c:\users\a610037\appdata\local\programs\python\python38-32\lib\site-packages\_pytest\runner.py&quot;, line 126, in runtestprotocol
    reports.append(call_and_report(item, &quot;call&quot;, log))
  File &quot;c:\users\a610037\appdata\local\programs\python\python38-32\lib\site-packages\_pytest\runner.py&quot;, line 215, in call_and_report
    call = call_runtest_hook(item, when, **kwds)
  File &quot;c:\users\a610037\appdata\local\programs\python\python38-32\lib\site-packages\_pytest\runner.py&quot;, line 254, in call_runtest_hook
    return CallInfo.from_call(
  File &quot;c:\users\a610037\appdata\local\programs\python\python38-32\lib\site-packages\_pytest\runner.py&quot;, line 311, in from_call
    result: Optional[TResult] = func()
  File &quot;c:\users\a610037\appdata\local\programs\python\python38-32\lib\site-packages\_pytest\runner.py&quot;, line 255, in &lt;lambda&gt;
    lambda: ihook(item=item, **kwds), when=when, reraise=reraise
  File &quot;c:\users\a610037\appdata\local\programs\python\python38-32\lib\site-packages\pluggy\hooks.py&quot;, line 286, in __call__
    return self._hookexec(self, self.get_hookimpls(), kwargs)
  File &quot;c:\users\a610037\appdata\local\programs\python\python38-32\lib\site-packages\pluggy\manager.py&quot;, line 93, in _hookexec
    return self._inner_hookexec(hook, methods, kwargs)
  File &quot;c:\users\a610037\appdata\local\programs\python\python38-32\lib\site-packages\pluggy\manager.py&quot;, line 84, in &lt;lambda&gt;
    self._inner_hookexec = lambda hook, methods, kwargs: hook.multicall(
  File &quot;c:\users\a610037\appdata\local\programs\python\python38-32\lib\site-packages\pluggy\callers.py&quot;, line 187, in _multicall
    res = hook_impl.function(*args)
  File &quot;c:\users\a610037\appdata\local\programs\python\python38-32\lib\site-packages\_pytest\runner.py&quot;, line 162, in pytest_runtest_call
    item.runtest()
  File &quot;c:\users\a610037\appdata\local\programs\python\python38-32\lib\site-packages\_pytest\unittest.py&quot;, line 321, in runtest
    self._testcase(result=self)  # type: ignore[arg-type]
  File &quot;c:\users\a610037\appdata\local\programs\python\python38-32\lib\unittest\case.py&quot;, line 736, in __call__
    return self.run(*args, **kwds)
  File &quot;c:\users\a610037\appdata\local\programs\python\python38-32\lib\unittest\case.py&quot;, line 676, in run
    self._callTestMethod(testMethod)
  File &quot;c:\users\a610037\appdata\local\programs\python\python38-32\lib\unittest\case.py&quot;, line 633, in _callTestMethod
    method()
  File &quot;C:\Users\A610037\PycharmProjects\git-selenium-framework2\tests\test_individual\test_sort_by.py&quot;, line 17, in test_sort_by_name
    result = self.mb.mobile_sort_by_name()
  File &quot;C:\Users\A610037\PycharmProjects\git-selenium-framework2\pages\mobile_page\mobile_page.py&quot;, line 97, in mobile_sort_by_name
    return self.sort_result_name()
  File &quot;C:\Users\A610037\PycharmProjects\git-selenium-framework2\pages\mobile_page\mobile_page.py&quot;, line 55, in sort_result_name
    sort_result_list = [self.getText(self._Iphone,&quot;link&quot;),self.getText(self._samsung,&quot;link&quot;),self.getText(self._sony,&quot;link&quot;)]
  File &quot;C:\Users\A610037\PycharmProjects\git-selenium-framework2\base\selenium_driver.py&quot;, line 133, in getText
    print_stack()
  File &quot;c:\users\a610037\appdata\local\programs\python\python38-32\lib\runpy.py&quot;, line 193, in _run_module_as_main
    return _run_code(code, main_globals, None,
  File &quot;c:\users\a610037\appdata\local\programs\python\python38-32\lib\runpy.py&quot;, line 86, in _run_code
    exec(code, run_globals)
  File &quot;C:\Users\A610037\AppData\Local\Programs\Python\Python38-32\Scripts\pytest.exe\__main__.py&quot;, line 7, in &lt;module&gt;
    sys.exit(console_main())
  File &quot;c:\users\a610037\appdata\local\programs\python\python38-32\lib\site-packages\_pytest\config\__init__.py&quot;, line 185, in console_main
    code = main()
  File &quot;c:\users\a610037\appdata\local\programs\python\python38-32\lib\site-packages\_pytest\config\__init__.py&quot;, line 162, in main
    ret: Union[ExitCode, int] = config.hook.pytest_cmdline_main(
  File &quot;c:\users\a610037\appdata\local\programs\python\python38-32\lib\site-packages\pluggy\hooks.py&quot;, line 286, in __call__
    return self._hookexec(self, self.get_hookimpls(), kwargs)
  File &quot;c:\users\a610037\appdata\local\programs\python\python38-32\lib\site-packages\pluggy\manager.py&quot;, line 93, in _hookexec
    return self._inner_hookexec(hook, methods, kwargs)
  File &quot;c:\users\a610037\appdata\local\programs\python\python38-32\lib\site-packages\pluggy\manager.py&quot;, line 84, in &lt;lambda&gt;
    self._inner_hookexec = lambda hook, methods, kwargs: hook.multicall(
  File &quot;c:\users\a610037\appdata\local\programs\python\python38-32\lib\site-packages\pluggy\callers.py&quot;, line 187, in _multicall
    res = hook_impl.function(*args)
  File &quot;c:\users\a610037\appdata\local\programs\python\python38-32\lib\site-packages\_pytest\main.py&quot;, line 316, in pytest_cmdline_main
    return wrap_session(config, _main)
  File &quot;c:\users\a610037\appdata\local\programs\python\python38-32\lib\site-packages\_pytest\main.py&quot;, line 269, in wrap_session
    session.exitstatus = doit(config, session) or 0
  File &quot;c:\users\a610037\appdata\local\programs\python\python38-32\lib\site-packages\_pytest\main.py&quot;, line 323, in _main
    config.hook.pytest_runtestloop(session=session)
  File &quot;c:\users\a610037\appdata\local\programs\python\python38-32\lib\site-packages\pluggy\hooks.py&quot;, line 286, in __call__
    return self._hookexec(self, self.get_hookimpls(), kwargs)
  File &quot;c:\users\a610037\appdata\local\programs\python\python38-32\lib\site-packages\pluggy\manager.py&quot;, line 93, in _hookexec
    return self._inner_hookexec(hook, methods, kwargs)
  File &quot;c:\users\a610037\appdata\local\programs\python\python38-32\lib\site-packages\pluggy\manager.py&quot;, line 84, in &lt;lambda&gt;
    self._inner_hookexec = lambda hook, methods, kwargs: hook.multicall(
  File &quot;c:\users\a610037\appdata\local\programs\python\python38-32\lib\site-packages\pluggy\callers.py&quot;, line 187, in _multicall
    res = hook_impl.function(*args)
  File &quot;c:\users\a610037\appdata\local\programs\python\python38-32\lib\site-packages\_pytest\main.py&quot;, line 348, in pytest_runtestloop
    item.config.hook.pytest_runtest_protocol(item=item, nextitem=nextitem)
  File &quot;c:\users\a610037\appdata\local\programs\python\python38-32\lib\site-packages\pluggy\hooks.py&quot;, line 286, in __call__
    return self._hookexec(self, self.get_hookimpls(), kwargs)
  File &quot;c:\users\a610037\appdata\local\programs\python\python38-32\lib\site-packages\pluggy\manager.py&quot;, line 93, in _hookexec
    return self._inner_hookexec(hook, methods, kwargs)
  File &quot;c:\users\a610037\appdata\local\programs\python\python38-32\lib\site-packages\pluggy\manager.py&quot;, line 84, in &lt;lambda&gt;
    self._inner_hookexec = lambda hook, methods, kwargs: hook.multicall(
  File &quot;c:\users\a610037\appdata\local\programs\python\python38-32\lib\site-packages\pluggy\callers.py&quot;, line 187, in _multicall
    res = hook_impl.function(*args)
  File &quot;c:\users\a610037\appdata\local\programs\python\python38-32\lib\site-packages\_pytest\runner.py&quot;, line 109, in pytest_runtest_protocol
    runtestprotocol(item, nextitem=nextitem)
  File &quot;c:\users\a610037\appdata\local\programs\python\python38-32\lib\site-packages\_pytest\runner.py&quot;, line 126, in runtestprotocol
    reports.append(call_and_report(item, &quot;call&quot;, log))
  File &quot;c:\users\a610037\appdata\local\programs\python\python38-32\lib\site-packages\_pytest\runner.py&quot;, line 215, in call_and_report
    call = call_runtest_hook(item, when, **kwds)
  File &quot;c:\users\a610037\appdata\local\programs\python\python38-32\lib\site-packages\_pytest\runner.py&quot;, line 254, in call_runtest_hook
    return CallInfo.from_call(
  File &quot;c:\users\a610037\appdata\local\programs\python\python38-32\lib\site-packages\_pytest\runner.py&quot;, line 311, in from_call
    result: Optional[TResult] = func()
  File &quot;c:\users\a610037\appdata\local\programs\python\python38-32\lib\site-packages\_pytest\runner.py&quot;, line 255, in &lt;lambda&gt;
    lambda: ihook(item=item, **kwds), when=when, reraise=reraise
  File &quot;c:\users\a610037\appdata\local\programs\python\python38-32\lib\site-packages\pluggy\hooks.py&quot;, line 286, in __call__
    return self._hookexec(self, self.get_hookimpls(), kwargs)
  File &quot;c:\users\a610037\appdata\local\programs\python\python38-32\lib\site-packages\pluggy\manager.py&quot;, line 93, in _hookexec
    return self._inner_hookexec(hook, methods, kwargs)
  File &quot;c:\users\a610037\appdata\local\programs\python\python38-32\lib\site-packages\pluggy\manager.py&quot;, line 84, in &lt;lambda&gt;
    self._inner_hookexec = lambda hook, methods, kwargs: hook.multicall(
  File &quot;c:\users\a610037\appdata\local\programs\python\python38-32\lib\site-packages\pluggy\callers.py&quot;, line 187, in _multicall
    res = hook_impl.function(*args)
  File &quot;c:\users\a610037\appdata\local\programs\python\python38-32\lib\site-packages\_pytest\runner.py&quot;, line 162, in pytest_runtest_call
    item.runtest()
  File &quot;c:\users\a610037\appdata\local\programs\python\python38-32\lib\site-packages\_pytest\unittest.py&quot;, line 321, in runtest
    self._testcase(result=self)  # type: ignore[arg-type]
  File &quot;c:\users\a610037\appdata\local\programs\python\python38-32\lib\unittest\case.py&quot;, line 736, in __call__
    return self.run(*args, **kwds)
  File &quot;c:\users\a610037\appdata\local\programs\python\python38-32\lib\unittest\case.py&quot;, line 676, in run
    self._callTestMethod(testMethod)
  File &quot;c:\users\a610037\appdata\local\programs\python\python38-32\lib\unittest\case.py&quot;, line 633, in _callTestMethod
    method()
  File &quot;C:\Users\A610037\PycharmProjects\git-selenium-framework2\tests\test_individual\test_sort_by.py&quot;, line 18, in test_sort_by_name
    self.ts.finalMark(testcase=&quot;Mobile Sort By test&quot;,result=result,resultMessage=&quot;Testing Mobile SOrt functionality&quot;)
  File &quot;C:\Users\A610037\PycharmProjects\git-selenium-framework2\utilities\mark_test_status.py&quot;, line 42, in finalMark
    self.setResult(result, resultMessage)
  File &quot;C:\Users\A610037\PycharmProjects\git-selenium-framework2\utilities\mark_test_status.py&quot;, line 23, in setResult
    self.savescreenshots(resultMessage)
  File &quot;C:\Users\A610037\PycharmProjects\git-selenium-framework2\base\selenium_driver.py&quot;, line 276, in savescreenshots
    print_stack()
<br/> -------------------------------Captured log call-------------------------------- <br/>INFO     MobilePage:selenium_driver.py:54 Element found with locatorType : link &amp; locator : MOBILE&lt;selenium.webdriver.remote.webelement.WebElement (session=&quot;14028970e599631d913206d7d4cdffeb&quot;, element=&quot;0198a8f8-aaa9-4d3a-8083-38d953e4909d&quot;)&gt;
INFO     MobilePage:selenium_driver.py:104 Clicked on Element : &lt;selenium.webdriver.remote.webelement.WebElement (session=&quot;14028970e599631d913206d7d4cdffeb&quot;, element=&quot;0198a8f8-aaa9-4d3a-8083-38d953e4909d&quot;)&gt;
INFO     MobilePage:selenium_driver.py:58 Element could not be found with type : xpath and locator : //select[@title=&#x27;Sort By&#x27;]Message: no such window: target window already closed
from unknown error: web view not found
  (Session info: chrome=87.0.4280.88)

INFO     MobilePage:selenium_driver.py:97 Unable to select element from the dropdown. Exception occurred :: &#x27;NoneType&#x27; object has no attribute &#x27;tag_name&#x27;
INFO     MobilePage:selenium_driver.py:58 Element could not be found with type : link and locator : IPHONEMessage: no such window: target window already closed
from unknown error: web view not found
  (Session info: chrome=87.0.4280.88)

INFO     MobilePage:selenium_driver.py:131 Unable to find the text for element : IPHONE. Following Exception occured :: &#x27;NoneType&#x27; object has no attribute &#x27;text&#x27;
INFO     MobilePage:selenium_driver.py:58 Element could not be found with type : link and locator : SAMSUNG GALAXYMessage: no such window: target window already closed
from unknown error: web view not found
  (Session info: chrome=87.0.4280.88)

INFO     MobilePage:selenium_driver.py:131 Unable to find the text for element : SAMSUNG GALAXY. Following Exception occured :: &#x27;NoneType&#x27; object has no attribute &#x27;text&#x27;
INFO     MobilePage:selenium_driver.py:58 Element could not be found with type : link and locator : SONY XPERIAMessage: no such window: target window already closed
from unknown error: web view not found
  (Session info: chrome=87.0.4280.88)

INFO     MobilePage:selenium_driver.py:131 Unable to find the text for element : SONY XPERIA. Following Exception occured :: &#x27;NoneType&#x27; object has no attribute &#x27;text&#x27;
INFO     Utilities:util.py:68 Expected List is :: [&#x27;IPHONE&#x27;, &#x27;SAMSUNG GALAXY&#x27;, &#x27;SONY XPERIA&#x27;]
INFO     Utilities:util.py:69 Actual List is :: [None, None, None]
WARNING  MarkTestStatus:selenium_driver.py:275 ### Exception Occured
ERROR    MarkTestStatus:mark_test_status.py:24 ###Verification Failed :: + Testing Mobile SOrt functionality
ERROR    MarkTestStatus:mark_test_status.py:45 Mobile Sort By test### Test Failed<br/></div></td></tr></tbody>
      <tbody class="failed results-table-row">
        <tr>
          <td class="col-result">Failed</td>
          <td class="col-name">tests/test_suite_smoke/test_suite_SmokeTest.py::TestSortBy::test_sort_by_prices</td>
          <td class="col-duration">0.05</td>
          <td class="col-links"></td></tr>
        <tr>
          <td class="extra" colspan="4">
            <div class="log">self = &lt;tests.test_individual.test_sort_by.TestSortBy testMethod=test_sort_by_prices&gt;<br/><br/>    @pytest.mark.run(order=2)<br/>    def test_sort_by_prices(self):<br/>        result = self.mb.mobile_sort_by_price()<br/>&gt;       self.ts.finalMark(testcase=&quot;Mobile Sort By test&quot;, result=result,<br/>                          resultMessage=&quot;Testing Mobile SOrt functionality&quot;)<br/><br/>tests\test_individual\test_sort_by.py:23: <br/>_ _ _ _ _ _ _ _ _ _ _ _ _ _ _ _ _ _ _ _ _ _ _ _ _ _ _ _ _ _ _ _ _ _ _ _ _ _ _ _ <br/><br/>self = &lt;utilities.mark_test_status.MarkTestStatus object at 0x04688508&gt;, testcase = &#x27;Mobile Sort By test&#x27;, result = False<br/>resultMessage = &#x27;Testing Mobile SOrt functionality&#x27;<br/><br/>    def finalMark(self, testcase, result, resultMessage):<br/>        self.setResult(result, resultMessage)<br/>    <br/>        if &quot;Fail&quot; in self.resultlist:<br/>            self.cl.error(testcase + &quot;### Test Failed&quot;)<br/>            self.resultlist.clear()<br/>&gt;           assert True == False<br/><span class="error">E           AssertionError</span><br/><br/>utilities\mark_test_status.py:47: AssertionError<br/> ------------------------------Captured stdout call------------------------------ <br/>[None, None, None]
<br/> ------------------------------Captured stderr call------------------------------ <br/>  File &quot;c:\users\a610037\appdata\local\programs\python\python38-32\lib\runpy.py&quot;, line 193, in _run_module_as_main
    return _run_code(code, main_globals, None,
  File &quot;c:\users\a610037\appdata\local\programs\python\python38-32\lib\runpy.py&quot;, line 86, in _run_code
    exec(code, run_globals)
  File &quot;C:\Users\A610037\AppData\Local\Programs\Python\Python38-32\Scripts\pytest.exe\__main__.py&quot;, line 7, in &lt;module&gt;
    sys.exit(console_main())
  File &quot;c:\users\a610037\appdata\local\programs\python\python38-32\lib\site-packages\_pytest\config\__init__.py&quot;, line 185, in console_main
    code = main()
  File &quot;c:\users\a610037\appdata\local\programs\python\python38-32\lib\site-packages\_pytest\config\__init__.py&quot;, line 162, in main
    ret: Union[ExitCode, int] = config.hook.pytest_cmdline_main(
  File &quot;c:\users\a610037\appdata\local\programs\python\python38-32\lib\site-packages\pluggy\hooks.py&quot;, line 286, in __call__
    return self._hookexec(self, self.get_hookimpls(), kwargs)
  File &quot;c:\users\a610037\appdata\local\programs\python\python38-32\lib\site-packages\pluggy\manager.py&quot;, line 93, in _hookexec
    return self._inner_hookexec(hook, methods, kwargs)
  File &quot;c:\users\a610037\appdata\local\programs\python\python38-32\lib\site-packages\pluggy\manager.py&quot;, line 84, in &lt;lambda&gt;
    self._inner_hookexec = lambda hook, methods, kwargs: hook.multicall(
  File &quot;c:\users\a610037\appdata\local\programs\python\python38-32\lib\site-packages\pluggy\callers.py&quot;, line 187, in _multicall
    res = hook_impl.function(*args)
  File &quot;c:\users\a610037\appdata\local\programs\python\python38-32\lib\site-packages\_pytest\main.py&quot;, line 316, in pytest_cmdline_main
    return wrap_session(config, _main)
  File &quot;c:\users\a610037\appdata\local\programs\python\python38-32\lib\site-packages\_pytest\main.py&quot;, line 269, in wrap_session
    session.exitstatus = doit(config, session) or 0
  File &quot;c:\users\a610037\appdata\local\programs\python\python38-32\lib\site-packages\_pytest\main.py&quot;, line 323, in _main
    config.hook.pytest_runtestloop(session=session)
  File &quot;c:\users\a610037\appdata\local\programs\python\python38-32\lib\site-packages\pluggy\hooks.py&quot;, line 286, in __call__
    return self._hookexec(self, self.get_hookimpls(), kwargs)
  File &quot;c:\users\a610037\appdata\local\programs\python\python38-32\lib\site-packages\pluggy\manager.py&quot;, line 93, in _hookexec
    return self._inner_hookexec(hook, methods, kwargs)
  File &quot;c:\users\a610037\appdata\local\programs\python\python38-32\lib\site-packages\pluggy\manager.py&quot;, line 84, in &lt;lambda&gt;
    self._inner_hookexec = lambda hook, methods, kwargs: hook.multicall(
  File &quot;c:\users\a610037\appdata\local\programs\python\python38-32\lib\site-packages\pluggy\callers.py&quot;, line 187, in _multicall
    res = hook_impl.function(*args)
  File &quot;c:\users\a610037\appdata\local\programs\python\python38-32\lib\site-packages\_pytest\main.py&quot;, line 348, in pytest_runtestloop
    item.config.hook.pytest_runtest_protocol(item=item, nextitem=nextitem)
  File &quot;c:\users\a610037\appdata\local\programs\python\python38-32\lib\site-packages\pluggy\hooks.py&quot;, line 286, in __call__
    return self._hookexec(self, self.get_hookimpls(), kwargs)
  File &quot;c:\users\a610037\appdata\local\programs\python\python38-32\lib\site-packages\pluggy\manager.py&quot;, line 93, in _hookexec
    return self._inner_hookexec(hook, methods, kwargs)
  File &quot;c:\users\a610037\appdata\local\programs\python\python38-32\lib\site-packages\pluggy\manager.py&quot;, line 84, in &lt;lambda&gt;
    self._inner_hookexec = lambda hook, methods, kwargs: hook.multicall(
  File &quot;c:\users\a610037\appdata\local\programs\python\python38-32\lib\site-packages\pluggy\callers.py&quot;, line 187, in _multicall
    res = hook_impl.function(*args)
  File &quot;c:\users\a610037\appdata\local\programs\python\python38-32\lib\site-packages\_pytest\runner.py&quot;, line 109, in pytest_runtest_protocol
    runtestprotocol(item, nextitem=nextitem)
  File &quot;c:\users\a610037\appdata\local\programs\python\python38-32\lib\site-packages\_pytest\runner.py&quot;, line 126, in runtestprotocol
    reports.append(call_and_report(item, &quot;call&quot;, log))
  File &quot;c:\users\a610037\appdata\local\programs\python\python38-32\lib\site-packages\_pytest\runner.py&quot;, line 215, in call_and_report
    call = call_runtest_hook(item, when, **kwds)
  File &quot;c:\users\a610037\appdata\local\programs\python\python38-32\lib\site-packages\_pytest\runner.py&quot;, line 254, in call_runtest_hook
    return CallInfo.from_call(
  File &quot;c:\users\a610037\appdata\local\programs\python\python38-32\lib\site-packages\_pytest\runner.py&quot;, line 311, in from_call
    result: Optional[TResult] = func()
  File &quot;c:\users\a610037\appdata\local\programs\python\python38-32\lib\site-packages\_pytest\runner.py&quot;, line 255, in &lt;lambda&gt;
    lambda: ihook(item=item, **kwds), when=when, reraise=reraise
  File &quot;c:\users\a610037\appdata\local\programs\python\python38-32\lib\site-packages\pluggy\hooks.py&quot;, line 286, in __call__
    return self._hookexec(self, self.get_hookimpls(), kwargs)
  File &quot;c:\users\a610037\appdata\local\programs\python\python38-32\lib\site-packages\pluggy\manager.py&quot;, line 93, in _hookexec
    return self._inner_hookexec(hook, methods, kwargs)
  File &quot;c:\users\a610037\appdata\local\programs\python\python38-32\lib\site-packages\pluggy\manager.py&quot;, line 84, in &lt;lambda&gt;
    self._inner_hookexec = lambda hook, methods, kwargs: hook.multicall(
  File &quot;c:\users\a610037\appdata\local\programs\python\python38-32\lib\site-packages\pluggy\callers.py&quot;, line 187, in _multicall
    res = hook_impl.function(*args)
  File &quot;c:\users\a610037\appdata\local\programs\python\python38-32\lib\site-packages\_pytest\runner.py&quot;, line 162, in pytest_runtest_call
    item.runtest()
  File &quot;c:\users\a610037\appdata\local\programs\python\python38-32\lib\site-packages\_pytest\unittest.py&quot;, line 321, in runtest
    self._testcase(result=self)  # type: ignore[arg-type]
  File &quot;c:\users\a610037\appdata\local\programs\python\python38-32\lib\unittest\case.py&quot;, line 736, in __call__
    return self.run(*args, **kwds)
  File &quot;c:\users\a610037\appdata\local\programs\python\python38-32\lib\unittest\case.py&quot;, line 676, in run
    self._callTestMethod(testMethod)
  File &quot;c:\users\a610037\appdata\local\programs\python\python38-32\lib\unittest\case.py&quot;, line 633, in _callTestMethod
    method()
  File &quot;C:\Users\A610037\PycharmProjects\git-selenium-framework2\tests\test_individual\test_sort_by.py&quot;, line 22, in test_sort_by_prices
    result = self.mb.mobile_sort_by_price()
  File &quot;C:\Users\A610037\PycharmProjects\git-selenium-framework2\pages\mobile_page\mobile_page.py&quot;, line 100, in mobile_sort_by_price
    self.mobile_tab()
  File &quot;C:\Users\A610037\PycharmProjects\git-selenium-framework2\pages\mobile_page\mobile_page.py&quot;, line 43, in mobile_tab
    self.elementClick(self._mobile,&quot;link&quot;)
  File &quot;C:\Users\A610037\PycharmProjects\git-selenium-framework2\base\selenium_driver.py&quot;, line 102, in elementClick
    element = self.findElement(locator, locatorType)
  File &quot;C:\Users\A610037\PycharmProjects\git-selenium-framework2\base\selenium_driver.py&quot;, line 61, in findElement
    print_stack()
  File &quot;c:\users\a610037\appdata\local\programs\python\python38-32\lib\runpy.py&quot;, line 193, in _run_module_as_main
    return _run_code(code, main_globals, None,
  File &quot;c:\users\a610037\appdata\local\programs\python\python38-32\lib\runpy.py&quot;, line 86, in _run_code
    exec(code, run_globals)
  File &quot;C:\Users\A610037\AppData\Local\Programs\Python\Python38-32\Scripts\pytest.exe\__main__.py&quot;, line 7, in &lt;module&gt;
    sys.exit(console_main())
  File &quot;c:\users\a610037\appdata\local\programs\python\python38-32\lib\site-packages\_pytest\config\__init__.py&quot;, line 185, in console_main
    code = main()
  File &quot;c:\users\a610037\appdata\local\programs\python\python38-32\lib\site-packages\_pytest\config\__init__.py&quot;, line 162, in main
    ret: Union[ExitCode, int] = config.hook.pytest_cmdline_main(
  File &quot;c:\users\a610037\appdata\local\programs\python\python38-32\lib\site-packages\pluggy\hooks.py&quot;, line 286, in __call__
    return self._hookexec(self, self.get_hookimpls(), kwargs)
  File &quot;c:\users\a610037\appdata\local\programs\python\python38-32\lib\site-packages\pluggy\manager.py&quot;, line 93, in _hookexec
    return self._inner_hookexec(hook, methods, kwargs)
  File &quot;c:\users\a610037\appdata\local\programs\python\python38-32\lib\site-packages\pluggy\manager.py&quot;, line 84, in &lt;lambda&gt;
    self._inner_hookexec = lambda hook, methods, kwargs: hook.multicall(
  File &quot;c:\users\a610037\appdata\local\programs\python\python38-32\lib\site-packages\pluggy\callers.py&quot;, line 187, in _multicall
    res = hook_impl.function(*args)
  File &quot;c:\users\a610037\appdata\local\programs\python\python38-32\lib\site-packages\_pytest\main.py&quot;, line 316, in pytest_cmdline_main
    return wrap_session(config, _main)
  File &quot;c:\users\a610037\appdata\local\programs\python\python38-32\lib\site-packages\_pytest\main.py&quot;, line 269, in wrap_session
    session.exitstatus = doit(config, session) or 0
  File &quot;c:\users\a610037\appdata\local\programs\python\python38-32\lib\site-packages\_pytest\main.py&quot;, line 323, in _main
    config.hook.pytest_runtestloop(session=session)
  File &quot;c:\users\a610037\appdata\local\programs\python\python38-32\lib\site-packages\pluggy\hooks.py&quot;, line 286, in __call__
    return self._hookexec(self, self.get_hookimpls(), kwargs)
  File &quot;c:\users\a610037\appdata\local\programs\python\python38-32\lib\site-packages\pluggy\manager.py&quot;, line 93, in _hookexec
    return self._inner_hookexec(hook, methods, kwargs)
  File &quot;c:\users\a610037\appdata\local\programs\python\python38-32\lib\site-packages\pluggy\manager.py&quot;, line 84, in &lt;lambda&gt;
    self._inner_hookexec = lambda hook, methods, kwargs: hook.multicall(
  File &quot;c:\users\a610037\appdata\local\programs\python\python38-32\lib\site-packages\pluggy\callers.py&quot;, line 187, in _multicall
    res = hook_impl.function(*args)
  File &quot;c:\users\a610037\appdata\local\programs\python\python38-32\lib\site-packages\_pytest\main.py&quot;, line 348, in pytest_runtestloop
    item.config.hook.pytest_runtest_protocol(item=item, nextitem=nextitem)
  File &quot;c:\users\a610037\appdata\local\programs\python\python38-32\lib\site-packages\pluggy\hooks.py&quot;, line 286, in __call__
    return self._hookexec(self, self.get_hookimpls(), kwargs)
  File &quot;c:\users\a610037\appdata\local\programs\python\python38-32\lib\site-packages\pluggy\manager.py&quot;, line 93, in _hookexec
    return self._inner_hookexec(hook, methods, kwargs)
  File &quot;c:\users\a610037\appdata\local\programs\python\python38-32\lib\site-packages\pluggy\manager.py&quot;, line 84, in &lt;lambda&gt;
    self._inner_hookexec = lambda hook, methods, kwargs: hook.multicall(
  File &quot;c:\users\a610037\appdata\local\programs\python\python38-32\lib\site-packages\pluggy\callers.py&quot;, line 187, in _multicall
    res = hook_impl.function(*args)
  File &quot;c:\users\a610037\appdata\local\programs\python\python38-32\lib\site-packages\_pytest\runner.py&quot;, line 109, in pytest_runtest_protocol
    runtestprotocol(item, nextitem=nextitem)
  File &quot;c:\users\a610037\appdata\local\programs\python\python38-32\lib\site-packages\_pytest\runner.py&quot;, line 126, in runtestprotocol
    reports.append(call_and_report(item, &quot;call&quot;, log))
  File &quot;c:\users\a610037\appdata\local\programs\python\python38-32\lib\site-packages\_pytest\runner.py&quot;, line 215, in call_and_report
    call = call_runtest_hook(item, when, **kwds)
  File &quot;c:\users\a610037\appdata\local\programs\python\python38-32\lib\site-packages\_pytest\runner.py&quot;, line 254, in call_runtest_hook
    return CallInfo.from_call(
  File &quot;c:\users\a610037\appdata\local\programs\python\python38-32\lib\site-packages\_pytest\runner.py&quot;, line 311, in from_call
    result: Optional[TResult] = func()
  File &quot;c:\users\a610037\appdata\local\programs\python\python38-32\lib\site-packages\_pytest\runner.py&quot;, line 255, in &lt;lambda&gt;
    lambda: ihook(item=item, **kwds), when=when, reraise=reraise
  File &quot;c:\users\a610037\appdata\local\programs\python\python38-32\lib\site-packages\pluggy\hooks.py&quot;, line 286, in __call__
    return self._hookexec(self, self.get_hookimpls(), kwargs)
  File &quot;c:\users\a610037\appdata\local\programs\python\python38-32\lib\site-packages\pluggy\manager.py&quot;, line 93, in _hookexec
    return self._inner_hookexec(hook, methods, kwargs)
  File &quot;c:\users\a610037\appdata\local\programs\python\python38-32\lib\site-packages\pluggy\manager.py&quot;, line 84, in &lt;lambda&gt;
    self._inner_hookexec = lambda hook, methods, kwargs: hook.multicall(
  File &quot;c:\users\a610037\appdata\local\programs\python\python38-32\lib\site-packages\pluggy\callers.py&quot;, line 187, in _multicall
    res = hook_impl.function(*args)
  File &quot;c:\users\a610037\appdata\local\programs\python\python38-32\lib\site-packages\_pytest\runner.py&quot;, line 162, in pytest_runtest_call
    item.runtest()
  File &quot;c:\users\a610037\appdata\local\programs\python\python38-32\lib\site-packages\_pytest\unittest.py&quot;, line 321, in runtest
    self._testcase(result=self)  # type: ignore[arg-type]
  File &quot;c:\users\a610037\appdata\local\programs\python\python38-32\lib\unittest\case.py&quot;, line 736, in __call__
    return self.run(*args, **kwds)
  File &quot;c:\users\a610037\appdata\local\programs\python\python38-32\lib\unittest\case.py&quot;, line 676, in run
    self._callTestMethod(testMethod)
  File &quot;c:\users\a610037\appdata\local\programs\python\python38-32\lib\unittest\case.py&quot;, line 633, in _callTestMethod
    method()
  File &quot;C:\Users\A610037\PycharmProjects\git-selenium-framework2\tests\test_individual\test_sort_by.py&quot;, line 22, in test_sort_by_prices
    result = self.mb.mobile_sort_by_price()
  File &quot;C:\Users\A610037\PycharmProjects\git-selenium-framework2\pages\mobile_page\mobile_page.py&quot;, line 100, in mobile_sort_by_price
    self.mobile_tab()
  File &quot;C:\Users\A610037\PycharmProjects\git-selenium-framework2\pages\mobile_page\mobile_page.py&quot;, line 43, in mobile_tab
    self.elementClick(self._mobile,&quot;link&quot;)
  File &quot;C:\Users\A610037\PycharmProjects\git-selenium-framework2\base\selenium_driver.py&quot;, line 108, in elementClick
    print_stack()
  File &quot;c:\users\a610037\appdata\local\programs\python\python38-32\lib\runpy.py&quot;, line 193, in _run_module_as_main
    return _run_code(code, main_globals, None,
  File &quot;c:\users\a610037\appdata\local\programs\python\python38-32\lib\runpy.py&quot;, line 86, in _run_code
    exec(code, run_globals)
  File &quot;C:\Users\A610037\AppData\Local\Programs\Python\Python38-32\Scripts\pytest.exe\__main__.py&quot;, line 7, in &lt;module&gt;
    sys.exit(console_main())
  File &quot;c:\users\a610037\appdata\local\programs\python\python38-32\lib\site-packages\_pytest\config\__init__.py&quot;, line 185, in console_main
    code = main()
  File &quot;c:\users\a610037\appdata\local\programs\python\python38-32\lib\site-packages\_pytest\config\__init__.py&quot;, line 162, in main
    ret: Union[ExitCode, int] = config.hook.pytest_cmdline_main(
  File &quot;c:\users\a610037\appdata\local\programs\python\python38-32\lib\site-packages\pluggy\hooks.py&quot;, line 286, in __call__
    return self._hookexec(self, self.get_hookimpls(), kwargs)
  File &quot;c:\users\a610037\appdata\local\programs\python\python38-32\lib\site-packages\pluggy\manager.py&quot;, line 93, in _hookexec
    return self._inner_hookexec(hook, methods, kwargs)
  File &quot;c:\users\a610037\appdata\local\programs\python\python38-32\lib\site-packages\pluggy\manager.py&quot;, line 84, in &lt;lambda&gt;
    self._inner_hookexec = lambda hook, methods, kwargs: hook.multicall(
  File &quot;c:\users\a610037\appdata\local\programs\python\python38-32\lib\site-packages\pluggy\callers.py&quot;, line 187, in _multicall
    res = hook_impl.function(*args)
  File &quot;c:\users\a610037\appdata\local\programs\python\python38-32\lib\site-packages\_pytest\main.py&quot;, line 316, in pytest_cmdline_main
    return wrap_session(config, _main)
  File &quot;c:\users\a610037\appdata\local\programs\python\python38-32\lib\site-packages\_pytest\main.py&quot;, line 269, in wrap_session
    session.exitstatus = doit(config, session) or 0
  File &quot;c:\users\a610037\appdata\local\programs\python\python38-32\lib\site-packages\_pytest\main.py&quot;, line 323, in _main
    config.hook.pytest_runtestloop(session=session)
  File &quot;c:\users\a610037\appdata\local\programs\python\python38-32\lib\site-packages\pluggy\hooks.py&quot;, line 286, in __call__
    return self._hookexec(self, self.get_hookimpls(), kwargs)
  File &quot;c:\users\a610037\appdata\local\programs\python\python38-32\lib\site-packages\pluggy\manager.py&quot;, line 93, in _hookexec
    return self._inner_hookexec(hook, methods, kwargs)
  File &quot;c:\users\a610037\appdata\local\programs\python\python38-32\lib\site-packages\pluggy\manager.py&quot;, line 84, in &lt;lambda&gt;
    self._inner_hookexec = lambda hook, methods, kwargs: hook.multicall(
  File &quot;c:\users\a610037\appdata\local\programs\python\python38-32\lib\site-packages\pluggy\callers.py&quot;, line 187, in _multicall
    res = hook_impl.function(*args)
  File &quot;c:\users\a610037\appdata\local\programs\python\python38-32\lib\site-packages\_pytest\main.py&quot;, line 348, in pytest_runtestloop
    item.config.hook.pytest_runtest_protocol(item=item, nextitem=nextitem)
  File &quot;c:\users\a610037\appdata\local\programs\python\python38-32\lib\site-packages\pluggy\hooks.py&quot;, line 286, in __call__
    return self._hookexec(self, self.get_hookimpls(), kwargs)
  File &quot;c:\users\a610037\appdata\local\programs\python\python38-32\lib\site-packages\pluggy\manager.py&quot;, line 93, in _hookexec
    return self._inner_hookexec(hook, methods, kwargs)
  File &quot;c:\users\a610037\appdata\local\programs\python\python38-32\lib\site-packages\pluggy\manager.py&quot;, line 84, in &lt;lambda&gt;
    self._inner_hookexec = lambda hook, methods, kwargs: hook.multicall(
  File &quot;c:\users\a610037\appdata\local\programs\python\python38-32\lib\site-packages\pluggy\callers.py&quot;, line 187, in _multicall
    res = hook_impl.function(*args)
  File &quot;c:\users\a610037\appdata\local\programs\python\python38-32\lib\site-packages\_pytest\runner.py&quot;, line 109, in pytest_runtest_protocol
    runtestprotocol(item, nextitem=nextitem)
  File &quot;c:\users\a610037\appdata\local\programs\python\python38-32\lib\site-packages\_pytest\runner.py&quot;, line 126, in runtestprotocol
    reports.append(call_and_report(item, &quot;call&quot;, log))
  File &quot;c:\users\a610037\appdata\local\programs\python\python38-32\lib\site-packages\_pytest\runner.py&quot;, line 215, in call_and_report
    call = call_runtest_hook(item, when, **kwds)
  File &quot;c:\users\a610037\appdata\local\programs\python\python38-32\lib\site-packages\_pytest\runner.py&quot;, line 254, in call_runtest_hook
    return CallInfo.from_call(
  File &quot;c:\users\a610037\appdata\local\programs\python\python38-32\lib\site-packages\_pytest\runner.py&quot;, line 311, in from_call
    result: Optional[TResult] = func()
  File &quot;c:\users\a610037\appdata\local\programs\python\python38-32\lib\site-packages\_pytest\runner.py&quot;, line 255, in &lt;lambda&gt;
    lambda: ihook(item=item, **kwds), when=when, reraise=reraise
  File &quot;c:\users\a610037\appdata\local\programs\python\python38-32\lib\site-packages\pluggy\hooks.py&quot;, line 286, in __call__
    return self._hookexec(self, self.get_hookimpls(), kwargs)
  File &quot;c:\users\a610037\appdata\local\programs\python\python38-32\lib\site-packages\pluggy\manager.py&quot;, line 93, in _hookexec
    return self._inner_hookexec(hook, methods, kwargs)
  File &quot;c:\users\a610037\appdata\local\programs\python\python38-32\lib\site-packages\pluggy\manager.py&quot;, line 84, in &lt;lambda&gt;
    self._inner_hookexec = lambda hook, methods, kwargs: hook.multicall(
  File &quot;c:\users\a610037\appdata\local\programs\python\python38-32\lib\site-packages\pluggy\callers.py&quot;, line 187, in _multicall
    res = hook_impl.function(*args)
  File &quot;c:\users\a610037\appdata\local\programs\python\python38-32\lib\site-packages\_pytest\runner.py&quot;, line 162, in pytest_runtest_call
    item.runtest()
  File &quot;c:\users\a610037\appdata\local\programs\python\python38-32\lib\site-packages\_pytest\unittest.py&quot;, line 321, in runtest
    self._testcase(result=self)  # type: ignore[arg-type]
  File &quot;c:\users\a610037\appdata\local\programs\python\python38-32\lib\unittest\case.py&quot;, line 736, in __call__
    return self.run(*args, **kwds)
  File &quot;c:\users\a610037\appdata\local\programs\python\python38-32\lib\unittest\case.py&quot;, line 676, in run
    self._callTestMethod(testMethod)
  File &quot;c:\users\a610037\appdata\local\programs\python\python38-32\lib\unittest\case.py&quot;, line 633, in _callTestMethod
    method()
  File &quot;C:\Users\A610037\PycharmProjects\git-selenium-framework2\tests\test_individual\test_sort_by.py&quot;, line 22, in test_sort_by_prices
    result = self.mb.mobile_sort_by_price()
  File &quot;C:\Users\A610037\PycharmProjects\git-selenium-framework2\pages\mobile_page\mobile_page.py&quot;, line 101, in mobile_sort_by_price
    self.sort_by_price()
  File &quot;C:\Users\A610037\PycharmProjects\git-selenium-framework2\pages\mobile_page\mobile_page.py&quot;, line 50, in sort_by_price
    self.get_element_dropdown_value(locator=self._sort,locatorType=&#x27;xpath&#x27;,selectType=&#x27;text&#x27;,value=&#x27;Price&#x27;)
  File &quot;C:\Users\A610037\PycharmProjects\git-selenium-framework2\base\selenium_driver.py&quot;, line 81, in get_element_dropdown_value
    element = self.findElement(locator, locatorType)
  File &quot;C:\Users\A610037\PycharmProjects\git-selenium-framework2\base\selenium_driver.py&quot;, line 61, in findElement
    print_stack()
  File &quot;c:\users\a610037\appdata\local\programs\python\python38-32\lib\runpy.py&quot;, line 193, in _run_module_as_main
    return _run_code(code, main_globals, None,
  File &quot;c:\users\a610037\appdata\local\programs\python\python38-32\lib\runpy.py&quot;, line 86, in _run_code
    exec(code, run_globals)
  File &quot;C:\Users\A610037\AppData\Local\Programs\Python\Python38-32\Scripts\pytest.exe\__main__.py&quot;, line 7, in &lt;module&gt;
    sys.exit(console_main())
  File &quot;c:\users\a610037\appdata\local\programs\python\python38-32\lib\site-packages\_pytest\config\__init__.py&quot;, line 185, in console_main
    code = main()
  File &quot;c:\users\a610037\appdata\local\programs\python\python38-32\lib\site-packages\_pytest\config\__init__.py&quot;, line 162, in main
    ret: Union[ExitCode, int] = config.hook.pytest_cmdline_main(
  File &quot;c:\users\a610037\appdata\local\programs\python\python38-32\lib\site-packages\pluggy\hooks.py&quot;, line 286, in __call__
    return self._hookexec(self, self.get_hookimpls(), kwargs)
  File &quot;c:\users\a610037\appdata\local\programs\python\python38-32\lib\site-packages\pluggy\manager.py&quot;, line 93, in _hookexec
    return self._inner_hookexec(hook, methods, kwargs)
  File &quot;c:\users\a610037\appdata\local\programs\python\python38-32\lib\site-packages\pluggy\manager.py&quot;, line 84, in &lt;lambda&gt;
    self._inner_hookexec = lambda hook, methods, kwargs: hook.multicall(
  File &quot;c:\users\a610037\appdata\local\programs\python\python38-32\lib\site-packages\pluggy\callers.py&quot;, line 187, in _multicall
    res = hook_impl.function(*args)
  File &quot;c:\users\a610037\appdata\local\programs\python\python38-32\lib\site-packages\_pytest\main.py&quot;, line 316, in pytest_cmdline_main
    return wrap_session(config, _main)
  File &quot;c:\users\a610037\appdata\local\programs\python\python38-32\lib\site-packages\_pytest\main.py&quot;, line 269, in wrap_session
    session.exitstatus = doit(config, session) or 0
  File &quot;c:\users\a610037\appdata\local\programs\python\python38-32\lib\site-packages\_pytest\main.py&quot;, line 323, in _main
    config.hook.pytest_runtestloop(session=session)
  File &quot;c:\users\a610037\appdata\local\programs\python\python38-32\lib\site-packages\pluggy\hooks.py&quot;, line 286, in __call__
    return self._hookexec(self, self.get_hookimpls(), kwargs)
  File &quot;c:\users\a610037\appdata\local\programs\python\python38-32\lib\site-packages\pluggy\manager.py&quot;, line 93, in _hookexec
    return self._inner_hookexec(hook, methods, kwargs)
  File &quot;c:\users\a610037\appdata\local\programs\python\python38-32\lib\site-packages\pluggy\manager.py&quot;, line 84, in &lt;lambda&gt;
    self._inner_hookexec = lambda hook, methods, kwargs: hook.multicall(
  File &quot;c:\users\a610037\appdata\local\programs\python\python38-32\lib\site-packages\pluggy\callers.py&quot;, line 187, in _multicall
    res = hook_impl.function(*args)
  File &quot;c:\users\a610037\appdata\local\programs\python\python38-32\lib\site-packages\_pytest\main.py&quot;, line 348, in pytest_runtestloop
    item.config.hook.pytest_runtest_protocol(item=item, nextitem=nextitem)
  File &quot;c:\users\a610037\appdata\local\programs\python\python38-32\lib\site-packages\pluggy\hooks.py&quot;, line 286, in __call__
    return self._hookexec(self, self.get_hookimpls(), kwargs)
  File &quot;c:\users\a610037\appdata\local\programs\python\python38-32\lib\site-packages\pluggy\manager.py&quot;, line 93, in _hookexec
    return self._inner_hookexec(hook, methods, kwargs)
  File &quot;c:\users\a610037\appdata\local\programs\python\python38-32\lib\site-packages\pluggy\manager.py&quot;, line 84, in &lt;lambda&gt;
    self._inner_hookexec = lambda hook, methods, kwargs: hook.multicall(
  File &quot;c:\users\a610037\appdata\local\programs\python\python38-32\lib\site-packages\pluggy\callers.py&quot;, line 187, in _multicall
    res = hook_impl.function(*args)
  File &quot;c:\users\a610037\appdata\local\programs\python\python38-32\lib\site-packages\_pytest\runner.py&quot;, line 109, in pytest_runtest_protocol
    runtestprotocol(item, nextitem=nextitem)
  File &quot;c:\users\a610037\appdata\local\programs\python\python38-32\lib\site-packages\_pytest\runner.py&quot;, line 126, in runtestprotocol
    reports.append(call_and_report(item, &quot;call&quot;, log))
  File &quot;c:\users\a610037\appdata\local\programs\python\python38-32\lib\site-packages\_pytest\runner.py&quot;, line 215, in call_and_report
    call = call_runtest_hook(item, when, **kwds)
  File &quot;c:\users\a610037\appdata\local\programs\python\python38-32\lib\site-packages\_pytest\runner.py&quot;, line 254, in call_runtest_hook
    return CallInfo.from_call(
  File &quot;c:\users\a610037\appdata\local\programs\python\python38-32\lib\site-packages\_pytest\runner.py&quot;, line 311, in from_call
    result: Optional[TResult] = func()
  File &quot;c:\users\a610037\appdata\local\programs\python\python38-32\lib\site-packages\_pytest\runner.py&quot;, line 255, in &lt;lambda&gt;
    lambda: ihook(item=item, **kwds), when=when, reraise=reraise
  File &quot;c:\users\a610037\appdata\local\programs\python\python38-32\lib\site-packages\pluggy\hooks.py&quot;, line 286, in __call__
    return self._hookexec(self, self.get_hookimpls(), kwargs)
  File &quot;c:\users\a610037\appdata\local\programs\python\python38-32\lib\site-packages\pluggy\manager.py&quot;, line 93, in _hookexec
    return self._inner_hookexec(hook, methods, kwargs)
  File &quot;c:\users\a610037\appdata\local\programs\python\python38-32\lib\site-packages\pluggy\manager.py&quot;, line 84, in &lt;lambda&gt;
    self._inner_hookexec = lambda hook, methods, kwargs: hook.multicall(
  File &quot;c:\users\a610037\appdata\local\programs\python\python38-32\lib\site-packages\pluggy\callers.py&quot;, line 187, in _multicall
    res = hook_impl.function(*args)
  File &quot;c:\users\a610037\appdata\local\programs\python\python38-32\lib\site-packages\_pytest\runner.py&quot;, line 162, in pytest_runtest_call
    item.runtest()
  File &quot;c:\users\a610037\appdata\local\programs\python\python38-32\lib\site-packages\_pytest\unittest.py&quot;, line 321, in runtest
    self._testcase(result=self)  # type: ignore[arg-type]
  File &quot;c:\users\a610037\appdata\local\programs\python\python38-32\lib\unittest\case.py&quot;, line 736, in __call__
    return self.run(*args, **kwds)
  File &quot;c:\users\a610037\appdata\local\programs\python\python38-32\lib\unittest\case.py&quot;, line 676, in run
    self._callTestMethod(testMethod)
  File &quot;c:\users\a610037\appdata\local\programs\python\python38-32\lib\unittest\case.py&quot;, line 633, in _callTestMethod
    method()
  File &quot;C:\Users\A610037\PycharmProjects\git-selenium-framework2\tests\test_individual\test_sort_by.py&quot;, line 22, in test_sort_by_prices
    result = self.mb.mobile_sort_by_price()
  File &quot;C:\Users\A610037\PycharmProjects\git-selenium-framework2\pages\mobile_page\mobile_page.py&quot;, line 101, in mobile_sort_by_price
    self.sort_by_price()
  File &quot;C:\Users\A610037\PycharmProjects\git-selenium-framework2\pages\mobile_page\mobile_page.py&quot;, line 50, in sort_by_price
    self.get_element_dropdown_value(locator=self._sort,locatorType=&#x27;xpath&#x27;,selectType=&#x27;text&#x27;,value=&#x27;Price&#x27;)
  File &quot;C:\Users\A610037\PycharmProjects\git-selenium-framework2\base\selenium_driver.py&quot;, line 98, in get_element_dropdown_value
    print_stack()
  File &quot;c:\users\a610037\appdata\local\programs\python\python38-32\lib\runpy.py&quot;, line 193, in _run_module_as_main
    return _run_code(code, main_globals, None,
  File &quot;c:\users\a610037\appdata\local\programs\python\python38-32\lib\runpy.py&quot;, line 86, in _run_code
    exec(code, run_globals)
  File &quot;C:\Users\A610037\AppData\Local\Programs\Python\Python38-32\Scripts\pytest.exe\__main__.py&quot;, line 7, in &lt;module&gt;
    sys.exit(console_main())
  File &quot;c:\users\a610037\appdata\local\programs\python\python38-32\lib\site-packages\_pytest\config\__init__.py&quot;, line 185, in console_main
    code = main()
  File &quot;c:\users\a610037\appdata\local\programs\python\python38-32\lib\site-packages\_pytest\config\__init__.py&quot;, line 162, in main
    ret: Union[ExitCode, int] = config.hook.pytest_cmdline_main(
  File &quot;c:\users\a610037\appdata\local\programs\python\python38-32\lib\site-packages\pluggy\hooks.py&quot;, line 286, in __call__
    return self._hookexec(self, self.get_hookimpls(), kwargs)
  File &quot;c:\users\a610037\appdata\local\programs\python\python38-32\lib\site-packages\pluggy\manager.py&quot;, line 93, in _hookexec
    return self._inner_hookexec(hook, methods, kwargs)
  File &quot;c:\users\a610037\appdata\local\programs\python\python38-32\lib\site-packages\pluggy\manager.py&quot;, line 84, in &lt;lambda&gt;
    self._inner_hookexec = lambda hook, methods, kwargs: hook.multicall(
  File &quot;c:\users\a610037\appdata\local\programs\python\python38-32\lib\site-packages\pluggy\callers.py&quot;, line 187, in _multicall
    res = hook_impl.function(*args)
  File &quot;c:\users\a610037\appdata\local\programs\python\python38-32\lib\site-packages\_pytest\main.py&quot;, line 316, in pytest_cmdline_main
    return wrap_session(config, _main)
  File &quot;c:\users\a610037\appdata\local\programs\python\python38-32\lib\site-packages\_pytest\main.py&quot;, line 269, in wrap_session
    session.exitstatus = doit(config, session) or 0
  File &quot;c:\users\a610037\appdata\local\programs\python\python38-32\lib\site-packages\_pytest\main.py&quot;, line 323, in _main
    config.hook.pytest_runtestloop(session=session)
  File &quot;c:\users\a610037\appdata\local\programs\python\python38-32\lib\site-packages\pluggy\hooks.py&quot;, line 286, in __call__
    return self._hookexec(self, self.get_hookimpls(), kwargs)
  File &quot;c:\users\a610037\appdata\local\programs\python\python38-32\lib\site-packages\pluggy\manager.py&quot;, line 93, in _hookexec
    return self._inner_hookexec(hook, methods, kwargs)
  File &quot;c:\users\a610037\appdata\local\programs\python\python38-32\lib\site-packages\pluggy\manager.py&quot;, line 84, in &lt;lambda&gt;
    self._inner_hookexec = lambda hook, methods, kwargs: hook.multicall(
  File &quot;c:\users\a610037\appdata\local\programs\python\python38-32\lib\site-packages\pluggy\callers.py&quot;, line 187, in _multicall
    res = hook_impl.function(*args)
  File &quot;c:\users\a610037\appdata\local\programs\python\python38-32\lib\site-packages\_pytest\main.py&quot;, line 348, in pytest_runtestloop
    item.config.hook.pytest_runtest_protocol(item=item, nextitem=nextitem)
  File &quot;c:\users\a610037\appdata\local\programs\python\python38-32\lib\site-packages\pluggy\hooks.py&quot;, line 286, in __call__
    return self._hookexec(self, self.get_hookimpls(), kwargs)
  File &quot;c:\users\a610037\appdata\local\programs\python\python38-32\lib\site-packages\pluggy\manager.py&quot;, line 93, in _hookexec
    return self._inner_hookexec(hook, methods, kwargs)
  File &quot;c:\users\a610037\appdata\local\programs\python\python38-32\lib\site-packages\pluggy\manager.py&quot;, line 84, in &lt;lambda&gt;
    self._inner_hookexec = lambda hook, methods, kwargs: hook.multicall(
  File &quot;c:\users\a610037\appdata\local\programs\python\python38-32\lib\site-packages\pluggy\callers.py&quot;, line 187, in _multicall
    res = hook_impl.function(*args)
  File &quot;c:\users\a610037\appdata\local\programs\python\python38-32\lib\site-packages\_pytest\runner.py&quot;, line 109, in pytest_runtest_protocol
    runtestprotocol(item, nextitem=nextitem)
  File &quot;c:\users\a610037\appdata\local\programs\python\python38-32\lib\site-packages\_pytest\runner.py&quot;, line 126, in runtestprotocol
    reports.append(call_and_report(item, &quot;call&quot;, log))
  File &quot;c:\users\a610037\appdata\local\programs\python\python38-32\lib\site-packages\_pytest\runner.py&quot;, line 215, in call_and_report
    call = call_runtest_hook(item, when, **kwds)
  File &quot;c:\users\a610037\appdata\local\programs\python\python38-32\lib\site-packages\_pytest\runner.py&quot;, line 254, in call_runtest_hook
    return CallInfo.from_call(
  File &quot;c:\users\a610037\appdata\local\programs\python\python38-32\lib\site-packages\_pytest\runner.py&quot;, line 311, in from_call
    result: Optional[TResult] = func()
  File &quot;c:\users\a610037\appdata\local\programs\python\python38-32\lib\site-packages\_pytest\runner.py&quot;, line 255, in &lt;lambda&gt;
    lambda: ihook(item=item, **kwds), when=when, reraise=reraise
  File &quot;c:\users\a610037\appdata\local\programs\python\python38-32\lib\site-packages\pluggy\hooks.py&quot;, line 286, in __call__
    return self._hookexec(self, self.get_hookimpls(), kwargs)
  File &quot;c:\users\a610037\appdata\local\programs\python\python38-32\lib\site-packages\pluggy\manager.py&quot;, line 93, in _hookexec
    return self._inner_hookexec(hook, methods, kwargs)
  File &quot;c:\users\a610037\appdata\local\programs\python\python38-32\lib\site-packages\pluggy\manager.py&quot;, line 84, in &lt;lambda&gt;
    self._inner_hookexec = lambda hook, methods, kwargs: hook.multicall(
  File &quot;c:\users\a610037\appdata\local\programs\python\python38-32\lib\site-packages\pluggy\callers.py&quot;, line 187, in _multicall
    res = hook_impl.function(*args)
  File &quot;c:\users\a610037\appdata\local\programs\python\python38-32\lib\site-packages\_pytest\runner.py&quot;, line 162, in pytest_runtest_call
    item.runtest()
  File &quot;c:\users\a610037\appdata\local\programs\python\python38-32\lib\site-packages\_pytest\unittest.py&quot;, line 321, in runtest
    self._testcase(result=self)  # type: ignore[arg-type]
  File &quot;c:\users\a610037\appdata\local\programs\python\python38-32\lib\unittest\case.py&quot;, line 736, in __call__
    return self.run(*args, **kwds)
  File &quot;c:\users\a610037\appdata\local\programs\python\python38-32\lib\unittest\case.py&quot;, line 676, in run
    self._callTestMethod(testMethod)
  File &quot;c:\users\a610037\appdata\local\programs\python\python38-32\lib\unittest\case.py&quot;, line 633, in _callTestMethod
    method()
  File &quot;C:\Users\A610037\PycharmProjects\git-selenium-framework2\tests\test_individual\test_sort_by.py&quot;, line 22, in test_sort_by_prices
    result = self.mb.mobile_sort_by_price()
  File &quot;C:\Users\A610037\PycharmProjects\git-selenium-framework2\pages\mobile_page\mobile_page.py&quot;, line 102, in mobile_sort_by_price
    return self.sort_result_price()
  File &quot;C:\Users\A610037\PycharmProjects\git-selenium-framework2\pages\mobile_page\mobile_page.py&quot;, line 60, in sort_result_price
    sort_result_list = [self.getText(self._sony,&quot;link&quot;),self.getText(self._samsung,&quot;link&quot;),self.getText(self._Iphone,&quot;link&quot;)]
  File &quot;C:\Users\A610037\PycharmProjects\git-selenium-framework2\base\selenium_driver.py&quot;, line 126, in getText
    element = self.findElement(locator, locatorType)
  File &quot;C:\Users\A610037\PycharmProjects\git-selenium-framework2\base\selenium_driver.py&quot;, line 61, in findElement
    print_stack()
  File &quot;c:\users\a610037\appdata\local\programs\python\python38-32\lib\runpy.py&quot;, line 193, in _run_module_as_main
    return _run_code(code, main_globals, None,
  File &quot;c:\users\a610037\appdata\local\programs\python\python38-32\lib\runpy.py&quot;, line 86, in _run_code
    exec(code, run_globals)
  File &quot;C:\Users\A610037\AppData\Local\Programs\Python\Python38-32\Scripts\pytest.exe\__main__.py&quot;, line 7, in &lt;module&gt;
    sys.exit(console_main())
  File &quot;c:\users\a610037\appdata\local\programs\python\python38-32\lib\site-packages\_pytest\config\__init__.py&quot;, line 185, in console_main
    code = main()
  File &quot;c:\users\a610037\appdata\local\programs\python\python38-32\lib\site-packages\_pytest\config\__init__.py&quot;, line 162, in main
    ret: Union[ExitCode, int] = config.hook.pytest_cmdline_main(
  File &quot;c:\users\a610037\appdata\local\programs\python\python38-32\lib\site-packages\pluggy\hooks.py&quot;, line 286, in __call__
    return self._hookexec(self, self.get_hookimpls(), kwargs)
  File &quot;c:\users\a610037\appdata\local\programs\python\python38-32\lib\site-packages\pluggy\manager.py&quot;, line 93, in _hookexec
    return self._inner_hookexec(hook, methods, kwargs)
  File &quot;c:\users\a610037\appdata\local\programs\python\python38-32\lib\site-packages\pluggy\manager.py&quot;, line 84, in &lt;lambda&gt;
    self._inner_hookexec = lambda hook, methods, kwargs: hook.multicall(
  File &quot;c:\users\a610037\appdata\local\programs\python\python38-32\lib\site-packages\pluggy\callers.py&quot;, line 187, in _multicall
    res = hook_impl.function(*args)
  File &quot;c:\users\a610037\appdata\local\programs\python\python38-32\lib\site-packages\_pytest\main.py&quot;, line 316, in pytest_cmdline_main
    return wrap_session(config, _main)
  File &quot;c:\users\a610037\appdata\local\programs\python\python38-32\lib\site-packages\_pytest\main.py&quot;, line 269, in wrap_session
    session.exitstatus = doit(config, session) or 0
  File &quot;c:\users\a610037\appdata\local\programs\python\python38-32\lib\site-packages\_pytest\main.py&quot;, line 323, in _main
    config.hook.pytest_runtestloop(session=session)
  File &quot;c:\users\a610037\appdata\local\programs\python\python38-32\lib\site-packages\pluggy\hooks.py&quot;, line 286, in __call__
    return self._hookexec(self, self.get_hookimpls(), kwargs)
  File &quot;c:\users\a610037\appdata\local\programs\python\python38-32\lib\site-packages\pluggy\manager.py&quot;, line 93, in _hookexec
    return self._inner_hookexec(hook, methods, kwargs)
  File &quot;c:\users\a610037\appdata\local\programs\python\python38-32\lib\site-packages\pluggy\manager.py&quot;, line 84, in &lt;lambda&gt;
    self._inner_hookexec = lambda hook, methods, kwargs: hook.multicall(
  File &quot;c:\users\a610037\appdata\local\programs\python\python38-32\lib\site-packages\pluggy\callers.py&quot;, line 187, in _multicall
    res = hook_impl.function(*args)
  File &quot;c:\users\a610037\appdata\local\programs\python\python38-32\lib\site-packages\_pytest\main.py&quot;, line 348, in pytest_runtestloop
    item.config.hook.pytest_runtest_protocol(item=item, nextitem=nextitem)
  File &quot;c:\users\a610037\appdata\local\programs\python\python38-32\lib\site-packages\pluggy\hooks.py&quot;, line 286, in __call__
    return self._hookexec(self, self.get_hookimpls(), kwargs)
  File &quot;c:\users\a610037\appdata\local\programs\python\python38-32\lib\site-packages\pluggy\manager.py&quot;, line 93, in _hookexec
    return self._inner_hookexec(hook, methods, kwargs)
  File &quot;c:\users\a610037\appdata\local\programs\python\python38-32\lib\site-packages\pluggy\manager.py&quot;, line 84, in &lt;lambda&gt;
    self._inner_hookexec = lambda hook, methods, kwargs: hook.multicall(
  File &quot;c:\users\a610037\appdata\local\programs\python\python38-32\lib\site-packages\pluggy\callers.py&quot;, line 187, in _multicall
    res = hook_impl.function(*args)
  File &quot;c:\users\a610037\appdata\local\programs\python\python38-32\lib\site-packages\_pytest\runner.py&quot;, line 109, in pytest_runtest_protocol
    runtestprotocol(item, nextitem=nextitem)
  File &quot;c:\users\a610037\appdata\local\programs\python\python38-32\lib\site-packages\_pytest\runner.py&quot;, line 126, in runtestprotocol
    reports.append(call_and_report(item, &quot;call&quot;, log))
  File &quot;c:\users\a610037\appdata\local\programs\python\python38-32\lib\site-packages\_pytest\runner.py&quot;, line 215, in call_and_report
    call = call_runtest_hook(item, when, **kwds)
  File &quot;c:\users\a610037\appdata\local\programs\python\python38-32\lib\site-packages\_pytest\runner.py&quot;, line 254, in call_runtest_hook
    return CallInfo.from_call(
  File &quot;c:\users\a610037\appdata\local\programs\python\python38-32\lib\site-packages\_pytest\runner.py&quot;, line 311, in from_call
    result: Optional[TResult] = func()
  File &quot;c:\users\a610037\appdata\local\programs\python\python38-32\lib\site-packages\_pytest\runner.py&quot;, line 255, in &lt;lambda&gt;
    lambda: ihook(item=item, **kwds), when=when, reraise=reraise
  File &quot;c:\users\a610037\appdata\local\programs\python\python38-32\lib\site-packages\pluggy\hooks.py&quot;, line 286, in __call__
    return self._hookexec(self, self.get_hookimpls(), kwargs)
  File &quot;c:\users\a610037\appdata\local\programs\python\python38-32\lib\site-packages\pluggy\manager.py&quot;, line 93, in _hookexec
    return self._inner_hookexec(hook, methods, kwargs)
  File &quot;c:\users\a610037\appdata\local\programs\python\python38-32\lib\site-packages\pluggy\manager.py&quot;, line 84, in &lt;lambda&gt;
    self._inner_hookexec = lambda hook, methods, kwargs: hook.multicall(
  File &quot;c:\users\a610037\appdata\local\programs\python\python38-32\lib\site-packages\pluggy\callers.py&quot;, line 187, in _multicall
    res = hook_impl.function(*args)
  File &quot;c:\users\a610037\appdata\local\programs\python\python38-32\lib\site-packages\_pytest\runner.py&quot;, line 162, in pytest_runtest_call
    item.runtest()
  File &quot;c:\users\a610037\appdata\local\programs\python\python38-32\lib\site-packages\_pytest\unittest.py&quot;, line 321, in runtest
    self._testcase(result=self)  # type: ignore[arg-type]
  File &quot;c:\users\a610037\appdata\local\programs\python\python38-32\lib\unittest\case.py&quot;, line 736, in __call__
    return self.run(*args, **kwds)
  File &quot;c:\users\a610037\appdata\local\programs\python\python38-32\lib\unittest\case.py&quot;, line 676, in run
    self._callTestMethod(testMethod)
  File &quot;c:\users\a610037\appdata\local\programs\python\python38-32\lib\unittest\case.py&quot;, line 633, in _callTestMethod
    method()
  File &quot;C:\Users\A610037\PycharmProjects\git-selenium-framework2\tests\test_individual\test_sort_by.py&quot;, line 22, in test_sort_by_prices
    result = self.mb.mobile_sort_by_price()
  File &quot;C:\Users\A610037\PycharmProjects\git-selenium-framework2\pages\mobile_page\mobile_page.py&quot;, line 102, in mobile_sort_by_price
    return self.sort_result_price()
  File &quot;C:\Users\A610037\PycharmProjects\git-selenium-framework2\pages\mobile_page\mobile_page.py&quot;, line 60, in sort_result_price
    sort_result_list = [self.getText(self._sony,&quot;link&quot;),self.getText(self._samsung,&quot;link&quot;),self.getText(self._Iphone,&quot;link&quot;)]
  File &quot;C:\Users\A610037\PycharmProjects\git-selenium-framework2\base\selenium_driver.py&quot;, line 133, in getText
    print_stack()
  File &quot;c:\users\a610037\appdata\local\programs\python\python38-32\lib\runpy.py&quot;, line 193, in _run_module_as_main
    return _run_code(code, main_globals, None,
  File &quot;c:\users\a610037\appdata\local\programs\python\python38-32\lib\runpy.py&quot;, line 86, in _run_code
    exec(code, run_globals)
  File &quot;C:\Users\A610037\AppData\Local\Programs\Python\Python38-32\Scripts\pytest.exe\__main__.py&quot;, line 7, in &lt;module&gt;
    sys.exit(console_main())
  File &quot;c:\users\a610037\appdata\local\programs\python\python38-32\lib\site-packages\_pytest\config\__init__.py&quot;, line 185, in console_main
    code = main()
  File &quot;c:\users\a610037\appdata\local\programs\python\python38-32\lib\site-packages\_pytest\config\__init__.py&quot;, line 162, in main
    ret: Union[ExitCode, int] = config.hook.pytest_cmdline_main(
  File &quot;c:\users\a610037\appdata\local\programs\python\python38-32\lib\site-packages\pluggy\hooks.py&quot;, line 286, in __call__
    return self._hookexec(self, self.get_hookimpls(), kwargs)
  File &quot;c:\users\a610037\appdata\local\programs\python\python38-32\lib\site-packages\pluggy\manager.py&quot;, line 93, in _hookexec
    return self._inner_hookexec(hook, methods, kwargs)
  File &quot;c:\users\a610037\appdata\local\programs\python\python38-32\lib\site-packages\pluggy\manager.py&quot;, line 84, in &lt;lambda&gt;
    self._inner_hookexec = lambda hook, methods, kwargs: hook.multicall(
  File &quot;c:\users\a610037\appdata\local\programs\python\python38-32\lib\site-packages\pluggy\callers.py&quot;, line 187, in _multicall
    res = hook_impl.function(*args)
  File &quot;c:\users\a610037\appdata\local\programs\python\python38-32\lib\site-packages\_pytest\main.py&quot;, line 316, in pytest_cmdline_main
    return wrap_session(config, _main)
  File &quot;c:\users\a610037\appdata\local\programs\python\python38-32\lib\site-packages\_pytest\main.py&quot;, line 269, in wrap_session
    session.exitstatus = doit(config, session) or 0
  File &quot;c:\users\a610037\appdata\local\programs\python\python38-32\lib\site-packages\_pytest\main.py&quot;, line 323, in _main
    config.hook.pytest_runtestloop(session=session)
  File &quot;c:\users\a610037\appdata\local\programs\python\python38-32\lib\site-packages\pluggy\hooks.py&quot;, line 286, in __call__
    return self._hookexec(self, self.get_hookimpls(), kwargs)
  File &quot;c:\users\a610037\appdata\local\programs\python\python38-32\lib\site-packages\pluggy\manager.py&quot;, line 93, in _hookexec
    return self._inner_hookexec(hook, methods, kwargs)
  File &quot;c:\users\a610037\appdata\local\programs\python\python38-32\lib\site-packages\pluggy\manager.py&quot;, line 84, in &lt;lambda&gt;
    self._inner_hookexec = lambda hook, methods, kwargs: hook.multicall(
  File &quot;c:\users\a610037\appdata\local\programs\python\python38-32\lib\site-packages\pluggy\callers.py&quot;, line 187, in _multicall
    res = hook_impl.function(*args)
  File &quot;c:\users\a610037\appdata\local\programs\python\python38-32\lib\site-packages\_pytest\main.py&quot;, line 348, in pytest_runtestloop
    item.config.hook.pytest_runtest_protocol(item=item, nextitem=nextitem)
  File &quot;c:\users\a610037\appdata\local\programs\python\python38-32\lib\site-packages\pluggy\hooks.py&quot;, line 286, in __call__
    return self._hookexec(self, self.get_hookimpls(), kwargs)
  File &quot;c:\users\a610037\appdata\local\programs\python\python38-32\lib\site-packages\pluggy\manager.py&quot;, line 93, in _hookexec
    return self._inner_hookexec(hook, methods, kwargs)
  File &quot;c:\users\a610037\appdata\local\programs\python\python38-32\lib\site-packages\pluggy\manager.py&quot;, line 84, in &lt;lambda&gt;
    self._inner_hookexec = lambda hook, methods, kwargs: hook.multicall(
  File &quot;c:\users\a610037\appdata\local\programs\python\python38-32\lib\site-packages\pluggy\callers.py&quot;, line 187, in _multicall
    res = hook_impl.function(*args)
  File &quot;c:\users\a610037\appdata\local\programs\python\python38-32\lib\site-packages\_pytest\runner.py&quot;, line 109, in pytest_runtest_protocol
    runtestprotocol(item, nextitem=nextitem)
  File &quot;c:\users\a610037\appdata\local\programs\python\python38-32\lib\site-packages\_pytest\runner.py&quot;, line 126, in runtestprotocol
    reports.append(call_and_report(item, &quot;call&quot;, log))
  File &quot;c:\users\a610037\appdata\local\programs\python\python38-32\lib\site-packages\_pytest\runner.py&quot;, line 215, in call_and_report
    call = call_runtest_hook(item, when, **kwds)
  File &quot;c:\users\a610037\appdata\local\programs\python\python38-32\lib\site-packages\_pytest\runner.py&quot;, line 254, in call_runtest_hook
    return CallInfo.from_call(
  File &quot;c:\users\a610037\appdata\local\programs\python\python38-32\lib\site-packages\_pytest\runner.py&quot;, line 311, in from_call
    result: Optional[TResult] = func()
  File &quot;c:\users\a610037\appdata\local\programs\python\python38-32\lib\site-packages\_pytest\runner.py&quot;, line 255, in &lt;lambda&gt;
    lambda: ihook(item=item, **kwds), when=when, reraise=reraise
  File &quot;c:\users\a610037\appdata\local\programs\python\python38-32\lib\site-packages\pluggy\hooks.py&quot;, line 286, in __call__
    return self._hookexec(self, self.get_hookimpls(), kwargs)
  File &quot;c:\users\a610037\appdata\local\programs\python\python38-32\lib\site-packages\pluggy\manager.py&quot;, line 93, in _hookexec
    return self._inner_hookexec(hook, methods, kwargs)
  File &quot;c:\users\a610037\appdata\local\programs\python\python38-32\lib\site-packages\pluggy\manager.py&quot;, line 84, in &lt;lambda&gt;
    self._inner_hookexec = lambda hook, methods, kwargs: hook.multicall(
  File &quot;c:\users\a610037\appdata\local\programs\python\python38-32\lib\site-packages\pluggy\callers.py&quot;, line 187, in _multicall
    res = hook_impl.function(*args)
  File &quot;c:\users\a610037\appdata\local\programs\python\python38-32\lib\site-packages\_pytest\runner.py&quot;, line 162, in pytest_runtest_call
    item.runtest()
  File &quot;c:\users\a610037\appdata\local\programs\python\python38-32\lib\site-packages\_pytest\unittest.py&quot;, line 321, in runtest
    self._testcase(result=self)  # type: ignore[arg-type]
  File &quot;c:\users\a610037\appdata\local\programs\python\python38-32\lib\unittest\case.py&quot;, line 736, in __call__
    return self.run(*args, **kwds)
  File &quot;c:\users\a610037\appdata\local\programs\python\python38-32\lib\unittest\case.py&quot;, line 676, in run
    self._callTestMethod(testMethod)
  File &quot;c:\users\a610037\appdata\local\programs\python\python38-32\lib\unittest\case.py&quot;, line 633, in _callTestMethod
    method()
  File &quot;C:\Users\A610037\PycharmProjects\git-selenium-framework2\tests\test_individual\test_sort_by.py&quot;, line 22, in test_sort_by_prices
    result = self.mb.mobile_sort_by_price()
  File &quot;C:\Users\A610037\PycharmProjects\git-selenium-framework2\pages\mobile_page\mobile_page.py&quot;, line 102, in mobile_sort_by_price
    return self.sort_result_price()
  File &quot;C:\Users\A610037\PycharmProjects\git-selenium-framework2\pages\mobile_page\mobile_page.py&quot;, line 60, in sort_result_price
    sort_result_list = [self.getText(self._sony,&quot;link&quot;),self.getText(self._samsung,&quot;link&quot;),self.getText(self._Iphone,&quot;link&quot;)]
  File &quot;C:\Users\A610037\PycharmProjects\git-selenium-framework2\base\selenium_driver.py&quot;, line 126, in getText
    element = self.findElement(locator, locatorType)
  File &quot;C:\Users\A610037\PycharmProjects\git-selenium-framework2\base\selenium_driver.py&quot;, line 61, in findElement
    print_stack()
  File &quot;c:\users\a610037\appdata\local\programs\python\python38-32\lib\runpy.py&quot;, line 193, in _run_module_as_main
    return _run_code(code, main_globals, None,
  File &quot;c:\users\a610037\appdata\local\programs\python\python38-32\lib\runpy.py&quot;, line 86, in _run_code
    exec(code, run_globals)
  File &quot;C:\Users\A610037\AppData\Local\Programs\Python\Python38-32\Scripts\pytest.exe\__main__.py&quot;, line 7, in &lt;module&gt;
    sys.exit(console_main())
  File &quot;c:\users\a610037\appdata\local\programs\python\python38-32\lib\site-packages\_pytest\config\__init__.py&quot;, line 185, in console_main
    code = main()
  File &quot;c:\users\a610037\appdata\local\programs\python\python38-32\lib\site-packages\_pytest\config\__init__.py&quot;, line 162, in main
    ret: Union[ExitCode, int] = config.hook.pytest_cmdline_main(
  File &quot;c:\users\a610037\appdata\local\programs\python\python38-32\lib\site-packages\pluggy\hooks.py&quot;, line 286, in __call__
    return self._hookexec(self, self.get_hookimpls(), kwargs)
  File &quot;c:\users\a610037\appdata\local\programs\python\python38-32\lib\site-packages\pluggy\manager.py&quot;, line 93, in _hookexec
    return self._inner_hookexec(hook, methods, kwargs)
  File &quot;c:\users\a610037\appdata\local\programs\python\python38-32\lib\site-packages\pluggy\manager.py&quot;, line 84, in &lt;lambda&gt;
    self._inner_hookexec = lambda hook, methods, kwargs: hook.multicall(
  File &quot;c:\users\a610037\appdata\local\programs\python\python38-32\lib\site-packages\pluggy\callers.py&quot;, line 187, in _multicall
    res = hook_impl.function(*args)
  File &quot;c:\users\a610037\appdata\local\programs\python\python38-32\lib\site-packages\_pytest\main.py&quot;, line 316, in pytest_cmdline_main
    return wrap_session(config, _main)
  File &quot;c:\users\a610037\appdata\local\programs\python\python38-32\lib\site-packages\_pytest\main.py&quot;, line 269, in wrap_session
    session.exitstatus = doit(config, session) or 0
  File &quot;c:\users\a610037\appdata\local\programs\python\python38-32\lib\site-packages\_pytest\main.py&quot;, line 323, in _main
    config.hook.pytest_runtestloop(session=session)
  File &quot;c:\users\a610037\appdata\local\programs\python\python38-32\lib\site-packages\pluggy\hooks.py&quot;, line 286, in __call__
    return self._hookexec(self, self.get_hookimpls(), kwargs)
  File &quot;c:\users\a610037\appdata\local\programs\python\python38-32\lib\site-packages\pluggy\manager.py&quot;, line 93, in _hookexec
    return self._inner_hookexec(hook, methods, kwargs)
  File &quot;c:\users\a610037\appdata\local\programs\python\python38-32\lib\site-packages\pluggy\manager.py&quot;, line 84, in &lt;lambda&gt;
    self._inner_hookexec = lambda hook, methods, kwargs: hook.multicall(
  File &quot;c:\users\a610037\appdata\local\programs\python\python38-32\lib\site-packages\pluggy\callers.py&quot;, line 187, in _multicall
    res = hook_impl.function(*args)
  File &quot;c:\users\a610037\appdata\local\programs\python\python38-32\lib\site-packages\_pytest\main.py&quot;, line 348, in pytest_runtestloop
    item.config.hook.pytest_runtest_protocol(item=item, nextitem=nextitem)
  File &quot;c:\users\a610037\appdata\local\programs\python\python38-32\lib\site-packages\pluggy\hooks.py&quot;, line 286, in __call__
    return self._hookexec(self, self.get_hookimpls(), kwargs)
  File &quot;c:\users\a610037\appdata\local\programs\python\python38-32\lib\site-packages\pluggy\manager.py&quot;, line 93, in _hookexec
    return self._inner_hookexec(hook, methods, kwargs)
  File &quot;c:\users\a610037\appdata\local\programs\python\python38-32\lib\site-packages\pluggy\manager.py&quot;, line 84, in &lt;lambda&gt;
    self._inner_hookexec = lambda hook, methods, kwargs: hook.multicall(
  File &quot;c:\users\a610037\appdata\local\programs\python\python38-32\lib\site-packages\pluggy\callers.py&quot;, line 187, in _multicall
    res = hook_impl.function(*args)
  File &quot;c:\users\a610037\appdata\local\programs\python\python38-32\lib\site-packages\_pytest\runner.py&quot;, line 109, in pytest_runtest_protocol
    runtestprotocol(item, nextitem=nextitem)
  File &quot;c:\users\a610037\appdata\local\programs\python\python38-32\lib\site-packages\_pytest\runner.py&quot;, line 126, in runtestprotocol
    reports.append(call_and_report(item, &quot;call&quot;, log))
  File &quot;c:\users\a610037\appdata\local\programs\python\python38-32\lib\site-packages\_pytest\runner.py&quot;, line 215, in call_and_report
    call = call_runtest_hook(item, when, **kwds)
  File &quot;c:\users\a610037\appdata\local\programs\python\python38-32\lib\site-packages\_pytest\runner.py&quot;, line 254, in call_runtest_hook
    return CallInfo.from_call(
  File &quot;c:\users\a610037\appdata\local\programs\python\python38-32\lib\site-packages\_pytest\runner.py&quot;, line 311, in from_call
    result: Optional[TResult] = func()
  File &quot;c:\users\a610037\appdata\local\programs\python\python38-32\lib\site-packages\_pytest\runner.py&quot;, line 255, in &lt;lambda&gt;
    lambda: ihook(item=item, **kwds), when=when, reraise=reraise
  File &quot;c:\users\a610037\appdata\local\programs\python\python38-32\lib\site-packages\pluggy\hooks.py&quot;, line 286, in __call__
    return self._hookexec(self, self.get_hookimpls(), kwargs)
  File &quot;c:\users\a610037\appdata\local\programs\python\python38-32\lib\site-packages\pluggy\manager.py&quot;, line 93, in _hookexec
    return self._inner_hookexec(hook, methods, kwargs)
  File &quot;c:\users\a610037\appdata\local\programs\python\python38-32\lib\site-packages\pluggy\manager.py&quot;, line 84, in &lt;lambda&gt;
    self._inner_hookexec = lambda hook, methods, kwargs: hook.multicall(
  File &quot;c:\users\a610037\appdata\local\programs\python\python38-32\lib\site-packages\pluggy\callers.py&quot;, line 187, in _multicall
    res = hook_impl.function(*args)
  File &quot;c:\users\a610037\appdata\local\programs\python\python38-32\lib\site-packages\_pytest\runner.py&quot;, line 162, in pytest_runtest_call
    item.runtest()
  File &quot;c:\users\a610037\appdata\local\programs\python\python38-32\lib\site-packages\_pytest\unittest.py&quot;, line 321, in runtest
    self._testcase(result=self)  # type: ignore[arg-type]
  File &quot;c:\users\a610037\appdata\local\programs\python\python38-32\lib\unittest\case.py&quot;, line 736, in __call__
    return self.run(*args, **kwds)
  File &quot;c:\users\a610037\appdata\local\programs\python\python38-32\lib\unittest\case.py&quot;, line 676, in run
    self._callTestMethod(testMethod)
  File &quot;c:\users\a610037\appdata\local\programs\python\python38-32\lib\unittest\case.py&quot;, line 633, in _callTestMethod
    method()
  File &quot;C:\Users\A610037\PycharmProjects\git-selenium-framework2\tests\test_individual\test_sort_by.py&quot;, line 22, in test_sort_by_prices
    result = self.mb.mobile_sort_by_price()
  File &quot;C:\Users\A610037\PycharmProjects\git-selenium-framework2\pages\mobile_page\mobile_page.py&quot;, line 102, in mobile_sort_by_price
    return self.sort_result_price()
  File &quot;C:\Users\A610037\PycharmProjects\git-selenium-framework2\pages\mobile_page\mobile_page.py&quot;, line 60, in sort_result_price
    sort_result_list = [self.getText(self._sony,&quot;link&quot;),self.getText(self._samsung,&quot;link&quot;),self.getText(self._Iphone,&quot;link&quot;)]
  File &quot;C:\Users\A610037\PycharmProjects\git-selenium-framework2\base\selenium_driver.py&quot;, line 133, in getText
    print_stack()
  File &quot;c:\users\a610037\appdata\local\programs\python\python38-32\lib\runpy.py&quot;, line 193, in _run_module_as_main
    return _run_code(code, main_globals, None,
  File &quot;c:\users\a610037\appdata\local\programs\python\python38-32\lib\runpy.py&quot;, line 86, in _run_code
    exec(code, run_globals)
  File &quot;C:\Users\A610037\AppData\Local\Programs\Python\Python38-32\Scripts\pytest.exe\__main__.py&quot;, line 7, in &lt;module&gt;
    sys.exit(console_main())
  File &quot;c:\users\a610037\appdata\local\programs\python\python38-32\lib\site-packages\_pytest\config\__init__.py&quot;, line 185, in console_main
    code = main()
  File &quot;c:\users\a610037\appdata\local\programs\python\python38-32\lib\site-packages\_pytest\config\__init__.py&quot;, line 162, in main
    ret: Union[ExitCode, int] = config.hook.pytest_cmdline_main(
  File &quot;c:\users\a610037\appdata\local\programs\python\python38-32\lib\site-packages\pluggy\hooks.py&quot;, line 286, in __call__
    return self._hookexec(self, self.get_hookimpls(), kwargs)
  File &quot;c:\users\a610037\appdata\local\programs\python\python38-32\lib\site-packages\pluggy\manager.py&quot;, line 93, in _hookexec
    return self._inner_hookexec(hook, methods, kwargs)
  File &quot;c:\users\a610037\appdata\local\programs\python\python38-32\lib\site-packages\pluggy\manager.py&quot;, line 84, in &lt;lambda&gt;
    self._inner_hookexec = lambda hook, methods, kwargs: hook.multicall(
  File &quot;c:\users\a610037\appdata\local\programs\python\python38-32\lib\site-packages\pluggy\callers.py&quot;, line 187, in _multicall
    res = hook_impl.function(*args)
  File &quot;c:\users\a610037\appdata\local\programs\python\python38-32\lib\site-packages\_pytest\main.py&quot;, line 316, in pytest_cmdline_main
    return wrap_session(config, _main)
  File &quot;c:\users\a610037\appdata\local\programs\python\python38-32\lib\site-packages\_pytest\main.py&quot;, line 269, in wrap_session
    session.exitstatus = doit(config, session) or 0
  File &quot;c:\users\a610037\appdata\local\programs\python\python38-32\lib\site-packages\_pytest\main.py&quot;, line 323, in _main
    config.hook.pytest_runtestloop(session=session)
  File &quot;c:\users\a610037\appdata\local\programs\python\python38-32\lib\site-packages\pluggy\hooks.py&quot;, line 286, in __call__
    return self._hookexec(self, self.get_hookimpls(), kwargs)
  File &quot;c:\users\a610037\appdata\local\programs\python\python38-32\lib\site-packages\pluggy\manager.py&quot;, line 93, in _hookexec
    return self._inner_hookexec(hook, methods, kwargs)
  File &quot;c:\users\a610037\appdata\local\programs\python\python38-32\lib\site-packages\pluggy\manager.py&quot;, line 84, in &lt;lambda&gt;
    self._inner_hookexec = lambda hook, methods, kwargs: hook.multicall(
  File &quot;c:\users\a610037\appdata\local\programs\python\python38-32\lib\site-packages\pluggy\callers.py&quot;, line 187, in _multicall
    res = hook_impl.function(*args)
  File &quot;c:\users\a610037\appdata\local\programs\python\python38-32\lib\site-packages\_pytest\main.py&quot;, line 348, in pytest_runtestloop
    item.config.hook.pytest_runtest_protocol(item=item, nextitem=nextitem)
  File &quot;c:\users\a610037\appdata\local\programs\python\python38-32\lib\site-packages\pluggy\hooks.py&quot;, line 286, in __call__
    return self._hookexec(self, self.get_hookimpls(), kwargs)
  File &quot;c:\users\a610037\appdata\local\programs\python\python38-32\lib\site-packages\pluggy\manager.py&quot;, line 93, in _hookexec
    return self._inner_hookexec(hook, methods, kwargs)
  File &quot;c:\users\a610037\appdata\local\programs\python\python38-32\lib\site-packages\pluggy\manager.py&quot;, line 84, in &lt;lambda&gt;
    self._inner_hookexec = lambda hook, methods, kwargs: hook.multicall(
  File &quot;c:\users\a610037\appdata\local\programs\python\python38-32\lib\site-packages\pluggy\callers.py&quot;, line 187, in _multicall
    res = hook_impl.function(*args)
  File &quot;c:\users\a610037\appdata\local\programs\python\python38-32\lib\site-packages\_pytest\runner.py&quot;, line 109, in pytest_runtest_protocol
    runtestprotocol(item, nextitem=nextitem)
  File &quot;c:\users\a610037\appdata\local\programs\python\python38-32\lib\site-packages\_pytest\runner.py&quot;, line 126, in runtestprotocol
    reports.append(call_and_report(item, &quot;call&quot;, log))
  File &quot;c:\users\a610037\appdata\local\programs\python\python38-32\lib\site-packages\_pytest\runner.py&quot;, line 215, in call_and_report
    call = call_runtest_hook(item, when, **kwds)
  File &quot;c:\users\a610037\appdata\local\programs\python\python38-32\lib\site-packages\_pytest\runner.py&quot;, line 254, in call_runtest_hook
    return CallInfo.from_call(
  File &quot;c:\users\a610037\appdata\local\programs\python\python38-32\lib\site-packages\_pytest\runner.py&quot;, line 311, in from_call
    result: Optional[TResult] = func()
  File &quot;c:\users\a610037\appdata\local\programs\python\python38-32\lib\site-packages\_pytest\runner.py&quot;, line 255, in &lt;lambda&gt;
    lambda: ihook(item=item, **kwds), when=when, reraise=reraise
  File &quot;c:\users\a610037\appdata\local\programs\python\python38-32\lib\site-packages\pluggy\hooks.py&quot;, line 286, in __call__
    return self._hookexec(self, self.get_hookimpls(), kwargs)
  File &quot;c:\users\a610037\appdata\local\programs\python\python38-32\lib\site-packages\pluggy\manager.py&quot;, line 93, in _hookexec
    return self._inner_hookexec(hook, methods, kwargs)
  File &quot;c:\users\a610037\appdata\local\programs\python\python38-32\lib\site-packages\pluggy\manager.py&quot;, line 84, in &lt;lambda&gt;
    self._inner_hookexec = lambda hook, methods, kwargs: hook.multicall(
  File &quot;c:\users\a610037\appdata\local\programs\python\python38-32\lib\site-packages\pluggy\callers.py&quot;, line 187, in _multicall
    res = hook_impl.function(*args)
  File &quot;c:\users\a610037\appdata\local\programs\python\python38-32\lib\site-packages\_pytest\runner.py&quot;, line 162, in pytest_runtest_call
    item.runtest()
  File &quot;c:\users\a610037\appdata\local\programs\python\python38-32\lib\site-packages\_pytest\unittest.py&quot;, line 321, in runtest
    self._testcase(result=self)  # type: ignore[arg-type]
  File &quot;c:\users\a610037\appdata\local\programs\python\python38-32\lib\unittest\case.py&quot;, line 736, in __call__
    return self.run(*args, **kwds)
  File &quot;c:\users\a610037\appdata\local\programs\python\python38-32\lib\unittest\case.py&quot;, line 676, in run
    self._callTestMethod(testMethod)
  File &quot;c:\users\a610037\appdata\local\programs\python\python38-32\lib\unittest\case.py&quot;, line 633, in _callTestMethod
    method()
  File &quot;C:\Users\A610037\PycharmProjects\git-selenium-framework2\tests\test_individual\test_sort_by.py&quot;, line 22, in test_sort_by_prices
    result = self.mb.mobile_sort_by_price()
  File &quot;C:\Users\A610037\PycharmProjects\git-selenium-framework2\pages\mobile_page\mobile_page.py&quot;, line 102, in mobile_sort_by_price
    return self.sort_result_price()
  File &quot;C:\Users\A610037\PycharmProjects\git-selenium-framework2\pages\mobile_page\mobile_page.py&quot;, line 60, in sort_result_price
    sort_result_list = [self.getText(self._sony,&quot;link&quot;),self.getText(self._samsung,&quot;link&quot;),self.getText(self._Iphone,&quot;link&quot;)]
  File &quot;C:\Users\A610037\PycharmProjects\git-selenium-framework2\base\selenium_driver.py&quot;, line 126, in getText
    element = self.findElement(locator, locatorType)
  File &quot;C:\Users\A610037\PycharmProjects\git-selenium-framework2\base\selenium_driver.py&quot;, line 61, in findElement
    print_stack()
  File &quot;c:\users\a610037\appdata\local\programs\python\python38-32\lib\runpy.py&quot;, line 193, in _run_module_as_main
    return _run_code(code, main_globals, None,
  File &quot;c:\users\a610037\appdata\local\programs\python\python38-32\lib\runpy.py&quot;, line 86, in _run_code
    exec(code, run_globals)
  File &quot;C:\Users\A610037\AppData\Local\Programs\Python\Python38-32\Scripts\pytest.exe\__main__.py&quot;, line 7, in &lt;module&gt;
    sys.exit(console_main())
  File &quot;c:\users\a610037\appdata\local\programs\python\python38-32\lib\site-packages\_pytest\config\__init__.py&quot;, line 185, in console_main
    code = main()
  File &quot;c:\users\a610037\appdata\local\programs\python\python38-32\lib\site-packages\_pytest\config\__init__.py&quot;, line 162, in main
    ret: Union[ExitCode, int] = config.hook.pytest_cmdline_main(
  File &quot;c:\users\a610037\appdata\local\programs\python\python38-32\lib\site-packages\pluggy\hooks.py&quot;, line 286, in __call__
    return self._hookexec(self, self.get_hookimpls(), kwargs)
  File &quot;c:\users\a610037\appdata\local\programs\python\python38-32\lib\site-packages\pluggy\manager.py&quot;, line 93, in _hookexec
    return self._inner_hookexec(hook, methods, kwargs)
  File &quot;c:\users\a610037\appdata\local\programs\python\python38-32\lib\site-packages\pluggy\manager.py&quot;, line 84, in &lt;lambda&gt;
    self._inner_hookexec = lambda hook, methods, kwargs: hook.multicall(
  File &quot;c:\users\a610037\appdata\local\programs\python\python38-32\lib\site-packages\pluggy\callers.py&quot;, line 187, in _multicall
    res = hook_impl.function(*args)
  File &quot;c:\users\a610037\appdata\local\programs\python\python38-32\lib\site-packages\_pytest\main.py&quot;, line 316, in pytest_cmdline_main
    return wrap_session(config, _main)
  File &quot;c:\users\a610037\appdata\local\programs\python\python38-32\lib\site-packages\_pytest\main.py&quot;, line 269, in wrap_session
    session.exitstatus = doit(config, session) or 0
  File &quot;c:\users\a610037\appdata\local\programs\python\python38-32\lib\site-packages\_pytest\main.py&quot;, line 323, in _main
    config.hook.pytest_runtestloop(session=session)
  File &quot;c:\users\a610037\appdata\local\programs\python\python38-32\lib\site-packages\pluggy\hooks.py&quot;, line 286, in __call__
    return self._hookexec(self, self.get_hookimpls(), kwargs)
  File &quot;c:\users\a610037\appdata\local\programs\python\python38-32\lib\site-packages\pluggy\manager.py&quot;, line 93, in _hookexec
    return self._inner_hookexec(hook, methods, kwargs)
  File &quot;c:\users\a610037\appdata\local\programs\python\python38-32\lib\site-packages\pluggy\manager.py&quot;, line 84, in &lt;lambda&gt;
    self._inner_hookexec = lambda hook, methods, kwargs: hook.multicall(
  File &quot;c:\users\a610037\appdata\local\programs\python\python38-32\lib\site-packages\pluggy\callers.py&quot;, line 187, in _multicall
    res = hook_impl.function(*args)
  File &quot;c:\users\a610037\appdata\local\programs\python\python38-32\lib\site-packages\_pytest\main.py&quot;, line 348, in pytest_runtestloop
    item.config.hook.pytest_runtest_protocol(item=item, nextitem=nextitem)
  File &quot;c:\users\a610037\appdata\local\programs\python\python38-32\lib\site-packages\pluggy\hooks.py&quot;, line 286, in __call__
    return self._hookexec(self, self.get_hookimpls(), kwargs)
  File &quot;c:\users\a610037\appdata\local\programs\python\python38-32\lib\site-packages\pluggy\manager.py&quot;, line 93, in _hookexec
    return self._inner_hookexec(hook, methods, kwargs)
  File &quot;c:\users\a610037\appdata\local\programs\python\python38-32\lib\site-packages\pluggy\manager.py&quot;, line 84, in &lt;lambda&gt;
    self._inner_hookexec = lambda hook, methods, kwargs: hook.multicall(
  File &quot;c:\users\a610037\appdata\local\programs\python\python38-32\lib\site-packages\pluggy\callers.py&quot;, line 187, in _multicall
    res = hook_impl.function(*args)
  File &quot;c:\users\a610037\appdata\local\programs\python\python38-32\lib\site-packages\_pytest\runner.py&quot;, line 109, in pytest_runtest_protocol
    runtestprotocol(item, nextitem=nextitem)
  File &quot;c:\users\a610037\appdata\local\programs\python\python38-32\lib\site-packages\_pytest\runner.py&quot;, line 126, in runtestprotocol
    reports.append(call_and_report(item, &quot;call&quot;, log))
  File &quot;c:\users\a610037\appdata\local\programs\python\python38-32\lib\site-packages\_pytest\runner.py&quot;, line 215, in call_and_report
    call = call_runtest_hook(item, when, **kwds)
  File &quot;c:\users\a610037\appdata\local\programs\python\python38-32\lib\site-packages\_pytest\runner.py&quot;, line 254, in call_runtest_hook
    return CallInfo.from_call(
  File &quot;c:\users\a610037\appdata\local\programs\python\python38-32\lib\site-packages\_pytest\runner.py&quot;, line 311, in from_call
    result: Optional[TResult] = func()
  File &quot;c:\users\a610037\appdata\local\programs\python\python38-32\lib\site-packages\_pytest\runner.py&quot;, line 255, in &lt;lambda&gt;
    lambda: ihook(item=item, **kwds), when=when, reraise=reraise
  File &quot;c:\users\a610037\appdata\local\programs\python\python38-32\lib\site-packages\pluggy\hooks.py&quot;, line 286, in __call__
    return self._hookexec(self, self.get_hookimpls(), kwargs)
  File &quot;c:\users\a610037\appdata\local\programs\python\python38-32\lib\site-packages\pluggy\manager.py&quot;, line 93, in _hookexec
    return self._inner_hookexec(hook, methods, kwargs)
  File &quot;c:\users\a610037\appdata\local\programs\python\python38-32\lib\site-packages\pluggy\manager.py&quot;, line 84, in &lt;lambda&gt;
    self._inner_hookexec = lambda hook, methods, kwargs: hook.multicall(
  File &quot;c:\users\a610037\appdata\local\programs\python\python38-32\lib\site-packages\pluggy\callers.py&quot;, line 187, in _multicall
    res = hook_impl.function(*args)
  File &quot;c:\users\a610037\appdata\local\programs\python\python38-32\lib\site-packages\_pytest\runner.py&quot;, line 162, in pytest_runtest_call
    item.runtest()
  File &quot;c:\users\a610037\appdata\local\programs\python\python38-32\lib\site-packages\_pytest\unittest.py&quot;, line 321, in runtest
    self._testcase(result=self)  # type: ignore[arg-type]
  File &quot;c:\users\a610037\appdata\local\programs\python\python38-32\lib\unittest\case.py&quot;, line 736, in __call__
    return self.run(*args, **kwds)
  File &quot;c:\users\a610037\appdata\local\programs\python\python38-32\lib\unittest\case.py&quot;, line 676, in run
    self._callTestMethod(testMethod)
  File &quot;c:\users\a610037\appdata\local\programs\python\python38-32\lib\unittest\case.py&quot;, line 633, in _callTestMethod
    method()
  File &quot;C:\Users\A610037\PycharmProjects\git-selenium-framework2\tests\test_individual\test_sort_by.py&quot;, line 22, in test_sort_by_prices
    result = self.mb.mobile_sort_by_price()
  File &quot;C:\Users\A610037\PycharmProjects\git-selenium-framework2\pages\mobile_page\mobile_page.py&quot;, line 102, in mobile_sort_by_price
    return self.sort_result_price()
  File &quot;C:\Users\A610037\PycharmProjects\git-selenium-framework2\pages\mobile_page\mobile_page.py&quot;, line 60, in sort_result_price
    sort_result_list = [self.getText(self._sony,&quot;link&quot;),self.getText(self._samsung,&quot;link&quot;),self.getText(self._Iphone,&quot;link&quot;)]
  File &quot;C:\Users\A610037\PycharmProjects\git-selenium-framework2\base\selenium_driver.py&quot;, line 133, in getText
    print_stack()
  File &quot;c:\users\a610037\appdata\local\programs\python\python38-32\lib\runpy.py&quot;, line 193, in _run_module_as_main
    return _run_code(code, main_globals, None,
  File &quot;c:\users\a610037\appdata\local\programs\python\python38-32\lib\runpy.py&quot;, line 86, in _run_code
    exec(code, run_globals)
  File &quot;C:\Users\A610037\AppData\Local\Programs\Python\Python38-32\Scripts\pytest.exe\__main__.py&quot;, line 7, in &lt;module&gt;
    sys.exit(console_main())
  File &quot;c:\users\a610037\appdata\local\programs\python\python38-32\lib\site-packages\_pytest\config\__init__.py&quot;, line 185, in console_main
    code = main()
  File &quot;c:\users\a610037\appdata\local\programs\python\python38-32\lib\site-packages\_pytest\config\__init__.py&quot;, line 162, in main
    ret: Union[ExitCode, int] = config.hook.pytest_cmdline_main(
  File &quot;c:\users\a610037\appdata\local\programs\python\python38-32\lib\site-packages\pluggy\hooks.py&quot;, line 286, in __call__
    return self._hookexec(self, self.get_hookimpls(), kwargs)
  File &quot;c:\users\a610037\appdata\local\programs\python\python38-32\lib\site-packages\pluggy\manager.py&quot;, line 93, in _hookexec
    return self._inner_hookexec(hook, methods, kwargs)
  File &quot;c:\users\a610037\appdata\local\programs\python\python38-32\lib\site-packages\pluggy\manager.py&quot;, line 84, in &lt;lambda&gt;
    self._inner_hookexec = lambda hook, methods, kwargs: hook.multicall(
  File &quot;c:\users\a610037\appdata\local\programs\python\python38-32\lib\site-packages\pluggy\callers.py&quot;, line 187, in _multicall
    res = hook_impl.function(*args)
  File &quot;c:\users\a610037\appdata\local\programs\python\python38-32\lib\site-packages\_pytest\main.py&quot;, line 316, in pytest_cmdline_main
    return wrap_session(config, _main)
  File &quot;c:\users\a610037\appdata\local\programs\python\python38-32\lib\site-packages\_pytest\main.py&quot;, line 269, in wrap_session
    session.exitstatus = doit(config, session) or 0
  File &quot;c:\users\a610037\appdata\local\programs\python\python38-32\lib\site-packages\_pytest\main.py&quot;, line 323, in _main
    config.hook.pytest_runtestloop(session=session)
  File &quot;c:\users\a610037\appdata\local\programs\python\python38-32\lib\site-packages\pluggy\hooks.py&quot;, line 286, in __call__
    return self._hookexec(self, self.get_hookimpls(), kwargs)
  File &quot;c:\users\a610037\appdata\local\programs\python\python38-32\lib\site-packages\pluggy\manager.py&quot;, line 93, in _hookexec
    return self._inner_hookexec(hook, methods, kwargs)
  File &quot;c:\users\a610037\appdata\local\programs\python\python38-32\lib\site-packages\pluggy\manager.py&quot;, line 84, in &lt;lambda&gt;
    self._inner_hookexec = lambda hook, methods, kwargs: hook.multicall(
  File &quot;c:\users\a610037\appdata\local\programs\python\python38-32\lib\site-packages\pluggy\callers.py&quot;, line 187, in _multicall
    res = hook_impl.function(*args)
  File &quot;c:\users\a610037\appdata\local\programs\python\python38-32\lib\site-packages\_pytest\main.py&quot;, line 348, in pytest_runtestloop
    item.config.hook.pytest_runtest_protocol(item=item, nextitem=nextitem)
  File &quot;c:\users\a610037\appdata\local\programs\python\python38-32\lib\site-packages\pluggy\hooks.py&quot;, line 286, in __call__
    return self._hookexec(self, self.get_hookimpls(), kwargs)
  File &quot;c:\users\a610037\appdata\local\programs\python\python38-32\lib\site-packages\pluggy\manager.py&quot;, line 93, in _hookexec
    return self._inner_hookexec(hook, methods, kwargs)
  File &quot;c:\users\a610037\appdata\local\programs\python\python38-32\lib\site-packages\pluggy\manager.py&quot;, line 84, in &lt;lambda&gt;
    self._inner_hookexec = lambda hook, methods, kwargs: hook.multicall(
  File &quot;c:\users\a610037\appdata\local\programs\python\python38-32\lib\site-packages\pluggy\callers.py&quot;, line 187, in _multicall
    res = hook_impl.function(*args)
  File &quot;c:\users\a610037\appdata\local\programs\python\python38-32\lib\site-packages\_pytest\runner.py&quot;, line 109, in pytest_runtest_protocol
    runtestprotocol(item, nextitem=nextitem)
  File &quot;c:\users\a610037\appdata\local\programs\python\python38-32\lib\site-packages\_pytest\runner.py&quot;, line 126, in runtestprotocol
    reports.append(call_and_report(item, &quot;call&quot;, log))
  File &quot;c:\users\a610037\appdata\local\programs\python\python38-32\lib\site-packages\_pytest\runner.py&quot;, line 215, in call_and_report
    call = call_runtest_hook(item, when, **kwds)
  File &quot;c:\users\a610037\appdata\local\programs\python\python38-32\lib\site-packages\_pytest\runner.py&quot;, line 254, in call_runtest_hook
    return CallInfo.from_call(
  File &quot;c:\users\a610037\appdata\local\programs\python\python38-32\lib\site-packages\_pytest\runner.py&quot;, line 311, in from_call
    result: Optional[TResult] = func()
  File &quot;c:\users\a610037\appdata\local\programs\python\python38-32\lib\site-packages\_pytest\runner.py&quot;, line 255, in &lt;lambda&gt;
    lambda: ihook(item=item, **kwds), when=when, reraise=reraise
  File &quot;c:\users\a610037\appdata\local\programs\python\python38-32\lib\site-packages\pluggy\hooks.py&quot;, line 286, in __call__
    return self._hookexec(self, self.get_hookimpls(), kwargs)
  File &quot;c:\users\a610037\appdata\local\programs\python\python38-32\lib\site-packages\pluggy\manager.py&quot;, line 93, in _hookexec
    return self._inner_hookexec(hook, methods, kwargs)
  File &quot;c:\users\a610037\appdata\local\programs\python\python38-32\lib\site-packages\pluggy\manager.py&quot;, line 84, in &lt;lambda&gt;
    self._inner_hookexec = lambda hook, methods, kwargs: hook.multicall(
  File &quot;c:\users\a610037\appdata\local\programs\python\python38-32\lib\site-packages\pluggy\callers.py&quot;, line 187, in _multicall
    res = hook_impl.function(*args)
  File &quot;c:\users\a610037\appdata\local\programs\python\python38-32\lib\site-packages\_pytest\runner.py&quot;, line 162, in pytest_runtest_call
    item.runtest()
  File &quot;c:\users\a610037\appdata\local\programs\python\python38-32\lib\site-packages\_pytest\unittest.py&quot;, line 321, in runtest
    self._testcase(result=self)  # type: ignore[arg-type]
  File &quot;c:\users\a610037\appdata\local\programs\python\python38-32\lib\unittest\case.py&quot;, line 736, in __call__
    return self.run(*args, **kwds)
  File &quot;c:\users\a610037\appdata\local\programs\python\python38-32\lib\unittest\case.py&quot;, line 676, in run
    self._callTestMethod(testMethod)
  File &quot;c:\users\a610037\appdata\local\programs\python\python38-32\lib\unittest\case.py&quot;, line 633, in _callTestMethod
    method()
  File &quot;C:\Users\A610037\PycharmProjects\git-selenium-framework2\tests\test_individual\test_sort_by.py&quot;, line 23, in test_sort_by_prices
    self.ts.finalMark(testcase=&quot;Mobile Sort By test&quot;, result=result,
  File &quot;C:\Users\A610037\PycharmProjects\git-selenium-framework2\utilities\mark_test_status.py&quot;, line 42, in finalMark
    self.setResult(result, resultMessage)
  File &quot;C:\Users\A610037\PycharmProjects\git-selenium-framework2\utilities\mark_test_status.py&quot;, line 23, in setResult
    self.savescreenshots(resultMessage)
  File &quot;C:\Users\A610037\PycharmProjects\git-selenium-framework2\base\selenium_driver.py&quot;, line 276, in savescreenshots
    print_stack()
<br/> -------------------------------Captured log call-------------------------------- <br/>INFO     MobilePage:selenium_driver.py:58 Element could not be found with type : link and locator : MOBILEMessage: no such window: target window already closed
from unknown error: web view not found
  (Session info: chrome=87.0.4280.88)

INFO     MobilePage:selenium_driver.py:107 Unable to click the element: MOBILE. Exception occured :: &#x27;NoneType&#x27; object has no attribute &#x27;click&#x27;
INFO     MobilePage:selenium_driver.py:58 Element could not be found with type : xpath and locator : //select[@title=&#x27;Sort By&#x27;]Message: no such window: target window already closed
from unknown error: web view not found
  (Session info: chrome=87.0.4280.88)

INFO     MobilePage:selenium_driver.py:97 Unable to select element from the dropdown. Exception occurred :: &#x27;NoneType&#x27; object has no attribute &#x27;tag_name&#x27;
INFO     MobilePage:selenium_driver.py:58 Element could not be found with type : link and locator : SONY XPERIAMessage: no such window: target window already closed
from unknown error: web view not found
  (Session info: chrome=87.0.4280.88)

INFO     MobilePage:selenium_driver.py:131 Unable to find the text for element : SONY XPERIA. Following Exception occured :: &#x27;NoneType&#x27; object has no attribute &#x27;text&#x27;
INFO     MobilePage:selenium_driver.py:58 Element could not be found with type : link and locator : SAMSUNG GALAXYMessage: no such window: target window already closed
from unknown error: web view not found
  (Session info: chrome=87.0.4280.88)

INFO     MobilePage:selenium_driver.py:131 Unable to find the text for element : SAMSUNG GALAXY. Following Exception occured :: &#x27;NoneType&#x27; object has no attribute &#x27;text&#x27;
INFO     MobilePage:selenium_driver.py:58 Element could not be found with type : link and locator : IPHONEMessage: no such window: target window already closed
from unknown error: web view not found
  (Session info: chrome=87.0.4280.88)

INFO     MobilePage:selenium_driver.py:131 Unable to find the text for element : IPHONE. Following Exception occured :: &#x27;NoneType&#x27; object has no attribute &#x27;text&#x27;
INFO     Utilities:util.py:68 Expected List is :: [&#x27;SONY XPERIA&#x27;, &#x27;SAMSUNG GALAXY&#x27;, &#x27;IPHONE&#x27;]
INFO     Utilities:util.py:69 Actual List is :: [None, None, None]
WARNING  MarkTestStatus:selenium_driver.py:275 ### Exception Occured
ERROR    MarkTestStatus:mark_test_status.py:24 ###Verification Failed :: + Testing Mobile SOrt functionality
ERROR    MarkTestStatus:mark_test_status.py:45 Mobile Sort By test### Test Failed<br/></div></td></tr></tbody></table></body></html>