<!DOCTYPE html>
<html>
  <head>
    <meta charset="utf-8"/>
    <title>Test Report</title>
    <link href="assets/style.css" rel="stylesheet" type="text/css"/></head>
  <body onLoad="init()">
    <script>/* This Source Code Form is subject to the terms of the Mozilla Public
 * License, v. 2.0. If a copy of the MPL was not distributed with this file,
 * You can obtain one at http://mozilla.org/MPL/2.0/. */


function toArray(iter) {
    if (iter === null) {
        return null;
    }
    return Array.prototype.slice.call(iter);
}

function find(selector, elem) { // eslint-disable-line no-redeclare
    if (!elem) {
        elem = document;
    }
    return elem.querySelector(selector);
}

function findAll(selector, elem) {
    if (!elem) {
        elem = document;
    }
    return toArray(elem.querySelectorAll(selector));
}

function sortColumn(elem) {
    toggleSortStates(elem);
    const colIndex = toArray(elem.parentNode.childNodes).indexOf(elem);
    let key;
    if (elem.classList.contains('result')) {
        key = keyResult;
    } else if (elem.classList.contains('links')) {
        key = keyLink;
    } else {
        key = keyAlpha;
    }
    sortTable(elem, key(colIndex));
}

function showAllExtras() { // eslint-disable-line no-unused-vars
    findAll('.col-result').forEach(showExtras);
}

function hideAllExtras() { // eslint-disable-line no-unused-vars
    findAll('.col-result').forEach(hideExtras);
}

function showExtras(colresultElem) {
    const extras = colresultElem.parentNode.nextElementSibling;
    const expandcollapse = colresultElem.firstElementChild;
    extras.classList.remove('collapsed');
    expandcollapse.classList.remove('expander');
    expandcollapse.classList.add('collapser');
}

function hideExtras(colresultElem) {
    const extras = colresultElem.parentNode.nextElementSibling;
    const expandcollapse = colresultElem.firstElementChild;
    extras.classList.add('collapsed');
    expandcollapse.classList.remove('collapser');
    expandcollapse.classList.add('expander');
}

function showFilters() {
    const filterItems = document.getElementsByClassName('filter');
    for (let i = 0; i < filterItems.length; i++)
        filterItems[i].hidden = false;
}

function addCollapse() {
    // Add links for show/hide all
    const resulttable = find('table#results-table');
    const showhideall = document.createElement('p');
    showhideall.innerHTML = '<a href="javascript:showAllExtras()">Show all details</a> / ' +
                            '<a href="javascript:hideAllExtras()">Hide all details</a>';
    resulttable.parentElement.insertBefore(showhideall, resulttable);

    // Add show/hide link to each result
    findAll('.col-result').forEach(function(elem) {
        const collapsed = getQueryParameter('collapsed') || 'Passed';
        const extras = elem.parentNode.nextElementSibling;
        const expandcollapse = document.createElement('span');
        if (extras.classList.contains('collapsed')) {
            expandcollapse.classList.add('expander');
        } else if (collapsed.includes(elem.innerHTML)) {
            extras.classList.add('collapsed');
            expandcollapse.classList.add('expander');
        } else {
            expandcollapse.classList.add('collapser');
        }
        elem.appendChild(expandcollapse);

        elem.addEventListener('click', function(event) {
            if (event.currentTarget.parentNode.nextElementSibling.classList.contains('collapsed')) {
                showExtras(event.currentTarget);
            } else {
                hideExtras(event.currentTarget);
            }
        });
    });
}

function getQueryParameter(name) {
    const match = RegExp('[?&]' + name + '=([^&]*)').exec(window.location.search);
    return match && decodeURIComponent(match[1].replace(/\+/g, ' '));
}

function init () { // eslint-disable-line no-unused-vars
    resetSortHeaders();

    addCollapse();

    showFilters();

    sortColumn(find('.initial-sort'));

    findAll('.sortable').forEach(function(elem) {
        elem.addEventListener('click',
            function() {
                sortColumn(elem);
            }, false);
    });
}

function sortTable(clicked, keyFunc) {
    const rows = findAll('.results-table-row');
    const reversed = !clicked.classList.contains('asc');
    const sortedRows = sort(rows, keyFunc, reversed);
    /* Whole table is removed here because browsers acts much slower
     * when appending existing elements.
     */
    const thead = document.getElementById('results-table-head');
    document.getElementById('results-table').remove();
    const parent = document.createElement('table');
    parent.id = 'results-table';
    parent.appendChild(thead);
    sortedRows.forEach(function(elem) {
        parent.appendChild(elem);
    });
    document.getElementsByTagName('BODY')[0].appendChild(parent);
}

function sort(items, keyFunc, reversed) {
    const sortArray = items.map(function(item, i) {
        return [keyFunc(item), i];
    });

    sortArray.sort(function(a, b) {
        const keyA = a[0];
        const keyB = b[0];

        if (keyA == keyB) return 0;

        if (reversed) {
            return keyA < keyB ? 1 : -1;
        } else {
            return keyA > keyB ? 1 : -1;
        }
    });

    return sortArray.map(function(item) {
        const index = item[1];
        return items[index];
    });
}

function keyAlpha(colIndex) {
    return function(elem) {
        return elem.childNodes[1].childNodes[colIndex].firstChild.data.toLowerCase();
    };
}

function keyLink(colIndex) {
    return function(elem) {
        const dataCell = elem.childNodes[1].childNodes[colIndex].firstChild;
        return dataCell == null ? '' : dataCell.innerText.toLowerCase();
    };
}

function keyResult(colIndex) {
    return function(elem) {
        const strings = ['Error', 'Failed', 'Rerun', 'XFailed', 'XPassed',
            'Skipped', 'Passed'];
        return strings.indexOf(elem.childNodes[1].childNodes[colIndex].firstChild.data);
    };
}

function resetSortHeaders() {
    findAll('.sort-icon').forEach(function(elem) {
        elem.parentNode.removeChild(elem);
    });
    findAll('.sortable').forEach(function(elem) {
        const icon = document.createElement('div');
        icon.className = 'sort-icon';
        icon.textContent = 'vvv';
        elem.insertBefore(icon, elem.firstChild);
        elem.classList.remove('desc', 'active');
        elem.classList.add('asc', 'inactive');
    });
}

function toggleSortStates(elem) {
    //if active, toggle between asc and desc
    if (elem.classList.contains('active')) {
        elem.classList.toggle('asc');
        elem.classList.toggle('desc');
    }

    //if inactive, reset all other functions and add ascending active
    if (elem.classList.contains('inactive')) {
        resetSortHeaders();
        elem.classList.remove('inactive');
        elem.classList.add('active');
    }
}

function isAllRowsHidden(value) {
    return value.hidden == false;
}

function filterTable(elem) { // eslint-disable-line no-unused-vars
    const outcomeAtt = 'data-test-result';
    const outcome = elem.getAttribute(outcomeAtt);
    const classOutcome = outcome + ' results-table-row';
    const outcomeRows = document.getElementsByClassName(classOutcome);

    for(let i = 0; i < outcomeRows.length; i++){
        outcomeRows[i].hidden = !elem.checked;
    }

    const rows = findAll('.results-table-row').filter(isAllRowsHidden);
    const allRowsHidden = rows.length == 0 ? true : false;
    const notFoundMessage = document.getElementById('not-found-message');
    notFoundMessage.hidden = !allRowsHidden;
}
</script>
    <h1>two.html</h1>
    <p>Report generated on 22-Dec-2020 at 16:40:23 by <a href="https://pypi.python.org/pypi/pytest-html">pytest-html</a> v3.1.1</p>
    <h2>Environment</h2>
    <table id="environment">
      <tr>
        <td>JAVA_HOME</td>
        <td>C:\Program Files\Java\jdk-14.0.2</td></tr>
      <tr>
        <td>Packages</td>
        <td>{"pluggy": "0.13.1", "py": "1.9.0", "pytest": "6.2.1"}</td></tr>
      <tr>
        <td>Platform</td>
        <td>Windows-10-10.0.18362-SP0</td></tr>
      <tr>
        <td>Plugins</td>
        <td>{"allure-pytest": "2.8.22", "bdd": "4.0.2", "fixtures": "0.1.0", "forked": "1.3.0", "html": "3.1.1", "metadata": "1.10.0", "ordering": "0.6", "rerunfailures": "9.1.1", "xdist": "2.1.0"}</td></tr>
      <tr>
        <td>Python</td>
        <td>3.8.2</td></tr></table>
    <h2>Summary</h2>
    <p>6 tests ran in 134.75 seconds. </p>
    <p class="filter" hidden="true">(Un)check the boxes to filter the results.</p><input checked="true" class="filter" data-test-result="passed" hidden="true" name="filter_checkbox" onChange="filterTable(this)" type="checkbox"/><span class="passed">5 passed</span>, <input checked="true" class="filter" data-test-result="skipped" disabled="true" hidden="true" name="filter_checkbox" onChange="filterTable(this)" type="checkbox"/><span class="skipped">0 skipped</span>, <input checked="true" class="filter" data-test-result="failed" hidden="true" name="filter_checkbox" onChange="filterTable(this)" type="checkbox"/><span class="failed">1 failed</span>, <input checked="true" class="filter" data-test-result="error" disabled="true" hidden="true" name="filter_checkbox" onChange="filterTable(this)" type="checkbox"/><span class="error">0 errors</span>, <input checked="true" class="filter" data-test-result="xfailed" disabled="true" hidden="true" name="filter_checkbox" onChange="filterTable(this)" type="checkbox"/><span class="xfailed">0 expected failures</span>, <input checked="true" class="filter" data-test-result="xpassed" disabled="true" hidden="true" name="filter_checkbox" onChange="filterTable(this)" type="checkbox"/><span class="xpassed">0 unexpected passes</span>, <input checked="true" class="filter" data-test-result="rerun" disabled="true" hidden="true" name="filter_checkbox" onChange="filterTable(this)" type="checkbox"/><span class="rerun">0 rerun</span>
    <h2>Results</h2>
    <table id="results-table">
      <thead id="results-table-head">
        <tr>
          <th class="sortable result initial-sort" col="result">Result</th>
          <th class="sortable" col="name">Test</th>
          <th class="sortable" col="duration">Duration</th>
          <th class="sortable links" col="links">Links</th></tr>
        <tr hidden="true" id="not-found-message">
          <th colspan="4">No results found. Try to check the filters</th></tr></thead>
      <tbody class="failed results-table-row">
        <tr>
          <td class="col-result">Failed</td>
          <td class="col-name">tests/test_suite_smoke/test_suite_SmokeTest.py::TestRegistration::test_registration_00001</td>
          <td class="col-duration">75.74</td>
          <td class="col-links"></td></tr>
        <tr>
          <td class="extra" colspan="4">
            <div><div><img src="tests/test_suite_smoke/test_suite_SmokeTest.py_TestRegistration_test_registration_00001.png" alt="screenshot" style="width:304px;height:228px;" onclick="window.open(this.src)" align="right"/></div></div>
            <div class="log">self = &lt;tests.test_individual.test_registration.TestRegistration testMethod=test_registration_00001&gt;, firstName = &#x27;test&#x27;, lastName = &#x27;fortysix&#x27;<br/>emailAddress = &#x27;test@fortysix.com&#x27;, password = &#x27;test12345&#x27;, confirmPassword = &#x27;test12345&#x27;, message = &#x27;Hello Could you please buy for me&#x27;<br/><br/>    @file_data(&quot;..//..//datafiles//registration.json&quot;)  # -----used for JSON FILE<br/>    <br/>    @pytest.mark.run(order=4)<br/>    def test_registration(self, firstName, lastName, emailAddress, password, confirmPassword, message):<br/>        result1 = self.account.register(firstName, lastName, emailAddress, password, confirmPassword)<br/>        self.ts.mark(result=result1, resultMessage=&#x27;Registration Successfull&#x27;)<br/>        result2 = self.account.add_to_wishlist(emailAddress, message)<br/>&gt;       self.ts.finalMark(testcase=&#x27;test_registration_share_wishlist&#x27;, result=result2,<br/>                          resultMessage=&quot;Wishlist shared successfully&quot;)<br/><br/>tests\test_individual\test_registration.py:30: <br/>_ _ _ _ _ _ _ _ _ _ _ _ _ _ _ _ _ _ _ _ _ _ _ _ _ _ _ _ _ _ _ _ _ _ _ _ _ _ _ _ <br/><br/>self = &lt;utilities.mark_test_status.MarkTestStatus object at 0x04A6C6D0&gt;, testcase = &#x27;test_registration_share_wishlist&#x27;, result = False<br/>resultMessage = &#x27;Wishlist shared successfully&#x27;<br/><br/>    def finalMark(self, testcase, result, resultMessage):<br/>        self.setResult(result, resultMessage)<br/>    <br/>        if &quot;Fail&quot; in self.resultlist:<br/>            self.cl.error(testcase + &quot;### Test Failed&quot;)<br/>            self.resultlist.clear()<br/>&gt;           assert True == False<br/><span class="error">E           AssertionError</span><br/><br/>utilities\mark_test_status.py:47: AssertionError<br/> -------------------------------Captured log setup------------------------------- <br/>INFO     &lt;module&gt;:conftest.py:22 Launching browser :: Chrome
INFO     WebDriverFactory:WebDriverFactory.py:39 Launching the URL :: http://live.demoguru99.com/index.php/ on browser :: Chrome<br/> ------------------------------Captured stderr call------------------------------ <br/>  File &quot;c:\users\a610037\appdata\local\programs\python\python38-32\lib\runpy.py&quot;, line 193, in _run_module_as_main
    return _run_code(code, main_globals, None,
  File &quot;c:\users\a610037\appdata\local\programs\python\python38-32\lib\runpy.py&quot;, line 86, in _run_code
    exec(code, run_globals)
  File &quot;C:\Users\A610037\AppData\Local\Programs\Python\Python38-32\Scripts\py.test.exe\__main__.py&quot;, line 7, in &lt;module&gt;
    sys.exit(console_main())
  File &quot;c:\users\a610037\appdata\local\programs\python\python38-32\lib\site-packages\_pytest\config\__init__.py&quot;, line 185, in console_main
    code = main()
  File &quot;c:\users\a610037\appdata\local\programs\python\python38-32\lib\site-packages\_pytest\config\__init__.py&quot;, line 162, in main
    ret: Union[ExitCode, int] = config.hook.pytest_cmdline_main(
  File &quot;c:\users\a610037\appdata\local\programs\python\python38-32\lib\site-packages\pluggy\hooks.py&quot;, line 286, in __call__
    return self._hookexec(self, self.get_hookimpls(), kwargs)
  File &quot;c:\users\a610037\appdata\local\programs\python\python38-32\lib\site-packages\pluggy\manager.py&quot;, line 93, in _hookexec
    return self._inner_hookexec(hook, methods, kwargs)
  File &quot;c:\users\a610037\appdata\local\programs\python\python38-32\lib\site-packages\pluggy\manager.py&quot;, line 84, in &lt;lambda&gt;
    self._inner_hookexec = lambda hook, methods, kwargs: hook.multicall(
  File &quot;c:\users\a610037\appdata\local\programs\python\python38-32\lib\site-packages\pluggy\callers.py&quot;, line 187, in _multicall
    res = hook_impl.function(*args)
  File &quot;c:\users\a610037\appdata\local\programs\python\python38-32\lib\site-packages\_pytest\main.py&quot;, line 316, in pytest_cmdline_main
    return wrap_session(config, _main)
  File &quot;c:\users\a610037\appdata\local\programs\python\python38-32\lib\site-packages\_pytest\main.py&quot;, line 269, in wrap_session
    session.exitstatus = doit(config, session) or 0
  File &quot;c:\users\a610037\appdata\local\programs\python\python38-32\lib\site-packages\_pytest\main.py&quot;, line 323, in _main
    config.hook.pytest_runtestloop(session=session)
  File &quot;c:\users\a610037\appdata\local\programs\python\python38-32\lib\site-packages\pluggy\hooks.py&quot;, line 286, in __call__
    return self._hookexec(self, self.get_hookimpls(), kwargs)
  File &quot;c:\users\a610037\appdata\local\programs\python\python38-32\lib\site-packages\pluggy\manager.py&quot;, line 93, in _hookexec
    return self._inner_hookexec(hook, methods, kwargs)
  File &quot;c:\users\a610037\appdata\local\programs\python\python38-32\lib\site-packages\pluggy\manager.py&quot;, line 84, in &lt;lambda&gt;
    self._inner_hookexec = lambda hook, methods, kwargs: hook.multicall(
  File &quot;c:\users\a610037\appdata\local\programs\python\python38-32\lib\site-packages\pluggy\callers.py&quot;, line 187, in _multicall
    res = hook_impl.function(*args)
  File &quot;c:\users\a610037\appdata\local\programs\python\python38-32\lib\site-packages\_pytest\main.py&quot;, line 348, in pytest_runtestloop
    item.config.hook.pytest_runtest_protocol(item=item, nextitem=nextitem)
  File &quot;c:\users\a610037\appdata\local\programs\python\python38-32\lib\site-packages\pluggy\hooks.py&quot;, line 286, in __call__
    return self._hookexec(self, self.get_hookimpls(), kwargs)
  File &quot;c:\users\a610037\appdata\local\programs\python\python38-32\lib\site-packages\pluggy\manager.py&quot;, line 93, in _hookexec
    return self._inner_hookexec(hook, methods, kwargs)
  File &quot;c:\users\a610037\appdata\local\programs\python\python38-32\lib\site-packages\pluggy\manager.py&quot;, line 84, in &lt;lambda&gt;
    self._inner_hookexec = lambda hook, methods, kwargs: hook.multicall(
  File &quot;c:\users\a610037\appdata\local\programs\python\python38-32\lib\site-packages\pluggy\callers.py&quot;, line 187, in _multicall
    res = hook_impl.function(*args)
  File &quot;c:\users\a610037\appdata\local\programs\python\python38-32\lib\site-packages\_pytest\runner.py&quot;, line 109, in pytest_runtest_protocol
    runtestprotocol(item, nextitem=nextitem)
  File &quot;c:\users\a610037\appdata\local\programs\python\python38-32\lib\site-packages\_pytest\runner.py&quot;, line 126, in runtestprotocol
    reports.append(call_and_report(item, &quot;call&quot;, log))
  File &quot;c:\users\a610037\appdata\local\programs\python\python38-32\lib\site-packages\_pytest\runner.py&quot;, line 215, in call_and_report
    call = call_runtest_hook(item, when, **kwds)
  File &quot;c:\users\a610037\appdata\local\programs\python\python38-32\lib\site-packages\_pytest\runner.py&quot;, line 254, in call_runtest_hook
    return CallInfo.from_call(
  File &quot;c:\users\a610037\appdata\local\programs\python\python38-32\lib\site-packages\_pytest\runner.py&quot;, line 311, in from_call
    result: Optional[TResult] = func()
  File &quot;c:\users\a610037\appdata\local\programs\python\python38-32\lib\site-packages\_pytest\runner.py&quot;, line 255, in &lt;lambda&gt;
    lambda: ihook(item=item, **kwds), when=when, reraise=reraise
  File &quot;c:\users\a610037\appdata\local\programs\python\python38-32\lib\site-packages\pluggy\hooks.py&quot;, line 286, in __call__
    return self._hookexec(self, self.get_hookimpls(), kwargs)
  File &quot;c:\users\a610037\appdata\local\programs\python\python38-32\lib\site-packages\pluggy\manager.py&quot;, line 93, in _hookexec
    return self._inner_hookexec(hook, methods, kwargs)
  File &quot;c:\users\a610037\appdata\local\programs\python\python38-32\lib\site-packages\pluggy\manager.py&quot;, line 84, in &lt;lambda&gt;
    self._inner_hookexec = lambda hook, methods, kwargs: hook.multicall(
  File &quot;c:\users\a610037\appdata\local\programs\python\python38-32\lib\site-packages\pluggy\callers.py&quot;, line 187, in _multicall
    res = hook_impl.function(*args)
  File &quot;c:\users\a610037\appdata\local\programs\python\python38-32\lib\site-packages\_pytest\runner.py&quot;, line 162, in pytest_runtest_call
    item.runtest()
  File &quot;c:\users\a610037\appdata\local\programs\python\python38-32\lib\site-packages\_pytest\unittest.py&quot;, line 321, in runtest
    self._testcase(result=self)  # type: ignore[arg-type]
  File &quot;c:\users\a610037\appdata\local\programs\python\python38-32\lib\unittest\case.py&quot;, line 736, in __call__
    return self.run(*args, **kwds)
  File &quot;c:\users\a610037\appdata\local\programs\python\python38-32\lib\unittest\case.py&quot;, line 676, in run
    self._callTestMethod(testMethod)
  File &quot;c:\users\a610037\appdata\local\programs\python\python38-32\lib\unittest\case.py&quot;, line 633, in _callTestMethod
    method()
  File &quot;c:\users\a610037\appdata\local\programs\python\python38-32\lib\site-packages\ddt.py&quot;, line 182, in wrapper
    return func(self, *args, **kwargs)
  File &quot;C:\Users\A610037\PycharmProjects\git-selenium-framework2\tests\test_individual\test_registration.py&quot;, line 27, in test_registration
    result1 = self.account.register(firstName, lastName, emailAddress, password, confirmPassword)
  File &quot;C:\Users\A610037\PycharmProjects\git-selenium-framework2\pages\account_creation\account_creation.py&quot;, line 60, in register
    return self.isElementDisplayed(self._success_message,&#x27;xpath&#x27;)
  File &quot;C:\Users\A610037\PycharmProjects\git-selenium-framework2\base\selenium_driver.py&quot;, line 280, in isElementDisplayed
    element = self.findElement(locator, locatorType)
  File &quot;C:\Users\A610037\PycharmProjects\git-selenium-framework2\base\selenium_driver.py&quot;, line 61, in findElement
    print_stack()
  File &quot;c:\users\a610037\appdata\local\programs\python\python38-32\lib\runpy.py&quot;, line 193, in _run_module_as_main
    return _run_code(code, main_globals, None,
  File &quot;c:\users\a610037\appdata\local\programs\python\python38-32\lib\runpy.py&quot;, line 86, in _run_code
    exec(code, run_globals)
  File &quot;C:\Users\A610037\AppData\Local\Programs\Python\Python38-32\Scripts\py.test.exe\__main__.py&quot;, line 7, in &lt;module&gt;
    sys.exit(console_main())
  File &quot;c:\users\a610037\appdata\local\programs\python\python38-32\lib\site-packages\_pytest\config\__init__.py&quot;, line 185, in console_main
    code = main()
  File &quot;c:\users\a610037\appdata\local\programs\python\python38-32\lib\site-packages\_pytest\config\__init__.py&quot;, line 162, in main
    ret: Union[ExitCode, int] = config.hook.pytest_cmdline_main(
  File &quot;c:\users\a610037\appdata\local\programs\python\python38-32\lib\site-packages\pluggy\hooks.py&quot;, line 286, in __call__
    return self._hookexec(self, self.get_hookimpls(), kwargs)
  File &quot;c:\users\a610037\appdata\local\programs\python\python38-32\lib\site-packages\pluggy\manager.py&quot;, line 93, in _hookexec
    return self._inner_hookexec(hook, methods, kwargs)
  File &quot;c:\users\a610037\appdata\local\programs\python\python38-32\lib\site-packages\pluggy\manager.py&quot;, line 84, in &lt;lambda&gt;
    self._inner_hookexec = lambda hook, methods, kwargs: hook.multicall(
  File &quot;c:\users\a610037\appdata\local\programs\python\python38-32\lib\site-packages\pluggy\callers.py&quot;, line 187, in _multicall
    res = hook_impl.function(*args)
  File &quot;c:\users\a610037\appdata\local\programs\python\python38-32\lib\site-packages\_pytest\main.py&quot;, line 316, in pytest_cmdline_main
    return wrap_session(config, _main)
  File &quot;c:\users\a610037\appdata\local\programs\python\python38-32\lib\site-packages\_pytest\main.py&quot;, line 269, in wrap_session
    session.exitstatus = doit(config, session) or 0
  File &quot;c:\users\a610037\appdata\local\programs\python\python38-32\lib\site-packages\_pytest\main.py&quot;, line 323, in _main
    config.hook.pytest_runtestloop(session=session)
  File &quot;c:\users\a610037\appdata\local\programs\python\python38-32\lib\site-packages\pluggy\hooks.py&quot;, line 286, in __call__
    return self._hookexec(self, self.get_hookimpls(), kwargs)
  File &quot;c:\users\a610037\appdata\local\programs\python\python38-32\lib\site-packages\pluggy\manager.py&quot;, line 93, in _hookexec
    return self._inner_hookexec(hook, methods, kwargs)
  File &quot;c:\users\a610037\appdata\local\programs\python\python38-32\lib\site-packages\pluggy\manager.py&quot;, line 84, in &lt;lambda&gt;
    self._inner_hookexec = lambda hook, methods, kwargs: hook.multicall(
  File &quot;c:\users\a610037\appdata\local\programs\python\python38-32\lib\site-packages\pluggy\callers.py&quot;, line 187, in _multicall
    res = hook_impl.function(*args)
  File &quot;c:\users\a610037\appdata\local\programs\python\python38-32\lib\site-packages\_pytest\main.py&quot;, line 348, in pytest_runtestloop
    item.config.hook.pytest_runtest_protocol(item=item, nextitem=nextitem)
  File &quot;c:\users\a610037\appdata\local\programs\python\python38-32\lib\site-packages\pluggy\hooks.py&quot;, line 286, in __call__
    return self._hookexec(self, self.get_hookimpls(), kwargs)
  File &quot;c:\users\a610037\appdata\local\programs\python\python38-32\lib\site-packages\pluggy\manager.py&quot;, line 93, in _hookexec
    return self._inner_hookexec(hook, methods, kwargs)
  File &quot;c:\users\a610037\appdata\local\programs\python\python38-32\lib\site-packages\pluggy\manager.py&quot;, line 84, in &lt;lambda&gt;
    self._inner_hookexec = lambda hook, methods, kwargs: hook.multicall(
  File &quot;c:\users\a610037\appdata\local\programs\python\python38-32\lib\site-packages\pluggy\callers.py&quot;, line 187, in _multicall
    res = hook_impl.function(*args)
  File &quot;c:\users\a610037\appdata\local\programs\python\python38-32\lib\site-packages\_pytest\runner.py&quot;, line 109, in pytest_runtest_protocol
    runtestprotocol(item, nextitem=nextitem)
  File &quot;c:\users\a610037\appdata\local\programs\python\python38-32\lib\site-packages\_pytest\runner.py&quot;, line 126, in runtestprotocol
    reports.append(call_and_report(item, &quot;call&quot;, log))
  File &quot;c:\users\a610037\appdata\local\programs\python\python38-32\lib\site-packages\_pytest\runner.py&quot;, line 215, in call_and_report
    call = call_runtest_hook(item, when, **kwds)
  File &quot;c:\users\a610037\appdata\local\programs\python\python38-32\lib\site-packages\_pytest\runner.py&quot;, line 254, in call_runtest_hook
    return CallInfo.from_call(
  File &quot;c:\users\a610037\appdata\local\programs\python\python38-32\lib\site-packages\_pytest\runner.py&quot;, line 311, in from_call
    result: Optional[TResult] = func()
  File &quot;c:\users\a610037\appdata\local\programs\python\python38-32\lib\site-packages\_pytest\runner.py&quot;, line 255, in &lt;lambda&gt;
    lambda: ihook(item=item, **kwds), when=when, reraise=reraise
  File &quot;c:\users\a610037\appdata\local\programs\python\python38-32\lib\site-packages\pluggy\hooks.py&quot;, line 286, in __call__
    return self._hookexec(self, self.get_hookimpls(), kwargs)
  File &quot;c:\users\a610037\appdata\local\programs\python\python38-32\lib\site-packages\pluggy\manager.py&quot;, line 93, in _hookexec
    return self._inner_hookexec(hook, methods, kwargs)
  File &quot;c:\users\a610037\appdata\local\programs\python\python38-32\lib\site-packages\pluggy\manager.py&quot;, line 84, in &lt;lambda&gt;
    self._inner_hookexec = lambda hook, methods, kwargs: hook.multicall(
  File &quot;c:\users\a610037\appdata\local\programs\python\python38-32\lib\site-packages\pluggy\callers.py&quot;, line 187, in _multicall
    res = hook_impl.function(*args)
  File &quot;c:\users\a610037\appdata\local\programs\python\python38-32\lib\site-packages\_pytest\runner.py&quot;, line 162, in pytest_runtest_call
    item.runtest()
  File &quot;c:\users\a610037\appdata\local\programs\python\python38-32\lib\site-packages\_pytest\unittest.py&quot;, line 321, in runtest
    self._testcase(result=self)  # type: ignore[arg-type]
  File &quot;c:\users\a610037\appdata\local\programs\python\python38-32\lib\unittest\case.py&quot;, line 736, in __call__
    return self.run(*args, **kwds)
  File &quot;c:\users\a610037\appdata\local\programs\python\python38-32\lib\unittest\case.py&quot;, line 676, in run
    self._callTestMethod(testMethod)
  File &quot;c:\users\a610037\appdata\local\programs\python\python38-32\lib\unittest\case.py&quot;, line 633, in _callTestMethod
    method()
  File &quot;c:\users\a610037\appdata\local\programs\python\python38-32\lib\site-packages\ddt.py&quot;, line 182, in wrapper
    return func(self, *args, **kwargs)
  File &quot;C:\Users\A610037\PycharmProjects\git-selenium-framework2\tests\test_individual\test_registration.py&quot;, line 29, in test_registration
    result2 = self.account.add_to_wishlist(emailAddress, message)
  File &quot;C:\Users\A610037\PycharmProjects\git-selenium-framework2\pages\account_creation\account_creation.py&quot;, line 42, in add_to_wishlist
    self.elementClick(self._share_wishlist,&#x27;xpath&#x27;)
  File &quot;C:\Users\A610037\PycharmProjects\git-selenium-framework2\base\selenium_driver.py&quot;, line 102, in elementClick
    element = self.findElement(locator, locatorType)
  File &quot;C:\Users\A610037\PycharmProjects\git-selenium-framework2\base\selenium_driver.py&quot;, line 61, in findElement
    print_stack()
  File &quot;c:\users\a610037\appdata\local\programs\python\python38-32\lib\runpy.py&quot;, line 193, in _run_module_as_main
    return _run_code(code, main_globals, None,
  File &quot;c:\users\a610037\appdata\local\programs\python\python38-32\lib\runpy.py&quot;, line 86, in _run_code
    exec(code, run_globals)
  File &quot;C:\Users\A610037\AppData\Local\Programs\Python\Python38-32\Scripts\py.test.exe\__main__.py&quot;, line 7, in &lt;module&gt;
    sys.exit(console_main())
  File &quot;c:\users\a610037\appdata\local\programs\python\python38-32\lib\site-packages\_pytest\config\__init__.py&quot;, line 185, in console_main
    code = main()
  File &quot;c:\users\a610037\appdata\local\programs\python\python38-32\lib\site-packages\_pytest\config\__init__.py&quot;, line 162, in main
    ret: Union[ExitCode, int] = config.hook.pytest_cmdline_main(
  File &quot;c:\users\a610037\appdata\local\programs\python\python38-32\lib\site-packages\pluggy\hooks.py&quot;, line 286, in __call__
    return self._hookexec(self, self.get_hookimpls(), kwargs)
  File &quot;c:\users\a610037\appdata\local\programs\python\python38-32\lib\site-packages\pluggy\manager.py&quot;, line 93, in _hookexec
    return self._inner_hookexec(hook, methods, kwargs)
  File &quot;c:\users\a610037\appdata\local\programs\python\python38-32\lib\site-packages\pluggy\manager.py&quot;, line 84, in &lt;lambda&gt;
    self._inner_hookexec = lambda hook, methods, kwargs: hook.multicall(
  File &quot;c:\users\a610037\appdata\local\programs\python\python38-32\lib\site-packages\pluggy\callers.py&quot;, line 187, in _multicall
    res = hook_impl.function(*args)
  File &quot;c:\users\a610037\appdata\local\programs\python\python38-32\lib\site-packages\_pytest\main.py&quot;, line 316, in pytest_cmdline_main
    return wrap_session(config, _main)
  File &quot;c:\users\a610037\appdata\local\programs\python\python38-32\lib\site-packages\_pytest\main.py&quot;, line 269, in wrap_session
    session.exitstatus = doit(config, session) or 0
  File &quot;c:\users\a610037\appdata\local\programs\python\python38-32\lib\site-packages\_pytest\main.py&quot;, line 323, in _main
    config.hook.pytest_runtestloop(session=session)
  File &quot;c:\users\a610037\appdata\local\programs\python\python38-32\lib\site-packages\pluggy\hooks.py&quot;, line 286, in __call__
    return self._hookexec(self, self.get_hookimpls(), kwargs)
  File &quot;c:\users\a610037\appdata\local\programs\python\python38-32\lib\site-packages\pluggy\manager.py&quot;, line 93, in _hookexec
    return self._inner_hookexec(hook, methods, kwargs)
  File &quot;c:\users\a610037\appdata\local\programs\python\python38-32\lib\site-packages\pluggy\manager.py&quot;, line 84, in &lt;lambda&gt;
    self._inner_hookexec = lambda hook, methods, kwargs: hook.multicall(
  File &quot;c:\users\a610037\appdata\local\programs\python\python38-32\lib\site-packages\pluggy\callers.py&quot;, line 187, in _multicall
    res = hook_impl.function(*args)
  File &quot;c:\users\a610037\appdata\local\programs\python\python38-32\lib\site-packages\_pytest\main.py&quot;, line 348, in pytest_runtestloop
    item.config.hook.pytest_runtest_protocol(item=item, nextitem=nextitem)
  File &quot;c:\users\a610037\appdata\local\programs\python\python38-32\lib\site-packages\pluggy\hooks.py&quot;, line 286, in __call__
    return self._hookexec(self, self.get_hookimpls(), kwargs)
  File &quot;c:\users\a610037\appdata\local\programs\python\python38-32\lib\site-packages\pluggy\manager.py&quot;, line 93, in _hookexec
    return self._inner_hookexec(hook, methods, kwargs)
  File &quot;c:\users\a610037\appdata\local\programs\python\python38-32\lib\site-packages\pluggy\manager.py&quot;, line 84, in &lt;lambda&gt;
    self._inner_hookexec = lambda hook, methods, kwargs: hook.multicall(
  File &quot;c:\users\a610037\appdata\local\programs\python\python38-32\lib\site-packages\pluggy\callers.py&quot;, line 187, in _multicall
    res = hook_impl.function(*args)
  File &quot;c:\users\a610037\appdata\local\programs\python\python38-32\lib\site-packages\_pytest\runner.py&quot;, line 109, in pytest_runtest_protocol
    runtestprotocol(item, nextitem=nextitem)
  File &quot;c:\users\a610037\appdata\local\programs\python\python38-32\lib\site-packages\_pytest\runner.py&quot;, line 126, in runtestprotocol
    reports.append(call_and_report(item, &quot;call&quot;, log))
  File &quot;c:\users\a610037\appdata\local\programs\python\python38-32\lib\site-packages\_pytest\runner.py&quot;, line 215, in call_and_report
    call = call_runtest_hook(item, when, **kwds)
  File &quot;c:\users\a610037\appdata\local\programs\python\python38-32\lib\site-packages\_pytest\runner.py&quot;, line 254, in call_runtest_hook
    return CallInfo.from_call(
  File &quot;c:\users\a610037\appdata\local\programs\python\python38-32\lib\site-packages\_pytest\runner.py&quot;, line 311, in from_call
    result: Optional[TResult] = func()
  File &quot;c:\users\a610037\appdata\local\programs\python\python38-32\lib\site-packages\_pytest\runner.py&quot;, line 255, in &lt;lambda&gt;
    lambda: ihook(item=item, **kwds), when=when, reraise=reraise
  File &quot;c:\users\a610037\appdata\local\programs\python\python38-32\lib\site-packages\pluggy\hooks.py&quot;, line 286, in __call__
    return self._hookexec(self, self.get_hookimpls(), kwargs)
  File &quot;c:\users\a610037\appdata\local\programs\python\python38-32\lib\site-packages\pluggy\manager.py&quot;, line 93, in _hookexec
    return self._inner_hookexec(hook, methods, kwargs)
  File &quot;c:\users\a610037\appdata\local\programs\python\python38-32\lib\site-packages\pluggy\manager.py&quot;, line 84, in &lt;lambda&gt;
    self._inner_hookexec = lambda hook, methods, kwargs: hook.multicall(
  File &quot;c:\users\a610037\appdata\local\programs\python\python38-32\lib\site-packages\pluggy\callers.py&quot;, line 187, in _multicall
    res = hook_impl.function(*args)
  File &quot;c:\users\a610037\appdata\local\programs\python\python38-32\lib\site-packages\_pytest\runner.py&quot;, line 162, in pytest_runtest_call
    item.runtest()
  File &quot;c:\users\a610037\appdata\local\programs\python\python38-32\lib\site-packages\_pytest\unittest.py&quot;, line 321, in runtest
    self._testcase(result=self)  # type: ignore[arg-type]
  File &quot;c:\users\a610037\appdata\local\programs\python\python38-32\lib\unittest\case.py&quot;, line 736, in __call__
    return self.run(*args, **kwds)
  File &quot;c:\users\a610037\appdata\local\programs\python\python38-32\lib\unittest\case.py&quot;, line 676, in run
    self._callTestMethod(testMethod)
  File &quot;c:\users\a610037\appdata\local\programs\python\python38-32\lib\unittest\case.py&quot;, line 633, in _callTestMethod
    method()
  File &quot;c:\users\a610037\appdata\local\programs\python\python38-32\lib\site-packages\ddt.py&quot;, line 182, in wrapper
    return func(self, *args, **kwargs)
  File &quot;C:\Users\A610037\PycharmProjects\git-selenium-framework2\tests\test_individual\test_registration.py&quot;, line 29, in test_registration
    result2 = self.account.add_to_wishlist(emailAddress, message)
  File &quot;C:\Users\A610037\PycharmProjects\git-selenium-framework2\pages\account_creation\account_creation.py&quot;, line 42, in add_to_wishlist
    self.elementClick(self._share_wishlist,&#x27;xpath&#x27;)
  File &quot;C:\Users\A610037\PycharmProjects\git-selenium-framework2\base\selenium_driver.py&quot;, line 108, in elementClick
    print_stack()
  File &quot;c:\users\a610037\appdata\local\programs\python\python38-32\lib\runpy.py&quot;, line 193, in _run_module_as_main
    return _run_code(code, main_globals, None,
  File &quot;c:\users\a610037\appdata\local\programs\python\python38-32\lib\runpy.py&quot;, line 86, in _run_code
    exec(code, run_globals)
  File &quot;C:\Users\A610037\AppData\Local\Programs\Python\Python38-32\Scripts\py.test.exe\__main__.py&quot;, line 7, in &lt;module&gt;
    sys.exit(console_main())
  File &quot;c:\users\a610037\appdata\local\programs\python\python38-32\lib\site-packages\_pytest\config\__init__.py&quot;, line 185, in console_main
    code = main()
  File &quot;c:\users\a610037\appdata\local\programs\python\python38-32\lib\site-packages\_pytest\config\__init__.py&quot;, line 162, in main
    ret: Union[ExitCode, int] = config.hook.pytest_cmdline_main(
  File &quot;c:\users\a610037\appdata\local\programs\python\python38-32\lib\site-packages\pluggy\hooks.py&quot;, line 286, in __call__
    return self._hookexec(self, self.get_hookimpls(), kwargs)
  File &quot;c:\users\a610037\appdata\local\programs\python\python38-32\lib\site-packages\pluggy\manager.py&quot;, line 93, in _hookexec
    return self._inner_hookexec(hook, methods, kwargs)
  File &quot;c:\users\a610037\appdata\local\programs\python\python38-32\lib\site-packages\pluggy\manager.py&quot;, line 84, in &lt;lambda&gt;
    self._inner_hookexec = lambda hook, methods, kwargs: hook.multicall(
  File &quot;c:\users\a610037\appdata\local\programs\python\python38-32\lib\site-packages\pluggy\callers.py&quot;, line 187, in _multicall
    res = hook_impl.function(*args)
  File &quot;c:\users\a610037\appdata\local\programs\python\python38-32\lib\site-packages\_pytest\main.py&quot;, line 316, in pytest_cmdline_main
    return wrap_session(config, _main)
  File &quot;c:\users\a610037\appdata\local\programs\python\python38-32\lib\site-packages\_pytest\main.py&quot;, line 269, in wrap_session
    session.exitstatus = doit(config, session) or 0
  File &quot;c:\users\a610037\appdata\local\programs\python\python38-32\lib\site-packages\_pytest\main.py&quot;, line 323, in _main
    config.hook.pytest_runtestloop(session=session)
  File &quot;c:\users\a610037\appdata\local\programs\python\python38-32\lib\site-packages\pluggy\hooks.py&quot;, line 286, in __call__
    return self._hookexec(self, self.get_hookimpls(), kwargs)
  File &quot;c:\users\a610037\appdata\local\programs\python\python38-32\lib\site-packages\pluggy\manager.py&quot;, line 93, in _hookexec
    return self._inner_hookexec(hook, methods, kwargs)
  File &quot;c:\users\a610037\appdata\local\programs\python\python38-32\lib\site-packages\pluggy\manager.py&quot;, line 84, in &lt;lambda&gt;
    self._inner_hookexec = lambda hook, methods, kwargs: hook.multicall(
  File &quot;c:\users\a610037\appdata\local\programs\python\python38-32\lib\site-packages\pluggy\callers.py&quot;, line 187, in _multicall
    res = hook_impl.function(*args)
  File &quot;c:\users\a610037\appdata\local\programs\python\python38-32\lib\site-packages\_pytest\main.py&quot;, line 348, in pytest_runtestloop
    item.config.hook.pytest_runtest_protocol(item=item, nextitem=nextitem)
  File &quot;c:\users\a610037\appdata\local\programs\python\python38-32\lib\site-packages\pluggy\hooks.py&quot;, line 286, in __call__
    return self._hookexec(self, self.get_hookimpls(), kwargs)
  File &quot;c:\users\a610037\appdata\local\programs\python\python38-32\lib\site-packages\pluggy\manager.py&quot;, line 93, in _hookexec
    return self._inner_hookexec(hook, methods, kwargs)
  File &quot;c:\users\a610037\appdata\local\programs\python\python38-32\lib\site-packages\pluggy\manager.py&quot;, line 84, in &lt;lambda&gt;
    self._inner_hookexec = lambda hook, methods, kwargs: hook.multicall(
  File &quot;c:\users\a610037\appdata\local\programs\python\python38-32\lib\site-packages\pluggy\callers.py&quot;, line 187, in _multicall
    res = hook_impl.function(*args)
  File &quot;c:\users\a610037\appdata\local\programs\python\python38-32\lib\site-packages\_pytest\runner.py&quot;, line 109, in pytest_runtest_protocol
    runtestprotocol(item, nextitem=nextitem)
  File &quot;c:\users\a610037\appdata\local\programs\python\python38-32\lib\site-packages\_pytest\runner.py&quot;, line 126, in runtestprotocol
    reports.append(call_and_report(item, &quot;call&quot;, log))
  File &quot;c:\users\a610037\appdata\local\programs\python\python38-32\lib\site-packages\_pytest\runner.py&quot;, line 215, in call_and_report
    call = call_runtest_hook(item, when, **kwds)
  File &quot;c:\users\a610037\appdata\local\programs\python\python38-32\lib\site-packages\_pytest\runner.py&quot;, line 254, in call_runtest_hook
    return CallInfo.from_call(
  File &quot;c:\users\a610037\appdata\local\programs\python\python38-32\lib\site-packages\_pytest\runner.py&quot;, line 311, in from_call
    result: Optional[TResult] = func()
  File &quot;c:\users\a610037\appdata\local\programs\python\python38-32\lib\site-packages\_pytest\runner.py&quot;, line 255, in &lt;lambda&gt;
    lambda: ihook(item=item, **kwds), when=when, reraise=reraise
  File &quot;c:\users\a610037\appdata\local\programs\python\python38-32\lib\site-packages\pluggy\hooks.py&quot;, line 286, in __call__
    return self._hookexec(self, self.get_hookimpls(), kwargs)
  File &quot;c:\users\a610037\appdata\local\programs\python\python38-32\lib\site-packages\pluggy\manager.py&quot;, line 93, in _hookexec
    return self._inner_hookexec(hook, methods, kwargs)
  File &quot;c:\users\a610037\appdata\local\programs\python\python38-32\lib\site-packages\pluggy\manager.py&quot;, line 84, in &lt;lambda&gt;
    self._inner_hookexec = lambda hook, methods, kwargs: hook.multicall(
  File &quot;c:\users\a610037\appdata\local\programs\python\python38-32\lib\site-packages\pluggy\callers.py&quot;, line 187, in _multicall
    res = hook_impl.function(*args)
  File &quot;c:\users\a610037\appdata\local\programs\python\python38-32\lib\site-packages\_pytest\runner.py&quot;, line 162, in pytest_runtest_call
    item.runtest()
  File &quot;c:\users\a610037\appdata\local\programs\python\python38-32\lib\site-packages\_pytest\unittest.py&quot;, line 321, in runtest
    self._testcase(result=self)  # type: ignore[arg-type]
  File &quot;c:\users\a610037\appdata\local\programs\python\python38-32\lib\unittest\case.py&quot;, line 736, in __call__
    return self.run(*args, **kwds)
  File &quot;c:\users\a610037\appdata\local\programs\python\python38-32\lib\unittest\case.py&quot;, line 676, in run
    self._callTestMethod(testMethod)
  File &quot;c:\users\a610037\appdata\local\programs\python\python38-32\lib\unittest\case.py&quot;, line 633, in _callTestMethod
    method()
  File &quot;c:\users\a610037\appdata\local\programs\python\python38-32\lib\site-packages\ddt.py&quot;, line 182, in wrapper
    return func(self, *args, **kwargs)
  File &quot;C:\Users\A610037\PycharmProjects\git-selenium-framework2\tests\test_individual\test_registration.py&quot;, line 29, in test_registration
    result2 = self.account.add_to_wishlist(emailAddress, message)
  File &quot;C:\Users\A610037\PycharmProjects\git-selenium-framework2\pages\account_creation\account_creation.py&quot;, line 43, in add_to_wishlist
    self.elementSend(self._emailaddress_wishlist,&#x27;id&#x27;,emailAddress)
  File &quot;C:\Users\A610037\PycharmProjects\git-selenium-framework2\base\selenium_driver.py&quot;, line 112, in elementSend
    element = self.findElement(locator, locatorType)
  File &quot;C:\Users\A610037\PycharmProjects\git-selenium-framework2\base\selenium_driver.py&quot;, line 61, in findElement
    print_stack()
  File &quot;c:\users\a610037\appdata\local\programs\python\python38-32\lib\runpy.py&quot;, line 193, in _run_module_as_main
    return _run_code(code, main_globals, None,
  File &quot;c:\users\a610037\appdata\local\programs\python\python38-32\lib\runpy.py&quot;, line 86, in _run_code
    exec(code, run_globals)
  File &quot;C:\Users\A610037\AppData\Local\Programs\Python\Python38-32\Scripts\py.test.exe\__main__.py&quot;, line 7, in &lt;module&gt;
    sys.exit(console_main())
  File &quot;c:\users\a610037\appdata\local\programs\python\python38-32\lib\site-packages\_pytest\config\__init__.py&quot;, line 185, in console_main
    code = main()
  File &quot;c:\users\a610037\appdata\local\programs\python\python38-32\lib\site-packages\_pytest\config\__init__.py&quot;, line 162, in main
    ret: Union[ExitCode, int] = config.hook.pytest_cmdline_main(
  File &quot;c:\users\a610037\appdata\local\programs\python\python38-32\lib\site-packages\pluggy\hooks.py&quot;, line 286, in __call__
    return self._hookexec(self, self.get_hookimpls(), kwargs)
  File &quot;c:\users\a610037\appdata\local\programs\python\python38-32\lib\site-packages\pluggy\manager.py&quot;, line 93, in _hookexec
    return self._inner_hookexec(hook, methods, kwargs)
  File &quot;c:\users\a610037\appdata\local\programs\python\python38-32\lib\site-packages\pluggy\manager.py&quot;, line 84, in &lt;lambda&gt;
    self._inner_hookexec = lambda hook, methods, kwargs: hook.multicall(
  File &quot;c:\users\a610037\appdata\local\programs\python\python38-32\lib\site-packages\pluggy\callers.py&quot;, line 187, in _multicall
    res = hook_impl.function(*args)
  File &quot;c:\users\a610037\appdata\local\programs\python\python38-32\lib\site-packages\_pytest\main.py&quot;, line 316, in pytest_cmdline_main
    return wrap_session(config, _main)
  File &quot;c:\users\a610037\appdata\local\programs\python\python38-32\lib\site-packages\_pytest\main.py&quot;, line 269, in wrap_session
    session.exitstatus = doit(config, session) or 0
  File &quot;c:\users\a610037\appdata\local\programs\python\python38-32\lib\site-packages\_pytest\main.py&quot;, line 323, in _main
    config.hook.pytest_runtestloop(session=session)
  File &quot;c:\users\a610037\appdata\local\programs\python\python38-32\lib\site-packages\pluggy\hooks.py&quot;, line 286, in __call__
    return self._hookexec(self, self.get_hookimpls(), kwargs)
  File &quot;c:\users\a610037\appdata\local\programs\python\python38-32\lib\site-packages\pluggy\manager.py&quot;, line 93, in _hookexec
    return self._inner_hookexec(hook, methods, kwargs)
  File &quot;c:\users\a610037\appdata\local\programs\python\python38-32\lib\site-packages\pluggy\manager.py&quot;, line 84, in &lt;lambda&gt;
    self._inner_hookexec = lambda hook, methods, kwargs: hook.multicall(
  File &quot;c:\users\a610037\appdata\local\programs\python\python38-32\lib\site-packages\pluggy\callers.py&quot;, line 187, in _multicall
    res = hook_impl.function(*args)
  File &quot;c:\users\a610037\appdata\local\programs\python\python38-32\lib\site-packages\_pytest\main.py&quot;, line 348, in pytest_runtestloop
    item.config.hook.pytest_runtest_protocol(item=item, nextitem=nextitem)
  File &quot;c:\users\a610037\appdata\local\programs\python\python38-32\lib\site-packages\pluggy\hooks.py&quot;, line 286, in __call__
    return self._hookexec(self, self.get_hookimpls(), kwargs)
  File &quot;c:\users\a610037\appdata\local\programs\python\python38-32\lib\site-packages\pluggy\manager.py&quot;, line 93, in _hookexec
    return self._inner_hookexec(hook, methods, kwargs)
  File &quot;c:\users\a610037\appdata\local\programs\python\python38-32\lib\site-packages\pluggy\manager.py&quot;, line 84, in &lt;lambda&gt;
    self._inner_hookexec = lambda hook, methods, kwargs: hook.multicall(
  File &quot;c:\users\a610037\appdata\local\programs\python\python38-32\lib\site-packages\pluggy\callers.py&quot;, line 187, in _multicall
    res = hook_impl.function(*args)
  File &quot;c:\users\a610037\appdata\local\programs\python\python38-32\lib\site-packages\_pytest\runner.py&quot;, line 109, in pytest_runtest_protocol
    runtestprotocol(item, nextitem=nextitem)
  File &quot;c:\users\a610037\appdata\local\programs\python\python38-32\lib\site-packages\_pytest\runner.py&quot;, line 126, in runtestprotocol
    reports.append(call_and_report(item, &quot;call&quot;, log))
  File &quot;c:\users\a610037\appdata\local\programs\python\python38-32\lib\site-packages\_pytest\runner.py&quot;, line 215, in call_and_report
    call = call_runtest_hook(item, when, **kwds)
  File &quot;c:\users\a610037\appdata\local\programs\python\python38-32\lib\site-packages\_pytest\runner.py&quot;, line 254, in call_runtest_hook
    return CallInfo.from_call(
  File &quot;c:\users\a610037\appdata\local\programs\python\python38-32\lib\site-packages\_pytest\runner.py&quot;, line 311, in from_call
    result: Optional[TResult] = func()
  File &quot;c:\users\a610037\appdata\local\programs\python\python38-32\lib\site-packages\_pytest\runner.py&quot;, line 255, in &lt;lambda&gt;
    lambda: ihook(item=item, **kwds), when=when, reraise=reraise
  File &quot;c:\users\a610037\appdata\local\programs\python\python38-32\lib\site-packages\pluggy\hooks.py&quot;, line 286, in __call__
    return self._hookexec(self, self.get_hookimpls(), kwargs)
  File &quot;c:\users\a610037\appdata\local\programs\python\python38-32\lib\site-packages\pluggy\manager.py&quot;, line 93, in _hookexec
    return self._inner_hookexec(hook, methods, kwargs)
  File &quot;c:\users\a610037\appdata\local\programs\python\python38-32\lib\site-packages\pluggy\manager.py&quot;, line 84, in &lt;lambda&gt;
    self._inner_hookexec = lambda hook, methods, kwargs: hook.multicall(
  File &quot;c:\users\a610037\appdata\local\programs\python\python38-32\lib\site-packages\pluggy\callers.py&quot;, line 187, in _multicall
    res = hook_impl.function(*args)
  File &quot;c:\users\a610037\appdata\local\programs\python\python38-32\lib\site-packages\_pytest\runner.py&quot;, line 162, in pytest_runtest_call
    item.runtest()
  File &quot;c:\users\a610037\appdata\local\programs\python\python38-32\lib\site-packages\_pytest\unittest.py&quot;, line 321, in runtest
    self._testcase(result=self)  # type: ignore[arg-type]
  File &quot;c:\users\a610037\appdata\local\programs\python\python38-32\lib\unittest\case.py&quot;, line 736, in __call__
    return self.run(*args, **kwds)
  File &quot;c:\users\a610037\appdata\local\programs\python\python38-32\lib\unittest\case.py&quot;, line 676, in run
    self._callTestMethod(testMethod)
  File &quot;c:\users\a610037\appdata\local\programs\python\python38-32\lib\unittest\case.py&quot;, line 633, in _callTestMethod
    method()
  File &quot;c:\users\a610037\appdata\local\programs\python\python38-32\lib\site-packages\ddt.py&quot;, line 182, in wrapper
    return func(self, *args, **kwargs)
  File &quot;C:\Users\A610037\PycharmProjects\git-selenium-framework2\tests\test_individual\test_registration.py&quot;, line 29, in test_registration
    result2 = self.account.add_to_wishlist(emailAddress, message)
  File &quot;C:\Users\A610037\PycharmProjects\git-selenium-framework2\pages\account_creation\account_creation.py&quot;, line 43, in add_to_wishlist
    self.elementSend(self._emailaddress_wishlist,&#x27;id&#x27;,emailAddress)
  File &quot;C:\Users\A610037\PycharmProjects\git-selenium-framework2\base\selenium_driver.py&quot;, line 118, in elementSend
    print_stack()
  File &quot;c:\users\a610037\appdata\local\programs\python\python38-32\lib\runpy.py&quot;, line 193, in _run_module_as_main
    return _run_code(code, main_globals, None,
  File &quot;c:\users\a610037\appdata\local\programs\python\python38-32\lib\runpy.py&quot;, line 86, in _run_code
    exec(code, run_globals)
  File &quot;C:\Users\A610037\AppData\Local\Programs\Python\Python38-32\Scripts\py.test.exe\__main__.py&quot;, line 7, in &lt;module&gt;
    sys.exit(console_main())
  File &quot;c:\users\a610037\appdata\local\programs\python\python38-32\lib\site-packages\_pytest\config\__init__.py&quot;, line 185, in console_main
    code = main()
  File &quot;c:\users\a610037\appdata\local\programs\python\python38-32\lib\site-packages\_pytest\config\__init__.py&quot;, line 162, in main
    ret: Union[ExitCode, int] = config.hook.pytest_cmdline_main(
  File &quot;c:\users\a610037\appdata\local\programs\python\python38-32\lib\site-packages\pluggy\hooks.py&quot;, line 286, in __call__
    return self._hookexec(self, self.get_hookimpls(), kwargs)
  File &quot;c:\users\a610037\appdata\local\programs\python\python38-32\lib\site-packages\pluggy\manager.py&quot;, line 93, in _hookexec
    return self._inner_hookexec(hook, methods, kwargs)
  File &quot;c:\users\a610037\appdata\local\programs\python\python38-32\lib\site-packages\pluggy\manager.py&quot;, line 84, in &lt;lambda&gt;
    self._inner_hookexec = lambda hook, methods, kwargs: hook.multicall(
  File &quot;c:\users\a610037\appdata\local\programs\python\python38-32\lib\site-packages\pluggy\callers.py&quot;, line 187, in _multicall
    res = hook_impl.function(*args)
  File &quot;c:\users\a610037\appdata\local\programs\python\python38-32\lib\site-packages\_pytest\main.py&quot;, line 316, in pytest_cmdline_main
    return wrap_session(config, _main)
  File &quot;c:\users\a610037\appdata\local\programs\python\python38-32\lib\site-packages\_pytest\main.py&quot;, line 269, in wrap_session
    session.exitstatus = doit(config, session) or 0
  File &quot;c:\users\a610037\appdata\local\programs\python\python38-32\lib\site-packages\_pytest\main.py&quot;, line 323, in _main
    config.hook.pytest_runtestloop(session=session)
  File &quot;c:\users\a610037\appdata\local\programs\python\python38-32\lib\site-packages\pluggy\hooks.py&quot;, line 286, in __call__
    return self._hookexec(self, self.get_hookimpls(), kwargs)
  File &quot;c:\users\a610037\appdata\local\programs\python\python38-32\lib\site-packages\pluggy\manager.py&quot;, line 93, in _hookexec
    return self._inner_hookexec(hook, methods, kwargs)
  File &quot;c:\users\a610037\appdata\local\programs\python\python38-32\lib\site-packages\pluggy\manager.py&quot;, line 84, in &lt;lambda&gt;
    self._inner_hookexec = lambda hook, methods, kwargs: hook.multicall(
  File &quot;c:\users\a610037\appdata\local\programs\python\python38-32\lib\site-packages\pluggy\callers.py&quot;, line 187, in _multicall
    res = hook_impl.function(*args)
  File &quot;c:\users\a610037\appdata\local\programs\python\python38-32\lib\site-packages\_pytest\main.py&quot;, line 348, in pytest_runtestloop
    item.config.hook.pytest_runtest_protocol(item=item, nextitem=nextitem)
  File &quot;c:\users\a610037\appdata\local\programs\python\python38-32\lib\site-packages\pluggy\hooks.py&quot;, line 286, in __call__
    return self._hookexec(self, self.get_hookimpls(), kwargs)
  File &quot;c:\users\a610037\appdata\local\programs\python\python38-32\lib\site-packages\pluggy\manager.py&quot;, line 93, in _hookexec
    return self._inner_hookexec(hook, methods, kwargs)
  File &quot;c:\users\a610037\appdata\local\programs\python\python38-32\lib\site-packages\pluggy\manager.py&quot;, line 84, in &lt;lambda&gt;
    self._inner_hookexec = lambda hook, methods, kwargs: hook.multicall(
  File &quot;c:\users\a610037\appdata\local\programs\python\python38-32\lib\site-packages\pluggy\callers.py&quot;, line 187, in _multicall
    res = hook_impl.function(*args)
  File &quot;c:\users\a610037\appdata\local\programs\python\python38-32\lib\site-packages\_pytest\runner.py&quot;, line 109, in pytest_runtest_protocol
    runtestprotocol(item, nextitem=nextitem)
  File &quot;c:\users\a610037\appdata\local\programs\python\python38-32\lib\site-packages\_pytest\runner.py&quot;, line 126, in runtestprotocol
    reports.append(call_and_report(item, &quot;call&quot;, log))
  File &quot;c:\users\a610037\appdata\local\programs\python\python38-32\lib\site-packages\_pytest\runner.py&quot;, line 215, in call_and_report
    call = call_runtest_hook(item, when, **kwds)
  File &quot;c:\users\a610037\appdata\local\programs\python\python38-32\lib\site-packages\_pytest\runner.py&quot;, line 254, in call_runtest_hook
    return CallInfo.from_call(
  File &quot;c:\users\a610037\appdata\local\programs\python\python38-32\lib\site-packages\_pytest\runner.py&quot;, line 311, in from_call
    result: Optional[TResult] = func()
  File &quot;c:\users\a610037\appdata\local\programs\python\python38-32\lib\site-packages\_pytest\runner.py&quot;, line 255, in &lt;lambda&gt;
    lambda: ihook(item=item, **kwds), when=when, reraise=reraise
  File &quot;c:\users\a610037\appdata\local\programs\python\python38-32\lib\site-packages\pluggy\hooks.py&quot;, line 286, in __call__
    return self._hookexec(self, self.get_hookimpls(), kwargs)
  File &quot;c:\users\a610037\appdata\local\programs\python\python38-32\lib\site-packages\pluggy\manager.py&quot;, line 93, in _hookexec
    return self._inner_hookexec(hook, methods, kwargs)
  File &quot;c:\users\a610037\appdata\local\programs\python\python38-32\lib\site-packages\pluggy\manager.py&quot;, line 84, in &lt;lambda&gt;
    self._inner_hookexec = lambda hook, methods, kwargs: hook.multicall(
  File &quot;c:\users\a610037\appdata\local\programs\python\python38-32\lib\site-packages\pluggy\callers.py&quot;, line 187, in _multicall
    res = hook_impl.function(*args)
  File &quot;c:\users\a610037\appdata\local\programs\python\python38-32\lib\site-packages\_pytest\runner.py&quot;, line 162, in pytest_runtest_call
    item.runtest()
  File &quot;c:\users\a610037\appdata\local\programs\python\python38-32\lib\site-packages\_pytest\unittest.py&quot;, line 321, in runtest
    self._testcase(result=self)  # type: ignore[arg-type]
  File &quot;c:\users\a610037\appdata\local\programs\python\python38-32\lib\unittest\case.py&quot;, line 736, in __call__
    return self.run(*args, **kwds)
  File &quot;c:\users\a610037\appdata\local\programs\python\python38-32\lib\unittest\case.py&quot;, line 676, in run
    self._callTestMethod(testMethod)
  File &quot;c:\users\a610037\appdata\local\programs\python\python38-32\lib\unittest\case.py&quot;, line 633, in _callTestMethod
    method()
  File &quot;c:\users\a610037\appdata\local\programs\python\python38-32\lib\site-packages\ddt.py&quot;, line 182, in wrapper
    return func(self, *args, **kwargs)
  File &quot;C:\Users\A610037\PycharmProjects\git-selenium-framework2\tests\test_individual\test_registration.py&quot;, line 29, in test_registration
    result2 = self.account.add_to_wishlist(emailAddress, message)
  File &quot;C:\Users\A610037\PycharmProjects\git-selenium-framework2\pages\account_creation\account_creation.py&quot;, line 44, in add_to_wishlist
    self.elementSend(self._message_wishlist, &#x27;id&#x27;, message)
  File &quot;C:\Users\A610037\PycharmProjects\git-selenium-framework2\base\selenium_driver.py&quot;, line 112, in elementSend
    element = self.findElement(locator, locatorType)
  File &quot;C:\Users\A610037\PycharmProjects\git-selenium-framework2\base\selenium_driver.py&quot;, line 61, in findElement
    print_stack()
  File &quot;c:\users\a610037\appdata\local\programs\python\python38-32\lib\runpy.py&quot;, line 193, in _run_module_as_main
    return _run_code(code, main_globals, None,
  File &quot;c:\users\a610037\appdata\local\programs\python\python38-32\lib\runpy.py&quot;, line 86, in _run_code
    exec(code, run_globals)
  File &quot;C:\Users\A610037\AppData\Local\Programs\Python\Python38-32\Scripts\py.test.exe\__main__.py&quot;, line 7, in &lt;module&gt;
    sys.exit(console_main())
  File &quot;c:\users\a610037\appdata\local\programs\python\python38-32\lib\site-packages\_pytest\config\__init__.py&quot;, line 185, in console_main
    code = main()
  File &quot;c:\users\a610037\appdata\local\programs\python\python38-32\lib\site-packages\_pytest\config\__init__.py&quot;, line 162, in main
    ret: Union[ExitCode, int] = config.hook.pytest_cmdline_main(
  File &quot;c:\users\a610037\appdata\local\programs\python\python38-32\lib\site-packages\pluggy\hooks.py&quot;, line 286, in __call__
    return self._hookexec(self, self.get_hookimpls(), kwargs)
  File &quot;c:\users\a610037\appdata\local\programs\python\python38-32\lib\site-packages\pluggy\manager.py&quot;, line 93, in _hookexec
    return self._inner_hookexec(hook, methods, kwargs)
  File &quot;c:\users\a610037\appdata\local\programs\python\python38-32\lib\site-packages\pluggy\manager.py&quot;, line 84, in &lt;lambda&gt;
    self._inner_hookexec = lambda hook, methods, kwargs: hook.multicall(
  File &quot;c:\users\a610037\appdata\local\programs\python\python38-32\lib\site-packages\pluggy\callers.py&quot;, line 187, in _multicall
    res = hook_impl.function(*args)
  File &quot;c:\users\a610037\appdata\local\programs\python\python38-32\lib\site-packages\_pytest\main.py&quot;, line 316, in pytest_cmdline_main
    return wrap_session(config, _main)
  File &quot;c:\users\a610037\appdata\local\programs\python\python38-32\lib\site-packages\_pytest\main.py&quot;, line 269, in wrap_session
    session.exitstatus = doit(config, session) or 0
  File &quot;c:\users\a610037\appdata\local\programs\python\python38-32\lib\site-packages\_pytest\main.py&quot;, line 323, in _main
    config.hook.pytest_runtestloop(session=session)
  File &quot;c:\users\a610037\appdata\local\programs\python\python38-32\lib\site-packages\pluggy\hooks.py&quot;, line 286, in __call__
    return self._hookexec(self, self.get_hookimpls(), kwargs)
  File &quot;c:\users\a610037\appdata\local\programs\python\python38-32\lib\site-packages\pluggy\manager.py&quot;, line 93, in _hookexec
    return self._inner_hookexec(hook, methods, kwargs)
  File &quot;c:\users\a610037\appdata\local\programs\python\python38-32\lib\site-packages\pluggy\manager.py&quot;, line 84, in &lt;lambda&gt;
    self._inner_hookexec = lambda hook, methods, kwargs: hook.multicall(
  File &quot;c:\users\a610037\appdata\local\programs\python\python38-32\lib\site-packages\pluggy\callers.py&quot;, line 187, in _multicall
    res = hook_impl.function(*args)
  File &quot;c:\users\a610037\appdata\local\programs\python\python38-32\lib\site-packages\_pytest\main.py&quot;, line 348, in pytest_runtestloop
    item.config.hook.pytest_runtest_protocol(item=item, nextitem=nextitem)
  File &quot;c:\users\a610037\appdata\local\programs\python\python38-32\lib\site-packages\pluggy\hooks.py&quot;, line 286, in __call__
    return self._hookexec(self, self.get_hookimpls(), kwargs)
  File &quot;c:\users\a610037\appdata\local\programs\python\python38-32\lib\site-packages\pluggy\manager.py&quot;, line 93, in _hookexec
    return self._inner_hookexec(hook, methods, kwargs)
  File &quot;c:\users\a610037\appdata\local\programs\python\python38-32\lib\site-packages\pluggy\manager.py&quot;, line 84, in &lt;lambda&gt;
    self._inner_hookexec = lambda hook, methods, kwargs: hook.multicall(
  File &quot;c:\users\a610037\appdata\local\programs\python\python38-32\lib\site-packages\pluggy\callers.py&quot;, line 187, in _multicall
    res = hook_impl.function(*args)
  File &quot;c:\users\a610037\appdata\local\programs\python\python38-32\lib\site-packages\_pytest\runner.py&quot;, line 109, in pytest_runtest_protocol
    runtestprotocol(item, nextitem=nextitem)
  File &quot;c:\users\a610037\appdata\local\programs\python\python38-32\lib\site-packages\_pytest\runner.py&quot;, line 126, in runtestprotocol
    reports.append(call_and_report(item, &quot;call&quot;, log))
  File &quot;c:\users\a610037\appdata\local\programs\python\python38-32\lib\site-packages\_pytest\runner.py&quot;, line 215, in call_and_report
    call = call_runtest_hook(item, when, **kwds)
  File &quot;c:\users\a610037\appdata\local\programs\python\python38-32\lib\site-packages\_pytest\runner.py&quot;, line 254, in call_runtest_hook
    return CallInfo.from_call(
  File &quot;c:\users\a610037\appdata\local\programs\python\python38-32\lib\site-packages\_pytest\runner.py&quot;, line 311, in from_call
    result: Optional[TResult] = func()
  File &quot;c:\users\a610037\appdata\local\programs\python\python38-32\lib\site-packages\_pytest\runner.py&quot;, line 255, in &lt;lambda&gt;
    lambda: ihook(item=item, **kwds), when=when, reraise=reraise
  File &quot;c:\users\a610037\appdata\local\programs\python\python38-32\lib\site-packages\pluggy\hooks.py&quot;, line 286, in __call__
    return self._hookexec(self, self.get_hookimpls(), kwargs)
  File &quot;c:\users\a610037\appdata\local\programs\python\python38-32\lib\site-packages\pluggy\manager.py&quot;, line 93, in _hookexec
    return self._inner_hookexec(hook, methods, kwargs)
  File &quot;c:\users\a610037\appdata\local\programs\python\python38-32\lib\site-packages\pluggy\manager.py&quot;, line 84, in &lt;lambda&gt;
    self._inner_hookexec = lambda hook, methods, kwargs: hook.multicall(
  File &quot;c:\users\a610037\appdata\local\programs\python\python38-32\lib\site-packages\pluggy\callers.py&quot;, line 187, in _multicall
    res = hook_impl.function(*args)
  File &quot;c:\users\a610037\appdata\local\programs\python\python38-32\lib\site-packages\_pytest\runner.py&quot;, line 162, in pytest_runtest_call
    item.runtest()
  File &quot;c:\users\a610037\appdata\local\programs\python\python38-32\lib\site-packages\_pytest\unittest.py&quot;, line 321, in runtest
    self._testcase(result=self)  # type: ignore[arg-type]
  File &quot;c:\users\a610037\appdata\local\programs\python\python38-32\lib\unittest\case.py&quot;, line 736, in __call__
    return self.run(*args, **kwds)
  File &quot;c:\users\a610037\appdata\local\programs\python\python38-32\lib\unittest\case.py&quot;, line 676, in run
    self._callTestMethod(testMethod)
  File &quot;c:\users\a610037\appdata\local\programs\python\python38-32\lib\unittest\case.py&quot;, line 633, in _callTestMethod
    method()
  File &quot;c:\users\a610037\appdata\local\programs\python\python38-32\lib\site-packages\ddt.py&quot;, line 182, in wrapper
    return func(self, *args, **kwargs)
  File &quot;C:\Users\A610037\PycharmProjects\git-selenium-framework2\tests\test_individual\test_registration.py&quot;, line 29, in test_registration
    result2 = self.account.add_to_wishlist(emailAddress, message)
  File &quot;C:\Users\A610037\PycharmProjects\git-selenium-framework2\pages\account_creation\account_creation.py&quot;, line 44, in add_to_wishlist
    self.elementSend(self._message_wishlist, &#x27;id&#x27;, message)
  File &quot;C:\Users\A610037\PycharmProjects\git-selenium-framework2\base\selenium_driver.py&quot;, line 118, in elementSend
    print_stack()
  File &quot;c:\users\a610037\appdata\local\programs\python\python38-32\lib\runpy.py&quot;, line 193, in _run_module_as_main
    return _run_code(code, main_globals, None,
  File &quot;c:\users\a610037\appdata\local\programs\python\python38-32\lib\runpy.py&quot;, line 86, in _run_code
    exec(code, run_globals)
  File &quot;C:\Users\A610037\AppData\Local\Programs\Python\Python38-32\Scripts\py.test.exe\__main__.py&quot;, line 7, in &lt;module&gt;
    sys.exit(console_main())
  File &quot;c:\users\a610037\appdata\local\programs\python\python38-32\lib\site-packages\_pytest\config\__init__.py&quot;, line 185, in console_main
    code = main()
  File &quot;c:\users\a610037\appdata\local\programs\python\python38-32\lib\site-packages\_pytest\config\__init__.py&quot;, line 162, in main
    ret: Union[ExitCode, int] = config.hook.pytest_cmdline_main(
  File &quot;c:\users\a610037\appdata\local\programs\python\python38-32\lib\site-packages\pluggy\hooks.py&quot;, line 286, in __call__
    return self._hookexec(self, self.get_hookimpls(), kwargs)
  File &quot;c:\users\a610037\appdata\local\programs\python\python38-32\lib\site-packages\pluggy\manager.py&quot;, line 93, in _hookexec
    return self._inner_hookexec(hook, methods, kwargs)
  File &quot;c:\users\a610037\appdata\local\programs\python\python38-32\lib\site-packages\pluggy\manager.py&quot;, line 84, in &lt;lambda&gt;
    self._inner_hookexec = lambda hook, methods, kwargs: hook.multicall(
  File &quot;c:\users\a610037\appdata\local\programs\python\python38-32\lib\site-packages\pluggy\callers.py&quot;, line 187, in _multicall
    res = hook_impl.function(*args)
  File &quot;c:\users\a610037\appdata\local\programs\python\python38-32\lib\site-packages\_pytest\main.py&quot;, line 316, in pytest_cmdline_main
    return wrap_session(config, _main)
  File &quot;c:\users\a610037\appdata\local\programs\python\python38-32\lib\site-packages\_pytest\main.py&quot;, line 269, in wrap_session
    session.exitstatus = doit(config, session) or 0
  File &quot;c:\users\a610037\appdata\local\programs\python\python38-32\lib\site-packages\_pytest\main.py&quot;, line 323, in _main
    config.hook.pytest_runtestloop(session=session)
  File &quot;c:\users\a610037\appdata\local\programs\python\python38-32\lib\site-packages\pluggy\hooks.py&quot;, line 286, in __call__
    return self._hookexec(self, self.get_hookimpls(), kwargs)
  File &quot;c:\users\a610037\appdata\local\programs\python\python38-32\lib\site-packages\pluggy\manager.py&quot;, line 93, in _hookexec
    return self._inner_hookexec(hook, methods, kwargs)
  File &quot;c:\users\a610037\appdata\local\programs\python\python38-32\lib\site-packages\pluggy\manager.py&quot;, line 84, in &lt;lambda&gt;
    self._inner_hookexec = lambda hook, methods, kwargs: hook.multicall(
  File &quot;c:\users\a610037\appdata\local\programs\python\python38-32\lib\site-packages\pluggy\callers.py&quot;, line 187, in _multicall
    res = hook_impl.function(*args)
  File &quot;c:\users\a610037\appdata\local\programs\python\python38-32\lib\site-packages\_pytest\main.py&quot;, line 348, in pytest_runtestloop
    item.config.hook.pytest_runtest_protocol(item=item, nextitem=nextitem)
  File &quot;c:\users\a610037\appdata\local\programs\python\python38-32\lib\site-packages\pluggy\hooks.py&quot;, line 286, in __call__
    return self._hookexec(self, self.get_hookimpls(), kwargs)
  File &quot;c:\users\a610037\appdata\local\programs\python\python38-32\lib\site-packages\pluggy\manager.py&quot;, line 93, in _hookexec
    return self._inner_hookexec(hook, methods, kwargs)
  File &quot;c:\users\a610037\appdata\local\programs\python\python38-32\lib\site-packages\pluggy\manager.py&quot;, line 84, in &lt;lambda&gt;
    self._inner_hookexec = lambda hook, methods, kwargs: hook.multicall(
  File &quot;c:\users\a610037\appdata\local\programs\python\python38-32\lib\site-packages\pluggy\callers.py&quot;, line 187, in _multicall
    res = hook_impl.function(*args)
  File &quot;c:\users\a610037\appdata\local\programs\python\python38-32\lib\site-packages\_pytest\runner.py&quot;, line 109, in pytest_runtest_protocol
    runtestprotocol(item, nextitem=nextitem)
  File &quot;c:\users\a610037\appdata\local\programs\python\python38-32\lib\site-packages\_pytest\runner.py&quot;, line 126, in runtestprotocol
    reports.append(call_and_report(item, &quot;call&quot;, log))
  File &quot;c:\users\a610037\appdata\local\programs\python\python38-32\lib\site-packages\_pytest\runner.py&quot;, line 215, in call_and_report
    call = call_runtest_hook(item, when, **kwds)
  File &quot;c:\users\a610037\appdata\local\programs\python\python38-32\lib\site-packages\_pytest\runner.py&quot;, line 254, in call_runtest_hook
    return CallInfo.from_call(
  File &quot;c:\users\a610037\appdata\local\programs\python\python38-32\lib\site-packages\_pytest\runner.py&quot;, line 311, in from_call
    result: Optional[TResult] = func()
  File &quot;c:\users\a610037\appdata\local\programs\python\python38-32\lib\site-packages\_pytest\runner.py&quot;, line 255, in &lt;lambda&gt;
    lambda: ihook(item=item, **kwds), when=when, reraise=reraise
  File &quot;c:\users\a610037\appdata\local\programs\python\python38-32\lib\site-packages\pluggy\hooks.py&quot;, line 286, in __call__
    return self._hookexec(self, self.get_hookimpls(), kwargs)
  File &quot;c:\users\a610037\appdata\local\programs\python\python38-32\lib\site-packages\pluggy\manager.py&quot;, line 93, in _hookexec
    return self._inner_hookexec(hook, methods, kwargs)
  File &quot;c:\users\a610037\appdata\local\programs\python\python38-32\lib\site-packages\pluggy\manager.py&quot;, line 84, in &lt;lambda&gt;
    self._inner_hookexec = lambda hook, methods, kwargs: hook.multicall(
  File &quot;c:\users\a610037\appdata\local\programs\python\python38-32\lib\site-packages\pluggy\callers.py&quot;, line 187, in _multicall
    res = hook_impl.function(*args)
  File &quot;c:\users\a610037\appdata\local\programs\python\python38-32\lib\site-packages\_pytest\runner.py&quot;, line 162, in pytest_runtest_call
    item.runtest()
  File &quot;c:\users\a610037\appdata\local\programs\python\python38-32\lib\site-packages\_pytest\unittest.py&quot;, line 321, in runtest
    self._testcase(result=self)  # type: ignore[arg-type]
  File &quot;c:\users\a610037\appdata\local\programs\python\python38-32\lib\unittest\case.py&quot;, line 736, in __call__
    return self.run(*args, **kwds)
  File &quot;c:\users\a610037\appdata\local\programs\python\python38-32\lib\unittest\case.py&quot;, line 676, in run
    self._callTestMethod(testMethod)
  File &quot;c:\users\a610037\appdata\local\programs\python\python38-32\lib\unittest\case.py&quot;, line 633, in _callTestMethod
    method()
  File &quot;c:\users\a610037\appdata\local\programs\python\python38-32\lib\site-packages\ddt.py&quot;, line 182, in wrapper
    return func(self, *args, **kwargs)
  File &quot;C:\Users\A610037\PycharmProjects\git-selenium-framework2\tests\test_individual\test_registration.py&quot;, line 29, in test_registration
    result2 = self.account.add_to_wishlist(emailAddress, message)
  File &quot;C:\Users\A610037\PycharmProjects\git-selenium-framework2\pages\account_creation\account_creation.py&quot;, line 45, in add_to_wishlist
    self.elementClick(self._share_wishlist,&#x27;xpath&#x27;)
  File &quot;C:\Users\A610037\PycharmProjects\git-selenium-framework2\base\selenium_driver.py&quot;, line 102, in elementClick
    element = self.findElement(locator, locatorType)
  File &quot;C:\Users\A610037\PycharmProjects\git-selenium-framework2\base\selenium_driver.py&quot;, line 61, in findElement
    print_stack()
  File &quot;c:\users\a610037\appdata\local\programs\python\python38-32\lib\runpy.py&quot;, line 193, in _run_module_as_main
    return _run_code(code, main_globals, None,
  File &quot;c:\users\a610037\appdata\local\programs\python\python38-32\lib\runpy.py&quot;, line 86, in _run_code
    exec(code, run_globals)
  File &quot;C:\Users\A610037\AppData\Local\Programs\Python\Python38-32\Scripts\py.test.exe\__main__.py&quot;, line 7, in &lt;module&gt;
    sys.exit(console_main())
  File &quot;c:\users\a610037\appdata\local\programs\python\python38-32\lib\site-packages\_pytest\config\__init__.py&quot;, line 185, in console_main
    code = main()
  File &quot;c:\users\a610037\appdata\local\programs\python\python38-32\lib\site-packages\_pytest\config\__init__.py&quot;, line 162, in main
    ret: Union[ExitCode, int] = config.hook.pytest_cmdline_main(
  File &quot;c:\users\a610037\appdata\local\programs\python\python38-32\lib\site-packages\pluggy\hooks.py&quot;, line 286, in __call__
    return self._hookexec(self, self.get_hookimpls(), kwargs)
  File &quot;c:\users\a610037\appdata\local\programs\python\python38-32\lib\site-packages\pluggy\manager.py&quot;, line 93, in _hookexec
    return self._inner_hookexec(hook, methods, kwargs)
  File &quot;c:\users\a610037\appdata\local\programs\python\python38-32\lib\site-packages\pluggy\manager.py&quot;, line 84, in &lt;lambda&gt;
    self._inner_hookexec = lambda hook, methods, kwargs: hook.multicall(
  File &quot;c:\users\a610037\appdata\local\programs\python\python38-32\lib\site-packages\pluggy\callers.py&quot;, line 187, in _multicall
    res = hook_impl.function(*args)
  File &quot;c:\users\a610037\appdata\local\programs\python\python38-32\lib\site-packages\_pytest\main.py&quot;, line 316, in pytest_cmdline_main
    return wrap_session(config, _main)
  File &quot;c:\users\a610037\appdata\local\programs\python\python38-32\lib\site-packages\_pytest\main.py&quot;, line 269, in wrap_session
    session.exitstatus = doit(config, session) or 0
  File &quot;c:\users\a610037\appdata\local\programs\python\python38-32\lib\site-packages\_pytest\main.py&quot;, line 323, in _main
    config.hook.pytest_runtestloop(session=session)
  File &quot;c:\users\a610037\appdata\local\programs\python\python38-32\lib\site-packages\pluggy\hooks.py&quot;, line 286, in __call__
    return self._hookexec(self, self.get_hookimpls(), kwargs)
  File &quot;c:\users\a610037\appdata\local\programs\python\python38-32\lib\site-packages\pluggy\manager.py&quot;, line 93, in _hookexec
    return self._inner_hookexec(hook, methods, kwargs)
  File &quot;c:\users\a610037\appdata\local\programs\python\python38-32\lib\site-packages\pluggy\manager.py&quot;, line 84, in &lt;lambda&gt;
    self._inner_hookexec = lambda hook, methods, kwargs: hook.multicall(
  File &quot;c:\users\a610037\appdata\local\programs\python\python38-32\lib\site-packages\pluggy\callers.py&quot;, line 187, in _multicall
    res = hook_impl.function(*args)
  File &quot;c:\users\a610037\appdata\local\programs\python\python38-32\lib\site-packages\_pytest\main.py&quot;, line 348, in pytest_runtestloop
    item.config.hook.pytest_runtest_protocol(item=item, nextitem=nextitem)
  File &quot;c:\users\a610037\appdata\local\programs\python\python38-32\lib\site-packages\pluggy\hooks.py&quot;, line 286, in __call__
    return self._hookexec(self, self.get_hookimpls(), kwargs)
  File &quot;c:\users\a610037\appdata\local\programs\python\python38-32\lib\site-packages\pluggy\manager.py&quot;, line 93, in _hookexec
    return self._inner_hookexec(hook, methods, kwargs)
  File &quot;c:\users\a610037\appdata\local\programs\python\python38-32\lib\site-packages\pluggy\manager.py&quot;, line 84, in &lt;lambda&gt;
    self._inner_hookexec = lambda hook, methods, kwargs: hook.multicall(
  File &quot;c:\users\a610037\appdata\local\programs\python\python38-32\lib\site-packages\pluggy\callers.py&quot;, line 187, in _multicall
    res = hook_impl.function(*args)
  File &quot;c:\users\a610037\appdata\local\programs\python\python38-32\lib\site-packages\_pytest\runner.py&quot;, line 109, in pytest_runtest_protocol
    runtestprotocol(item, nextitem=nextitem)
  File &quot;c:\users\a610037\appdata\local\programs\python\python38-32\lib\site-packages\_pytest\runner.py&quot;, line 126, in runtestprotocol
    reports.append(call_and_report(item, &quot;call&quot;, log))
  File &quot;c:\users\a610037\appdata\local\programs\python\python38-32\lib\site-packages\_pytest\runner.py&quot;, line 215, in call_and_report
    call = call_runtest_hook(item, when, **kwds)
  File &quot;c:\users\a610037\appdata\local\programs\python\python38-32\lib\site-packages\_pytest\runner.py&quot;, line 254, in call_runtest_hook
    return CallInfo.from_call(
  File &quot;c:\users\a610037\appdata\local\programs\python\python38-32\lib\site-packages\_pytest\runner.py&quot;, line 311, in from_call
    result: Optional[TResult] = func()
  File &quot;c:\users\a610037\appdata\local\programs\python\python38-32\lib\site-packages\_pytest\runner.py&quot;, line 255, in &lt;lambda&gt;
    lambda: ihook(item=item, **kwds), when=when, reraise=reraise
  File &quot;c:\users\a610037\appdata\local\programs\python\python38-32\lib\site-packages\pluggy\hooks.py&quot;, line 286, in __call__
    return self._hookexec(self, self.get_hookimpls(), kwargs)
  File &quot;c:\users\a610037\appdata\local\programs\python\python38-32\lib\site-packages\pluggy\manager.py&quot;, line 93, in _hookexec
    return self._inner_hookexec(hook, methods, kwargs)
  File &quot;c:\users\a610037\appdata\local\programs\python\python38-32\lib\site-packages\pluggy\manager.py&quot;, line 84, in &lt;lambda&gt;
    self._inner_hookexec = lambda hook, methods, kwargs: hook.multicall(
  File &quot;c:\users\a610037\appdata\local\programs\python\python38-32\lib\site-packages\pluggy\callers.py&quot;, line 187, in _multicall
    res = hook_impl.function(*args)
  File &quot;c:\users\a610037\appdata\local\programs\python\python38-32\lib\site-packages\_pytest\runner.py&quot;, line 162, in pytest_runtest_call
    item.runtest()
  File &quot;c:\users\a610037\appdata\local\programs\python\python38-32\lib\site-packages\_pytest\unittest.py&quot;, line 321, in runtest
    self._testcase(result=self)  # type: ignore[arg-type]
  File &quot;c:\users\a610037\appdata\local\programs\python\python38-32\lib\unittest\case.py&quot;, line 736, in __call__
    return self.run(*args, **kwds)
  File &quot;c:\users\a610037\appdata\local\programs\python\python38-32\lib\unittest\case.py&quot;, line 676, in run
    self._callTestMethod(testMethod)
  File &quot;c:\users\a610037\appdata\local\programs\python\python38-32\lib\unittest\case.py&quot;, line 633, in _callTestMethod
    method()
  File &quot;c:\users\a610037\appdata\local\programs\python\python38-32\lib\site-packages\ddt.py&quot;, line 182, in wrapper
    return func(self, *args, **kwargs)
  File &quot;C:\Users\A610037\PycharmProjects\git-selenium-framework2\tests\test_individual\test_registration.py&quot;, line 29, in test_registration
    result2 = self.account.add_to_wishlist(emailAddress, message)
  File &quot;C:\Users\A610037\PycharmProjects\git-selenium-framework2\pages\account_creation\account_creation.py&quot;, line 45, in add_to_wishlist
    self.elementClick(self._share_wishlist,&#x27;xpath&#x27;)
  File &quot;C:\Users\A610037\PycharmProjects\git-selenium-framework2\base\selenium_driver.py&quot;, line 108, in elementClick
    print_stack()
  File &quot;c:\users\a610037\appdata\local\programs\python\python38-32\lib\runpy.py&quot;, line 193, in _run_module_as_main
    return _run_code(code, main_globals, None,
  File &quot;c:\users\a610037\appdata\local\programs\python\python38-32\lib\runpy.py&quot;, line 86, in _run_code
    exec(code, run_globals)
  File &quot;C:\Users\A610037\AppData\Local\Programs\Python\Python38-32\Scripts\py.test.exe\__main__.py&quot;, line 7, in &lt;module&gt;
    sys.exit(console_main())
  File &quot;c:\users\a610037\appdata\local\programs\python\python38-32\lib\site-packages\_pytest\config\__init__.py&quot;, line 185, in console_main
    code = main()
  File &quot;c:\users\a610037\appdata\local\programs\python\python38-32\lib\site-packages\_pytest\config\__init__.py&quot;, line 162, in main
    ret: Union[ExitCode, int] = config.hook.pytest_cmdline_main(
  File &quot;c:\users\a610037\appdata\local\programs\python\python38-32\lib\site-packages\pluggy\hooks.py&quot;, line 286, in __call__
    return self._hookexec(self, self.get_hookimpls(), kwargs)
  File &quot;c:\users\a610037\appdata\local\programs\python\python38-32\lib\site-packages\pluggy\manager.py&quot;, line 93, in _hookexec
    return self._inner_hookexec(hook, methods, kwargs)
  File &quot;c:\users\a610037\appdata\local\programs\python\python38-32\lib\site-packages\pluggy\manager.py&quot;, line 84, in &lt;lambda&gt;
    self._inner_hookexec = lambda hook, methods, kwargs: hook.multicall(
  File &quot;c:\users\a610037\appdata\local\programs\python\python38-32\lib\site-packages\pluggy\callers.py&quot;, line 187, in _multicall
    res = hook_impl.function(*args)
  File &quot;c:\users\a610037\appdata\local\programs\python\python38-32\lib\site-packages\_pytest\main.py&quot;, line 316, in pytest_cmdline_main
    return wrap_session(config, _main)
  File &quot;c:\users\a610037\appdata\local\programs\python\python38-32\lib\site-packages\_pytest\main.py&quot;, line 269, in wrap_session
    session.exitstatus = doit(config, session) or 0
  File &quot;c:\users\a610037\appdata\local\programs\python\python38-32\lib\site-packages\_pytest\main.py&quot;, line 323, in _main
    config.hook.pytest_runtestloop(session=session)
  File &quot;c:\users\a610037\appdata\local\programs\python\python38-32\lib\site-packages\pluggy\hooks.py&quot;, line 286, in __call__
    return self._hookexec(self, self.get_hookimpls(), kwargs)
  File &quot;c:\users\a610037\appdata\local\programs\python\python38-32\lib\site-packages\pluggy\manager.py&quot;, line 93, in _hookexec
    return self._inner_hookexec(hook, methods, kwargs)
  File &quot;c:\users\a610037\appdata\local\programs\python\python38-32\lib\site-packages\pluggy\manager.py&quot;, line 84, in &lt;lambda&gt;
    self._inner_hookexec = lambda hook, methods, kwargs: hook.multicall(
  File &quot;c:\users\a610037\appdata\local\programs\python\python38-32\lib\site-packages\pluggy\callers.py&quot;, line 187, in _multicall
    res = hook_impl.function(*args)
  File &quot;c:\users\a610037\appdata\local\programs\python\python38-32\lib\site-packages\_pytest\main.py&quot;, line 348, in pytest_runtestloop
    item.config.hook.pytest_runtest_protocol(item=item, nextitem=nextitem)
  File &quot;c:\users\a610037\appdata\local\programs\python\python38-32\lib\site-packages\pluggy\hooks.py&quot;, line 286, in __call__
    return self._hookexec(self, self.get_hookimpls(), kwargs)
  File &quot;c:\users\a610037\appdata\local\programs\python\python38-32\lib\site-packages\pluggy\manager.py&quot;, line 93, in _hookexec
    return self._inner_hookexec(hook, methods, kwargs)
  File &quot;c:\users\a610037\appdata\local\programs\python\python38-32\lib\site-packages\pluggy\manager.py&quot;, line 84, in &lt;lambda&gt;
    self._inner_hookexec = lambda hook, methods, kwargs: hook.multicall(
  File &quot;c:\users\a610037\appdata\local\programs\python\python38-32\lib\site-packages\pluggy\callers.py&quot;, line 187, in _multicall
    res = hook_impl.function(*args)
  File &quot;c:\users\a610037\appdata\local\programs\python\python38-32\lib\site-packages\_pytest\runner.py&quot;, line 109, in pytest_runtest_protocol
    runtestprotocol(item, nextitem=nextitem)
  File &quot;c:\users\a610037\appdata\local\programs\python\python38-32\lib\site-packages\_pytest\runner.py&quot;, line 126, in runtestprotocol
    reports.append(call_and_report(item, &quot;call&quot;, log))
  File &quot;c:\users\a610037\appdata\local\programs\python\python38-32\lib\site-packages\_pytest\runner.py&quot;, line 215, in call_and_report
    call = call_runtest_hook(item, when, **kwds)
  File &quot;c:\users\a610037\appdata\local\programs\python\python38-32\lib\site-packages\_pytest\runner.py&quot;, line 254, in call_runtest_hook
    return CallInfo.from_call(
  File &quot;c:\users\a610037\appdata\local\programs\python\python38-32\lib\site-packages\_pytest\runner.py&quot;, line 311, in from_call
    result: Optional[TResult] = func()
  File &quot;c:\users\a610037\appdata\local\programs\python\python38-32\lib\site-packages\_pytest\runner.py&quot;, line 255, in &lt;lambda&gt;
    lambda: ihook(item=item, **kwds), when=when, reraise=reraise
  File &quot;c:\users\a610037\appdata\local\programs\python\python38-32\lib\site-packages\pluggy\hooks.py&quot;, line 286, in __call__
    return self._hookexec(self, self.get_hookimpls(), kwargs)
  File &quot;c:\users\a610037\appdata\local\programs\python\python38-32\lib\site-packages\pluggy\manager.py&quot;, line 93, in _hookexec
    return self._inner_hookexec(hook, methods, kwargs)
  File &quot;c:\users\a610037\appdata\local\programs\python\python38-32\lib\site-packages\pluggy\manager.py&quot;, line 84, in &lt;lambda&gt;
    self._inner_hookexec = lambda hook, methods, kwargs: hook.multicall(
  File &quot;c:\users\a610037\appdata\local\programs\python\python38-32\lib\site-packages\pluggy\callers.py&quot;, line 187, in _multicall
    res = hook_impl.function(*args)
  File &quot;c:\users\a610037\appdata\local\programs\python\python38-32\lib\site-packages\_pytest\runner.py&quot;, line 162, in pytest_runtest_call
    item.runtest()
  File &quot;c:\users\a610037\appdata\local\programs\python\python38-32\lib\site-packages\_pytest\unittest.py&quot;, line 321, in runtest
    self._testcase(result=self)  # type: ignore[arg-type]
  File &quot;c:\users\a610037\appdata\local\programs\python\python38-32\lib\unittest\case.py&quot;, line 736, in __call__
    return self.run(*args, **kwds)
  File &quot;c:\users\a610037\appdata\local\programs\python\python38-32\lib\unittest\case.py&quot;, line 676, in run
    self._callTestMethod(testMethod)
  File &quot;c:\users\a610037\appdata\local\programs\python\python38-32\lib\unittest\case.py&quot;, line 633, in _callTestMethod
    method()
  File &quot;c:\users\a610037\appdata\local\programs\python\python38-32\lib\site-packages\ddt.py&quot;, line 182, in wrapper
    return func(self, *args, **kwargs)
  File &quot;C:\Users\A610037\PycharmProjects\git-selenium-framework2\tests\test_individual\test_registration.py&quot;, line 29, in test_registration
    result2 = self.account.add_to_wishlist(emailAddress, message)
  File &quot;C:\Users\A610037\PycharmProjects\git-selenium-framework2\pages\account_creation\account_creation.py&quot;, line 46, in add_to_wishlist
    return self.isElementDisplayed(self._message_success_sharelist,&#x27;xpath&#x27;)
  File &quot;C:\Users\A610037\PycharmProjects\git-selenium-framework2\base\selenium_driver.py&quot;, line 280, in isElementDisplayed
    element = self.findElement(locator, locatorType)
  File &quot;C:\Users\A610037\PycharmProjects\git-selenium-framework2\base\selenium_driver.py&quot;, line 61, in findElement
    print_stack()
<br/> -------------------------------Captured log call-------------------------------- <br/>INFO     Account:selenium_driver.py:54 Element found with locatorType : xpath &amp; locator : //a/span[text()=&#x27;Account&#x27;]&lt;selenium.webdriver.remote.webelement.WebElement (session=&quot;270372b44bf029acf4ae7ae225d134eb&quot;, element=&quot;04560f32-ccac-4fbb-91a1-d2d0c5fbaab6&quot;)&gt;
INFO     Account:selenium_driver.py:104 Clicked on Element : &lt;selenium.webdriver.remote.webelement.WebElement (session=&quot;270372b44bf029acf4ae7ae225d134eb&quot;, element=&quot;04560f32-ccac-4fbb-91a1-d2d0c5fbaab6&quot;)&gt;
INFO     Account:selenium_driver.py:54 Element found with locatorType : link &amp; locator : Register&lt;selenium.webdriver.remote.webelement.WebElement (session=&quot;270372b44bf029acf4ae7ae225d134eb&quot;, element=&quot;ea6ceded-1224-48d6-8521-a4527948384d&quot;)&gt;
INFO     Account:selenium_driver.py:104 Clicked on Element : &lt;selenium.webdriver.remote.webelement.WebElement (session=&quot;270372b44bf029acf4ae7ae225d134eb&quot;, element=&quot;ea6ceded-1224-48d6-8521-a4527948384d&quot;)&gt;
INFO     Account:selenium_driver.py:54 Element found with locatorType : id &amp; locator : firstname&lt;selenium.webdriver.remote.webelement.WebElement (session=&quot;270372b44bf029acf4ae7ae225d134eb&quot;, element=&quot;e1d40d07-eef8-42b3-9358-5fa3941010ba&quot;)&gt;
INFO     Account:selenium_driver.py:115 Text : test entered on locator: firstname
INFO     Account:selenium_driver.py:54 Element found with locatorType : id &amp; locator : lastname&lt;selenium.webdriver.remote.webelement.WebElement (session=&quot;270372b44bf029acf4ae7ae225d134eb&quot;, element=&quot;efc65801-1e9a-4ea4-9163-81814e1e50c4&quot;)&gt;
INFO     Account:selenium_driver.py:115 Text : fortysix entered on locator: lastname
INFO     Account:selenium_driver.py:54 Element found with locatorType : id &amp; locator : email_address&lt;selenium.webdriver.remote.webelement.WebElement (session=&quot;270372b44bf029acf4ae7ae225d134eb&quot;, element=&quot;2404fb6b-b2ce-4ed2-b8e0-d706631f018d&quot;)&gt;
INFO     Account:selenium_driver.py:115 Text : test@fortysix.com entered on locator: email_address
INFO     Account:selenium_driver.py:54 Element found with locatorType : id &amp; locator : password&lt;selenium.webdriver.remote.webelement.WebElement (session=&quot;270372b44bf029acf4ae7ae225d134eb&quot;, element=&quot;579ec23f-ee6a-4939-9b95-1a981c759bc8&quot;)&gt;
INFO     Account:selenium_driver.py:115 Text : test12345 entered on locator: password
INFO     Account:selenium_driver.py:54 Element found with locatorType : id &amp; locator : confirmation&lt;selenium.webdriver.remote.webelement.WebElement (session=&quot;270372b44bf029acf4ae7ae225d134eb&quot;, element=&quot;87b85878-f61e-4d0f-9e5b-4742774bc54f&quot;)&gt;
INFO     Account:selenium_driver.py:115 Text : test12345 entered on locator: confirmation
INFO     Account:selenium_driver.py:54 Element found with locatorType : id &amp; locator : is_subscribed&lt;selenium.webdriver.remote.webelement.WebElement (session=&quot;270372b44bf029acf4ae7ae225d134eb&quot;, element=&quot;e8cd6ad4-c78d-4b2d-be51-4a0e4f71fdfe&quot;)&gt;
INFO     Account:selenium_driver.py:104 Clicked on Element : &lt;selenium.webdriver.remote.webelement.WebElement (session=&quot;270372b44bf029acf4ae7ae225d134eb&quot;, element=&quot;e8cd6ad4-c78d-4b2d-be51-4a0e4f71fdfe&quot;)&gt;
INFO     Account:selenium_driver.py:54 Element found with locatorType : xpath &amp; locator : //button[@title=&#x27;Register&#x27;]&lt;selenium.webdriver.remote.webelement.WebElement (session=&quot;270372b44bf029acf4ae7ae225d134eb&quot;, element=&quot;4dcd5545-6665-4019-89e2-afdcd9004af5&quot;)&gt;
INFO     Account:selenium_driver.py:104 Clicked on Element : &lt;selenium.webdriver.remote.webelement.WebElement (session=&quot;270372b44bf029acf4ae7ae225d134eb&quot;, element=&quot;4dcd5545-6665-4019-89e2-afdcd9004af5&quot;)&gt;
INFO     Account:selenium_driver.py:58 Element could not be found with type : xpath and locator : //span[text()=&#x27;Thank you for registering with Main Website Store.&#x27;]Message: no such element: Unable to locate element: {&quot;method&quot;:&quot;xpath&quot;,&quot;selector&quot;:&quot;//span[text()=&#x27;Thank you for registering with Main Website Store.&#x27;]&quot;}
  (Session info: chrome=87.0.4280.88)

WARNING  Account:selenium_driver.py:291 Exception occured while executing isElementDisplayed :: exception occured :: &#x27;NoneType&#x27; object has no attribute &#x27;is_displayed&#x27;
INFO     MarkTestStatus:selenium_driver.py:273 ### Screenshot saved at path: C:\Users\A610037\PycharmProjects\git-selenium-framework2\base\..//screenshots//Registration Successfull16086551475908.png
ERROR    MarkTestStatus:mark_test_status.py:24 ###Verification Failed :: + Registration Successfull
INFO     Account:selenium_driver.py:54 Element found with locatorType : link &amp; locator : TV&lt;selenium.webdriver.remote.webelement.WebElement (session=&quot;270372b44bf029acf4ae7ae225d134eb&quot;, element=&quot;8da0cb5a-a21c-4abc-9a74-667c63b651ad&quot;)&gt;
INFO     Account:selenium_driver.py:104 Clicked on Element : &lt;selenium.webdriver.remote.webelement.WebElement (session=&quot;270372b44bf029acf4ae7ae225d134eb&quot;, element=&quot;8da0cb5a-a21c-4abc-9a74-667c63b651ad&quot;)&gt;
INFO     Account:selenium_driver.py:54 Element found with locatorType : xpath &amp; locator : //a[@title=&#x27;LG LCD&#x27;]//following-sibling::div/child::div/ul/li/a&lt;selenium.webdriver.remote.webelement.WebElement (session=&quot;270372b44bf029acf4ae7ae225d134eb&quot;, element=&quot;a2a44c08-391f-4ff7-8938-ec371e623cc6&quot;)&gt;
INFO     Account:selenium_driver.py:104 Clicked on Element : &lt;selenium.webdriver.remote.webelement.WebElement (session=&quot;270372b44bf029acf4ae7ae225d134eb&quot;, element=&quot;a2a44c08-391f-4ff7-8938-ec371e623cc6&quot;)&gt;
INFO     Account:selenium_driver.py:58 Element could not be found with type : xpath and locator : //span[text()=&#x27;Share Wishlist&#x27;]Message: no such element: Unable to locate element: {&quot;method&quot;:&quot;xpath&quot;,&quot;selector&quot;:&quot;//span[text()=&#x27;Share Wishlist&#x27;]&quot;}
  (Session info: chrome=87.0.4280.88)

INFO     Account:selenium_driver.py:107 Unable to click the element: //span[text()=&#x27;Share Wishlist&#x27;]. Exception occured :: &#x27;NoneType&#x27; object has no attribute &#x27;click&#x27;
INFO     Account:selenium_driver.py:58 Element could not be found with type : id and locator : email_addressMessage: no such element: Unable to locate element: {&quot;method&quot;:&quot;css selector&quot;,&quot;selector&quot;:&quot;[id=&quot;email_address&quot;]&quot;}
  (Session info: chrome=87.0.4280.88)

INFO     Account:selenium_driver.py:117 Unable to send the message on locator: email_addressException :: &#x27;NoneType&#x27; object has no attribute &#x27;clear&#x27;
INFO     Account:selenium_driver.py:58 Element could not be found with type : id and locator : messageMessage: no such element: Unable to locate element: {&quot;method&quot;:&quot;css selector&quot;,&quot;selector&quot;:&quot;[id=&quot;message&quot;]&quot;}
  (Session info: chrome=87.0.4280.88)

INFO     Account:selenium_driver.py:117 Unable to send the message on locator: messageException :: &#x27;NoneType&#x27; object has no attribute &#x27;clear&#x27;
INFO     Account:selenium_driver.py:58 Element could not be found with type : xpath and locator : //span[text()=&#x27;Share Wishlist&#x27;]Message: no such element: Unable to locate element: {&quot;method&quot;:&quot;xpath&quot;,&quot;selector&quot;:&quot;//span[text()=&#x27;Share Wishlist&#x27;]&quot;}
  (Session info: chrome=87.0.4280.88)

INFO     Account:selenium_driver.py:107 Unable to click the element: //span[text()=&#x27;Share Wishlist&#x27;]. Exception occured :: &#x27;NoneType&#x27; object has no attribute &#x27;click&#x27;
INFO     Account:selenium_driver.py:58 Element could not be found with type : xpath and locator : //span[text()=&#x27;Your Wishlist has been shared.&#x27;]Message: no such element: Unable to locate element: {&quot;method&quot;:&quot;xpath&quot;,&quot;selector&quot;:&quot;//span[text()=&#x27;Your Wishlist has been shared.&#x27;]&quot;}
  (Session info: chrome=87.0.4280.88)

WARNING  Account:selenium_driver.py:291 Exception occured while executing isElementDisplayed :: exception occured :: &#x27;NoneType&#x27; object has no attribute &#x27;is_displayed&#x27;
INFO     MarkTestStatus:selenium_driver.py:273 ### Screenshot saved at path: C:\Users\A610037\PycharmProjects\git-selenium-framework2\base\..//screenshots//Wishlist shared successfully16086551996216.png
ERROR    MarkTestStatus:mark_test_status.py:24 ###Verification Failed :: + Wishlist shared successfully
ERROR    MarkTestStatus:mark_test_status.py:45 test_registration_share_wishlist### Test Failed<br/></div></td></tr></tbody>
      <tbody class="passed results-table-row">
        <tr>
          <td class="col-result">Passed</td>
          <td class="col-name">tests/test_suite_smoke/test_suite_SmokeTest.py::TestSortBy::test_sort_by_name</td>
          <td class="col-duration">7.97</td>
          <td class="col-links"></td></tr>
        <tr>
          <td class="extra" colspan="4">
            <div class="log"> -------------------------------Captured log setup------------------------------- <br/>INFO     &lt;module&gt;:conftest.py:22 Launching browser :: Chrome
INFO     WebDriverFactory:WebDriverFactory.py:39 Launching the URL :: http://live.demoguru99.com/index.php/ on browser :: Chrome<br/> ------------------------------Captured stdout call------------------------------ <br/>[&#x27;IPHONE&#x27;, &#x27;SAMSUNG GALAXY&#x27;, &#x27;SONY XPERIA&#x27;]
<br/> -------------------------------Captured log call-------------------------------- <br/>INFO     MobilePage:selenium_driver.py:54 Element found with locatorType : link &amp; locator : MOBILE&lt;selenium.webdriver.remote.webelement.WebElement (session=&quot;89fe6d12f8383762ef69eeaafaa22870&quot;, element=&quot;e046135a-099d-46c6-befc-60c65c346e9c&quot;)&gt;
INFO     MobilePage:selenium_driver.py:104 Clicked on Element : &lt;selenium.webdriver.remote.webelement.WebElement (session=&quot;89fe6d12f8383762ef69eeaafaa22870&quot;, element=&quot;e046135a-099d-46c6-befc-60c65c346e9c&quot;)&gt;
INFO     MobilePage:selenium_driver.py:54 Element found with locatorType : xpath &amp; locator : //select[@title=&#x27;Sort By&#x27;]&lt;selenium.webdriver.remote.webelement.WebElement (session=&quot;89fe6d12f8383762ef69eeaafaa22870&quot;, element=&quot;a045b812-3d49-4292-bb91-450d6f780c7b&quot;)&gt;
INFO     MobilePage:selenium_driver.py:90 Selected element with value Name from the drop down using Visible Text
INFO     MobilePage:selenium_driver.py:54 Element found with locatorType : link &amp; locator : IPHONE&lt;selenium.webdriver.remote.webelement.WebElement (session=&quot;89fe6d12f8383762ef69eeaafaa22870&quot;, element=&quot;3f381925-9ead-490c-8f10-4599272922c7&quot;)&gt;
INFO     MobilePage:selenium_driver.py:128 Text of the element : IPHONE is IPHONE
INFO     MobilePage:selenium_driver.py:54 Element found with locatorType : link &amp; locator : SAMSUNG GALAXY&lt;selenium.webdriver.remote.webelement.WebElement (session=&quot;89fe6d12f8383762ef69eeaafaa22870&quot;, element=&quot;2c762bcc-f8db-4928-87ea-8c61a51d6489&quot;)&gt;
INFO     MobilePage:selenium_driver.py:128 Text of the element : SAMSUNG GALAXY is SAMSUNG GALAXY
INFO     MobilePage:selenium_driver.py:54 Element found with locatorType : link &amp; locator : SONY XPERIA&lt;selenium.webdriver.remote.webelement.WebElement (session=&quot;89fe6d12f8383762ef69eeaafaa22870&quot;, element=&quot;afea912d-ba40-4806-8c6d-3f88b573e6ca&quot;)&gt;
INFO     MobilePage:selenium_driver.py:128 Text of the element : SONY XPERIA is SONY XPERIA
INFO     Utilities:util.py:68 Expected List is :: [&#x27;IPHONE&#x27;, &#x27;SAMSUNG GALAXY&#x27;, &#x27;SONY XPERIA&#x27;]
INFO     Utilities:util.py:69 Actual List is :: [&#x27;IPHONE&#x27;, &#x27;SAMSUNG GALAXY&#x27;, &#x27;SONY XPERIA&#x27;]
INFO     MarkTestStatus:mark_test_status.py:20 ###Verification Successfull :: + Testing Mobile SOrt functionality
INFO     MarkTestStatus:mark_test_status.py:50 Mobile Sort By test### Test Passed<br/></div></td></tr></tbody>
      <tbody class="passed results-table-row">
        <tr>
          <td class="col-result">Passed</td>
          <td class="col-name">tests/test_suite_smoke/test_suite_SmokeTest.py::TestSortBy::test_sort_by_prices</td>
          <td class="col-duration">6.72</td>
          <td class="col-links"></td></tr>
        <tr>
          <td class="extra" colspan="4">
            <div class="log"> ------------------------------Captured stdout call------------------------------ <br/>[&#x27;SONY XPERIA&#x27;, &#x27;SAMSUNG GALAXY&#x27;, &#x27;IPHONE&#x27;]
<br/> -------------------------------Captured log call-------------------------------- <br/>INFO     MobilePage:selenium_driver.py:54 Element found with locatorType : link &amp; locator : MOBILE&lt;selenium.webdriver.remote.webelement.WebElement (session=&quot;89fe6d12f8383762ef69eeaafaa22870&quot;, element=&quot;161dc694-19c7-4edf-a9cf-9d52e599b05a&quot;)&gt;
INFO     MobilePage:selenium_driver.py:104 Clicked on Element : &lt;selenium.webdriver.remote.webelement.WebElement (session=&quot;89fe6d12f8383762ef69eeaafaa22870&quot;, element=&quot;161dc694-19c7-4edf-a9cf-9d52e599b05a&quot;)&gt;
INFO     MobilePage:selenium_driver.py:54 Element found with locatorType : xpath &amp; locator : //select[@title=&#x27;Sort By&#x27;]&lt;selenium.webdriver.remote.webelement.WebElement (session=&quot;89fe6d12f8383762ef69eeaafaa22870&quot;, element=&quot;634c8c0a-413d-4a15-b8e1-1187827167c2&quot;)&gt;
INFO     MobilePage:selenium_driver.py:90 Selected element with value Price from the drop down using Visible Text
INFO     MobilePage:selenium_driver.py:54 Element found with locatorType : link &amp; locator : SONY XPERIA&lt;selenium.webdriver.remote.webelement.WebElement (session=&quot;89fe6d12f8383762ef69eeaafaa22870&quot;, element=&quot;710f27fa-d41e-48a6-a45b-5c4820c9de3f&quot;)&gt;
INFO     MobilePage:selenium_driver.py:128 Text of the element : SONY XPERIA is SONY XPERIA
INFO     MobilePage:selenium_driver.py:54 Element found with locatorType : link &amp; locator : SAMSUNG GALAXY&lt;selenium.webdriver.remote.webelement.WebElement (session=&quot;89fe6d12f8383762ef69eeaafaa22870&quot;, element=&quot;7a1a8ba9-36f4-4e0b-9f5d-589001298728&quot;)&gt;
INFO     MobilePage:selenium_driver.py:128 Text of the element : SAMSUNG GALAXY is SAMSUNG GALAXY
INFO     MobilePage:selenium_driver.py:54 Element found with locatorType : link &amp; locator : IPHONE&lt;selenium.webdriver.remote.webelement.WebElement (session=&quot;89fe6d12f8383762ef69eeaafaa22870&quot;, element=&quot;2afc43af-897b-4f79-9ac6-2ec5a9b1a2ee&quot;)&gt;
INFO     MobilePage:selenium_driver.py:128 Text of the element : IPHONE is IPHONE
INFO     Utilities:util.py:68 Expected List is :: [&#x27;SONY XPERIA&#x27;, &#x27;SAMSUNG GALAXY&#x27;, &#x27;IPHONE&#x27;]
INFO     Utilities:util.py:69 Actual List is :: [&#x27;SONY XPERIA&#x27;, &#x27;SAMSUNG GALAXY&#x27;, &#x27;IPHONE&#x27;]
INFO     MarkTestStatus:mark_test_status.py:20 ###Verification Successfull :: + Testing Mobile SOrt functionality
INFO     MarkTestStatus:mark_test_status.py:50 Mobile Sort By test### Test Passed<br/></div></td></tr></tbody>
      <tbody class="passed results-table-row">
        <tr>
          <td class="col-result">Passed</td>
          <td class="col-name">tests/test_suite_smoke/test_suite_SmokeTest.py::TestVerifyPriceDifferentView::test_verify_price_different_view</td>
          <td class="col-duration">10.01</td>
          <td class="col-links"></td></tr>
        <tr>
          <td class="extra" colspan="4">
            <div class="log"> -------------------------------Captured log setup------------------------------- <br/>INFO     &lt;module&gt;:conftest.py:22 Launching browser :: Chrome
INFO     WebDriverFactory:WebDriverFactory.py:39 Launching the URL :: http://live.demoguru99.com/index.php/ on browser :: Chrome<br/> -------------------------------Captured log call-------------------------------- <br/>INFO     MobilePage:selenium_driver.py:54 Element found with locatorType : link &amp; locator : MOBILE&lt;selenium.webdriver.remote.webelement.WebElement (session=&quot;d0b08709a9fa0abc8e6e3e493ed86e47&quot;, element=&quot;3c8dc1a8-78fb-41ce-bcf1-e0edb7d38015&quot;)&gt;
INFO     MobilePage:selenium_driver.py:104 Clicked on Element : &lt;selenium.webdriver.remote.webelement.WebElement (session=&quot;d0b08709a9fa0abc8e6e3e493ed86e47&quot;, element=&quot;3c8dc1a8-78fb-41ce-bcf1-e0edb7d38015&quot;)&gt;
INFO     MobilePage:selenium_driver.py:54 Element found with locatorType : link &amp; locator : List&lt;selenium.webdriver.remote.webelement.WebElement (session=&quot;d0b08709a9fa0abc8e6e3e493ed86e47&quot;, element=&quot;2f0d61ee-dc0a-47e4-a1d0-d2e7ca0072f6&quot;)&gt;
INFO     MobilePage:selenium_driver.py:104 Clicked on Element : &lt;selenium.webdriver.remote.webelement.WebElement (session=&quot;d0b08709a9fa0abc8e6e3e493ed86e47&quot;, element=&quot;2f0d61ee-dc0a-47e4-a1d0-d2e7ca0072f6&quot;)&gt;
INFO     MobilePage:selenium_driver.py:54 Element found with locatorType : xpath &amp; locator : //span[@id=&#x27;product-price-1&#x27;]/child::span&lt;selenium.webdriver.remote.webelement.WebElement (session=&quot;d0b08709a9fa0abc8e6e3e493ed86e47&quot;, element=&quot;86790d87-4d43-4e3d-9276-a5708b0b414c&quot;)&gt;
INFO     MobilePage:selenium_driver.py:128 Text of the element : //span[@id=&#x27;product-price-1&#x27;]/child::span is $100.00
INFO     MobilePage:selenium_driver.py:54 Element found with locatorType : xpath &amp; locator : //span[@id=&#x27;product-price-1&#x27;]/child::span&lt;selenium.webdriver.remote.webelement.WebElement (session=&quot;d0b08709a9fa0abc8e6e3e493ed86e47&quot;, element=&quot;86790d87-4d43-4e3d-9276-a5708b0b414c&quot;)&gt;
INFO     MobilePage:selenium_driver.py:128 Text of the element : //span[@id=&#x27;product-price-1&#x27;]/child::span is $100.00
INFO     Utilities:util.py:94 Actual value from application  is :: $100.00
INFO     Utilities:util.py:95 Expected value from application  is :: $100.00
INFO     Utilities:util.py:98 ### Verfication Passed
INFO     MarkTestStatus:mark_test_status.py:20 ###Verification Successfull :: + Value Matched
INFO     MarkTestStatus:mark_test_status.py:50 Verify price in different view### Test Passed<br/></div></td></tr></tbody>
      <tbody class="passed results-table-row">
        <tr>
          <td class="col-result">Passed</td>
          <td class="col-name">tests/test_suite_smoke/test_suite_SmokeTest.py::TestCart::test_max_cart_error</td>
          <td class="col-duration">13.25</td>
          <td class="col-links"></td></tr>
        <tr>
          <td class="extra" colspan="4">
            <div class="log"> -------------------------------Captured log setup------------------------------- <br/>INFO     &lt;module&gt;:conftest.py:22 Launching browser :: Chrome
INFO     WebDriverFactory:WebDriverFactory.py:39 Launching the URL :: http://live.demoguru99.com/index.php/ on browser :: Chrome<br/> -------------------------------Captured log call-------------------------------- <br/>INFO     MobilePage:selenium_driver.py:54 Element found with locatorType : link &amp; locator : MOBILE&lt;selenium.webdriver.remote.webelement.WebElement (session=&quot;00bc700a3441056b5ef70157da15a935&quot;, element=&quot;b481cd9e-4755-4837-b719-32b331f82391&quot;)&gt;
INFO     MobilePage:selenium_driver.py:104 Clicked on Element : &lt;selenium.webdriver.remote.webelement.WebElement (session=&quot;00bc700a3441056b5ef70157da15a935&quot;, element=&quot;b481cd9e-4755-4837-b719-32b331f82391&quot;)&gt;
INFO     MobilePage:selenium_driver.py:54 Element found with locatorType : xpath &amp; locator : //a[@title=&#x27;Xperia&#x27;]//following-sibling::div//span[text()=&#x27;Add to Cart&#x27;]&lt;selenium.webdriver.remote.webelement.WebElement (session=&quot;00bc700a3441056b5ef70157da15a935&quot;, element=&quot;b8ea4891-60dd-4464-bbfe-5fa1df593ab5&quot;)&gt;
INFO     MobilePage:selenium_driver.py:104 Clicked on Element : &lt;selenium.webdriver.remote.webelement.WebElement (session=&quot;00bc700a3441056b5ef70157da15a935&quot;, element=&quot;b8ea4891-60dd-4464-bbfe-5fa1df593ab5&quot;)&gt;
INFO     MobilePage:selenium_driver.py:54 Element found with locatorType : xpath &amp; locator : //input[@data-cart-item-id=&#x27;MOB001&#x27; and @title=&#x27;Qty&#x27;]&lt;selenium.webdriver.remote.webelement.WebElement (session=&quot;00bc700a3441056b5ef70157da15a935&quot;, element=&quot;e5936b67-b798-4a1e-94ce-13db5b97d22b&quot;)&gt;
INFO     MobilePage:selenium_driver.py:115 Text : 1000 entered on locator: //input[@data-cart-item-id=&#x27;MOB001&#x27; and @title=&#x27;Qty&#x27;]
INFO     MobilePage:selenium_driver.py:209 Waiting to click on element : //button[@title=&#x27;Update&#x27;]/span/spanfor time 20sec
INFO     MobilePage:selenium_driver.py:211 Element is Available for action
INFO     MobilePage:selenium_driver.py:54 Element found with locatorType : xpath &amp; locator : //button[@title=&#x27;Update&#x27;]/span/span&lt;selenium.webdriver.remote.webelement.WebElement (session=&quot;00bc700a3441056b5ef70157da15a935&quot;, element=&quot;3b38f99d-78ec-4fd3-9998-a364225dfa5c&quot;)&gt;
INFO     MobilePage:selenium_driver.py:104 Clicked on Element : &lt;selenium.webdriver.remote.webelement.WebElement (session=&quot;00bc700a3441056b5ef70157da15a935&quot;, element=&quot;3b38f99d-78ec-4fd3-9998-a364225dfa5c&quot;)&gt;
INFO     MobilePage:selenium_driver.py:54 Element found with locatorType : xpath &amp; locator : //span[text()=&#x27;Some of the products cannot be ordered in requested quantity.&#x27;]&lt;selenium.webdriver.remote.webelement.WebElement (session=&quot;00bc700a3441056b5ef70157da15a935&quot;, element=&quot;84b0d557-6963-4aee-991d-1842cfff6ff3&quot;)&gt;
INFO     MobilePage:selenium_driver.py:284 Element is displayed with locator :: //span[text()=&#x27;Some of the products cannot be ordered in requested quantity.&#x27;]
INFO     MarkTestStatus:mark_test_status.py:20 ###Verification Successfull :: + Error displayed
INFO     MarkTestStatus:mark_test_status.py:50 Verify max cart error message### Test Passed<br/></div></td></tr></tbody>
      <tbody class="passed results-table-row">
        <tr>
          <td class="col-result">Passed</td>
          <td class="col-name">tests/test_suite_smoke/test_suite_SmokeTest.py::TestCompare::test_compare_mobile</td>
          <td class="col-duration">3.77</td>
          <td class="col-links"></td></tr>
        <tr>
          <td class="extra" colspan="4">
            <div class="log"> -------------------------------Captured log setup------------------------------- <br/>INFO     &lt;module&gt;:conftest.py:22 Launching browser :: Chrome
INFO     WebDriverFactory:WebDriverFactory.py:39 Launching the URL :: http://live.demoguru99.com/index.php/ on browser :: Chrome<br/></div></td></tr></tbody></table></body></html>