<!DOCTYPE html>
<html>
  <head>
    <meta charset="utf-8"/>
    <title>Test Report</title>
    <link href="assets/style.css" rel="stylesheet" type="text/css"/></head>
  <body onLoad="init()">
    <script>/* This Source Code Form is subject to the terms of the Mozilla Public
 * License, v. 2.0. If a copy of the MPL was not distributed with this file,
 * You can obtain one at http://mozilla.org/MPL/2.0/. */


function toArray(iter) {
    if (iter === null) {
        return null;
    }
    return Array.prototype.slice.call(iter);
}

function find(selector, elem) { // eslint-disable-line no-redeclare
    if (!elem) {
        elem = document;
    }
    return elem.querySelector(selector);
}

function findAll(selector, elem) {
    if (!elem) {
        elem = document;
    }
    return toArray(elem.querySelectorAll(selector));
}

function sortColumn(elem) {
    toggleSortStates(elem);
    const colIndex = toArray(elem.parentNode.childNodes).indexOf(elem);
    let key;
    if (elem.classList.contains('result')) {
        key = keyResult;
    } else if (elem.classList.contains('links')) {
        key = keyLink;
    } else {
        key = keyAlpha;
    }
    sortTable(elem, key(colIndex));
}

function showAllExtras() { // eslint-disable-line no-unused-vars
    findAll('.col-result').forEach(showExtras);
}

function hideAllExtras() { // eslint-disable-line no-unused-vars
    findAll('.col-result').forEach(hideExtras);
}

function showExtras(colresultElem) {
    const extras = colresultElem.parentNode.nextElementSibling;
    const expandcollapse = colresultElem.firstElementChild;
    extras.classList.remove('collapsed');
    expandcollapse.classList.remove('expander');
    expandcollapse.classList.add('collapser');
}

function hideExtras(colresultElem) {
    const extras = colresultElem.parentNode.nextElementSibling;
    const expandcollapse = colresultElem.firstElementChild;
    extras.classList.add('collapsed');
    expandcollapse.classList.remove('collapser');
    expandcollapse.classList.add('expander');
}

function showFilters() {
    const filterItems = document.getElementsByClassName('filter');
    for (let i = 0; i < filterItems.length; i++)
        filterItems[i].hidden = false;
}

function addCollapse() {
    // Add links for show/hide all
    const resulttable = find('table#results-table');
    const showhideall = document.createElement('p');
    showhideall.innerHTML = '<a href="javascript:showAllExtras()">Show all details</a> / ' +
                            '<a href="javascript:hideAllExtras()">Hide all details</a>';
    resulttable.parentElement.insertBefore(showhideall, resulttable);

    // Add show/hide link to each result
    findAll('.col-result').forEach(function(elem) {
        const collapsed = getQueryParameter('collapsed') || 'Passed';
        const extras = elem.parentNode.nextElementSibling;
        const expandcollapse = document.createElement('span');
        if (extras.classList.contains('collapsed')) {
            expandcollapse.classList.add('expander');
        } else if (collapsed.includes(elem.innerHTML)) {
            extras.classList.add('collapsed');
            expandcollapse.classList.add('expander');
        } else {
            expandcollapse.classList.add('collapser');
        }
        elem.appendChild(expandcollapse);

        elem.addEventListener('click', function(event) {
            if (event.currentTarget.parentNode.nextElementSibling.classList.contains('collapsed')) {
                showExtras(event.currentTarget);
            } else {
                hideExtras(event.currentTarget);
            }
        });
    });
}

function getQueryParameter(name) {
    const match = RegExp('[?&]' + name + '=([^&]*)').exec(window.location.search);
    return match && decodeURIComponent(match[1].replace(/\+/g, ' '));
}

function init () { // eslint-disable-line no-unused-vars
    resetSortHeaders();

    addCollapse();

    showFilters();

    sortColumn(find('.initial-sort'));

    findAll('.sortable').forEach(function(elem) {
        elem.addEventListener('click',
            function() {
                sortColumn(elem);
            }, false);
    });
}

function sortTable(clicked, keyFunc) {
    const rows = findAll('.results-table-row');
    const reversed = !clicked.classList.contains('asc');
    const sortedRows = sort(rows, keyFunc, reversed);
    /* Whole table is removed here because browsers acts much slower
     * when appending existing elements.
     */
    const thead = document.getElementById('results-table-head');
    document.getElementById('results-table').remove();
    const parent = document.createElement('table');
    parent.id = 'results-table';
    parent.appendChild(thead);
    sortedRows.forEach(function(elem) {
        parent.appendChild(elem);
    });
    document.getElementsByTagName('BODY')[0].appendChild(parent);
}

function sort(items, keyFunc, reversed) {
    const sortArray = items.map(function(item, i) {
        return [keyFunc(item), i];
    });

    sortArray.sort(function(a, b) {
        const keyA = a[0];
        const keyB = b[0];

        if (keyA == keyB) return 0;

        if (reversed) {
            return keyA < keyB ? 1 : -1;
        } else {
            return keyA > keyB ? 1 : -1;
        }
    });

    return sortArray.map(function(item) {
        const index = item[1];
        return items[index];
    });
}

function keyAlpha(colIndex) {
    return function(elem) {
        return elem.childNodes[1].childNodes[colIndex].firstChild.data.toLowerCase();
    };
}

function keyLink(colIndex) {
    return function(elem) {
        const dataCell = elem.childNodes[1].childNodes[colIndex].firstChild;
        return dataCell == null ? '' : dataCell.innerText.toLowerCase();
    };
}

function keyResult(colIndex) {
    return function(elem) {
        const strings = ['Error', 'Failed', 'Rerun', 'XFailed', 'XPassed',
            'Skipped', 'Passed'];
        return strings.indexOf(elem.childNodes[1].childNodes[colIndex].firstChild.data);
    };
}

function resetSortHeaders() {
    findAll('.sort-icon').forEach(function(elem) {
        elem.parentNode.removeChild(elem);
    });
    findAll('.sortable').forEach(function(elem) {
        const icon = document.createElement('div');
        icon.className = 'sort-icon';
        icon.textContent = 'vvv';
        elem.insertBefore(icon, elem.firstChild);
        elem.classList.remove('desc', 'active');
        elem.classList.add('asc', 'inactive');
    });
}

function toggleSortStates(elem) {
    //if active, toggle between asc and desc
    if (elem.classList.contains('active')) {
        elem.classList.toggle('asc');
        elem.classList.toggle('desc');
    }

    //if inactive, reset all other functions and add ascending active
    if (elem.classList.contains('inactive')) {
        resetSortHeaders();
        elem.classList.remove('inactive');
        elem.classList.add('active');
    }
}

function isAllRowsHidden(value) {
    return value.hidden == false;
}

function filterTable(elem) { // eslint-disable-line no-unused-vars
    const outcomeAtt = 'data-test-result';
    const outcome = elem.getAttribute(outcomeAtt);
    const classOutcome = outcome + ' results-table-row';
    const outcomeRows = document.getElementsByClassName(classOutcome);

    for(let i = 0; i < outcomeRows.length; i++){
        outcomeRows[i].hidden = !elem.checked;
    }

    const rows = findAll('.results-table-row').filter(isAllRowsHidden);
    const allRowsHidden = rows.length == 0 ? true : false;
    const notFoundMessage = document.getElementById('not-found-message');
    notFoundMessage.hidden = !allRowsHidden;
}
</script>
    <h1>report.html</h1>
    <p>Report generated on 14-Aug-2021 at 11:10:47 by <a href="https://pypi.python.org/pypi/pytest-html">pytest-html</a> v3.1.1</p>
    <h2>Environment</h2>
    <table id="environment">
      <tr>
        <td>Packages</td>
        <td>{"pluggy": "0.13.1", "py": "1.10.0", "pytest": "6.2.4"}</td></tr>
      <tr>
        <td>Platform</td>
        <td>Windows-10-10.0.19041-SP0</td></tr>
      <tr>
        <td>Plugins</td>
        <td>{"Faker": "8.10.2", "allure-pytest": "2.9.43", "cov": "2.12.1", "fixtures": "0.1.0", "forked": "1.3.0", "html": "3.1.1", "metadata": "1.11.0", "order": "1.0.0", "pytest_check": "1.0.2", "reporter": "0.5.1", "reporter-html1": "0.8.2", "rerunfailures": "10.1", "sugar": "0.9.4", "xdist": "2.3.0"}</td></tr>
      <tr>
        <td>Python</td>
        <td>3.8.8</td></tr></table>
    <h2>Summary</h2>
    <p>1 tests ran in 17.63 seconds. </p>
    <p class="filter" hidden="true">(Un)check the boxes to filter the results.</p><input checked="true" class="filter" data-test-result="passed" disabled="true" hidden="true" name="filter_checkbox" onChange="filterTable(this)" type="checkbox"/><span class="passed">0 passed</span>, <input checked="true" class="filter" data-test-result="skipped" disabled="true" hidden="true" name="filter_checkbox" onChange="filterTable(this)" type="checkbox"/><span class="skipped">0 skipped</span>, <input checked="true" class="filter" data-test-result="failed" hidden="true" name="filter_checkbox" onChange="filterTable(this)" type="checkbox"/><span class="failed">1 failed</span>, <input checked="true" class="filter" data-test-result="error" disabled="true" hidden="true" name="filter_checkbox" onChange="filterTable(this)" type="checkbox"/><span class="error">0 errors</span>, <input checked="true" class="filter" data-test-result="xfailed" disabled="true" hidden="true" name="filter_checkbox" onChange="filterTable(this)" type="checkbox"/><span class="xfailed">0 expected failures</span>, <input checked="true" class="filter" data-test-result="xpassed" disabled="true" hidden="true" name="filter_checkbox" onChange="filterTable(this)" type="checkbox"/><span class="xpassed">0 unexpected passes</span>, <input checked="true" class="filter" data-test-result="rerun" disabled="true" hidden="true" name="filter_checkbox" onChange="filterTable(this)" type="checkbox"/><span class="rerun">0 rerun</span>
    <h2>Results</h2>
    <table id="results-table">
      <thead id="results-table-head">
        <tr>
          <th class="sortable result initial-sort" col="result">Result</th>
          <th class="sortable" col="name">Test</th>
          <th class="sortable" col="duration">Duration</th>
          <th class="sortable links" col="links">Links</th></tr>
        <tr hidden="true" id="not-found-message">
          <th colspan="4">No results found. Try to check the filters</th></tr></thead>
      <tbody class="failed results-table-row">
        <tr>
          <td class="col-result">Failed</td>
          <td class="col-name">tests/test_individual/test_login.py::TestLogin::test_login_00001</td>
          <td class="col-duration">17.36</td>
          <td class="col-links"></td></tr>
        <tr>
          <td class="extra" colspan="4">
            <div class="log">self = &lt;test_login.TestLogin testMethod=test_login_00001&gt;, username = &#x27;admin&#x27;, password = &#x27;admin&#x27;<br/><br/>    @allure.testcase(&quot;Login Test&quot;)<br/>    @allure.description(&quot;Testing the login functionality&quot;)<br/>    @file_data(&quot;..//..//datafiles//login.json&quot;)<br/>    @pytest.mark.run(1)<br/>    def test_login(self, username, password):<br/>        self.login.enter_username(username)<br/>        self.login.enter_password(password)<br/>        self.login.click_submit_button()<br/>&gt;       assert_that(self.login.check_login_successfull()).is_true()<br/><span class="error">E       AssertionError: Expected &lt;True&gt;, but was not.</span><br/><br/>tests\test_individual\test_login.py:35: AssertionError<br/> -----------------------------Captured stderr setup------------------------------ <br/>

====== WebDriver manager ======
Current google-chrome version is 92.0.4515
Get LATEST driver version for 92.0.4515
Driver [C:\Users\atique.shaikh\.wdm\drivers\chromedriver\win32\92.0.4515.107\chromedriver.exe] found in cache
<br/> -------------------------------Captured log setup------------------------------- <br/><span class="ansi32">INFO    </span> &lt;module&gt;:conftest.py:28 Launching browser :: Chrome
<span class="ansi32">INFO    </span> WDM:logger.py:22 

<span class="ansi32">INFO    </span> WDM:logger.py:12 ====== WebDriver manager ======
<span class="ansi32">INFO    </span> WDM:logger.py:12 Current google-chrome version is 92.0.4515
<span class="ansi32">INFO    </span> WDM:logger.py:12 Get LATEST driver version for 92.0.4515
<span class="ansi32">INFO    </span> WDM:logger.py:12 Driver [C:\Users\atique.shaikh\.wdm\drivers\chromedriver\win32\92.0.4515.107\chromedriver.exe] found in cache
<span class="ansi32">INFO    </span> WebDriverFactory:WebDriverFactory.py:47 Launching the URL :: http://demo.guru99.com/test/newtours/ on browser :: Chrome<br/> ------------------------------Captured stderr call------------------------------ <br/>  File &quot;c:\users\atique.shaikh\appdata\local\programs\python\python38\lib\runpy.py&quot;, line 194, in _run_module_as_main
    return _run_code(code, main_globals, None,
  File &quot;c:\users\atique.shaikh\appdata\local\programs\python\python38\lib\runpy.py&quot;, line 87, in _run_code
    exec(code, run_globals)
  File &quot;C:\Users\atique.shaikh\AppData\Local\Programs\Python\Python38\Scripts\pytest.exe\__main__.py&quot;, line 7, in &lt;module&gt;
    sys.exit(console_main())
  File &quot;c:\users\atique.shaikh\appdata\local\programs\python\python38\lib\site-packages\_pytest\config\__init__.py&quot;, line 185, in console_main
    code = main()
  File &quot;c:\users\atique.shaikh\appdata\local\programs\python\python38\lib\site-packages\_pytest\config\__init__.py&quot;, line 162, in main
    ret: Union[ExitCode, int] = config.hook.pytest_cmdline_main(
  File &quot;c:\users\atique.shaikh\appdata\local\programs\python\python38\lib\site-packages\pluggy\hooks.py&quot;, line 286, in __call__
    return self._hookexec(self, self.get_hookimpls(), kwargs)
  File &quot;c:\users\atique.shaikh\appdata\local\programs\python\python38\lib\site-packages\pluggy\manager.py&quot;, line 93, in _hookexec
    return self._inner_hookexec(hook, methods, kwargs)
  File &quot;c:\users\atique.shaikh\appdata\local\programs\python\python38\lib\site-packages\pluggy\manager.py&quot;, line 84, in &lt;lambda&gt;
    self._inner_hookexec = lambda hook, methods, kwargs: hook.multicall(
  File &quot;c:\users\atique.shaikh\appdata\local\programs\python\python38\lib\site-packages\pluggy\callers.py&quot;, line 187, in _multicall
    res = hook_impl.function(*args)
  File &quot;c:\users\atique.shaikh\appdata\local\programs\python\python38\lib\site-packages\_pytest\main.py&quot;, line 316, in pytest_cmdline_main
    return wrap_session(config, _main)
  File &quot;c:\users\atique.shaikh\appdata\local\programs\python\python38\lib\site-packages\_pytest\main.py&quot;, line 269, in wrap_session
    session.exitstatus = doit(config, session) or 0
  File &quot;c:\users\atique.shaikh\appdata\local\programs\python\python38\lib\site-packages\_pytest\main.py&quot;, line 323, in _main
    config.hook.pytest_runtestloop(session=session)
  File &quot;c:\users\atique.shaikh\appdata\local\programs\python\python38\lib\site-packages\pluggy\hooks.py&quot;, line 286, in __call__
    return self._hookexec(self, self.get_hookimpls(), kwargs)
  File &quot;c:\users\atique.shaikh\appdata\local\programs\python\python38\lib\site-packages\pluggy\manager.py&quot;, line 93, in _hookexec
    return self._inner_hookexec(hook, methods, kwargs)
  File &quot;c:\users\atique.shaikh\appdata\local\programs\python\python38\lib\site-packages\pluggy\manager.py&quot;, line 84, in &lt;lambda&gt;
    self._inner_hookexec = lambda hook, methods, kwargs: hook.multicall(
  File &quot;c:\users\atique.shaikh\appdata\local\programs\python\python38\lib\site-packages\pluggy\callers.py&quot;, line 187, in _multicall
    res = hook_impl.function(*args)
  File &quot;c:\users\atique.shaikh\appdata\local\programs\python\python38\lib\site-packages\_pytest\main.py&quot;, line 348, in pytest_runtestloop
    item.config.hook.pytest_runtest_protocol(item=item, nextitem=nextitem)
  File &quot;c:\users\atique.shaikh\appdata\local\programs\python\python38\lib\site-packages\pluggy\hooks.py&quot;, line 286, in __call__
    return self._hookexec(self, self.get_hookimpls(), kwargs)
  File &quot;c:\users\atique.shaikh\appdata\local\programs\python\python38\lib\site-packages\pluggy\manager.py&quot;, line 93, in _hookexec
    return self._inner_hookexec(hook, methods, kwargs)
  File &quot;c:\users\atique.shaikh\appdata\local\programs\python\python38\lib\site-packages\pluggy\manager.py&quot;, line 84, in &lt;lambda&gt;
    self._inner_hookexec = lambda hook, methods, kwargs: hook.multicall(
  File &quot;c:\users\atique.shaikh\appdata\local\programs\python\python38\lib\site-packages\pluggy\callers.py&quot;, line 187, in _multicall
    res = hook_impl.function(*args)
  File &quot;c:\users\atique.shaikh\appdata\local\programs\python\python38\lib\site-packages\_pytest\runner.py&quot;, line 109, in pytest_runtest_protocol
    runtestprotocol(item, nextitem=nextitem)
  File &quot;c:\users\atique.shaikh\appdata\local\programs\python\python38\lib\site-packages\_pytest\runner.py&quot;, line 126, in runtestprotocol
    reports.append(call_and_report(item, &quot;call&quot;, log))
  File &quot;c:\users\atique.shaikh\appdata\local\programs\python\python38\lib\site-packages\_pytest\runner.py&quot;, line 215, in call_and_report
    call = call_runtest_hook(item, when, **kwds)
  File &quot;c:\users\atique.shaikh\appdata\local\programs\python\python38\lib\site-packages\_pytest\runner.py&quot;, line 254, in call_runtest_hook
    return CallInfo.from_call(
  File &quot;c:\users\atique.shaikh\appdata\local\programs\python\python38\lib\site-packages\_pytest\runner.py&quot;, line 311, in from_call
    result: Optional[TResult] = func()
  File &quot;c:\users\atique.shaikh\appdata\local\programs\python\python38\lib\site-packages\_pytest\runner.py&quot;, line 255, in &lt;lambda&gt;
    lambda: ihook(item=item, **kwds), when=when, reraise=reraise
  File &quot;c:\users\atique.shaikh\appdata\local\programs\python\python38\lib\site-packages\pluggy\hooks.py&quot;, line 286, in __call__
    return self._hookexec(self, self.get_hookimpls(), kwargs)
  File &quot;c:\users\atique.shaikh\appdata\local\programs\python\python38\lib\site-packages\pluggy\manager.py&quot;, line 93, in _hookexec
    return self._inner_hookexec(hook, methods, kwargs)
  File &quot;c:\users\atique.shaikh\appdata\local\programs\python\python38\lib\site-packages\pluggy\manager.py&quot;, line 84, in &lt;lambda&gt;
    self._inner_hookexec = lambda hook, methods, kwargs: hook.multicall(
  File &quot;c:\users\atique.shaikh\appdata\local\programs\python\python38\lib\site-packages\pluggy\callers.py&quot;, line 187, in _multicall
    res = hook_impl.function(*args)
  File &quot;c:\users\atique.shaikh\appdata\local\programs\python\python38\lib\site-packages\_pytest\runner.py&quot;, line 162, in pytest_runtest_call
    item.runtest()
  File &quot;c:\users\atique.shaikh\appdata\local\programs\python\python38\lib\site-packages\_pytest\unittest.py&quot;, line 321, in runtest
    self._testcase(result=self)  # type: ignore[arg-type]
  File &quot;c:\users\atique.shaikh\appdata\local\programs\python\python38\lib\unittest\case.py&quot;, line 736, in __call__
    return self.run(*args, **kwds)
  File &quot;c:\users\atique.shaikh\appdata\local\programs\python\python38\lib\unittest\case.py&quot;, line 676, in run
    self._callTestMethod(testMethod)
  File &quot;c:\users\atique.shaikh\appdata\local\programs\python\python38\lib\unittest\case.py&quot;, line 633, in _callTestMethod
    method()
  File &quot;c:\users\atique.shaikh\appdata\local\programs\python\python38\lib\site-packages\ddt.py&quot;, line 182, in wrapper
    return func(self, *args, **kwargs)
  File &quot;C:\Users\atique.shaikh\PycharmProjects\Python - Framework\Selenium\git-selenium-framework2\tests\test_individual\test_login.py&quot;, line 35, in test_login
    assert_that(self.login.check_login_successfull()).is_true()
  File &quot;c:\users\atique.shaikh\appdata\local\programs\python\python38\lib\site-packages\allure_commons\_allure.py&quot;, line 172, in impl
    return func(*a, **kw)
  File &quot;C:\Users\atique.shaikh\PycharmProjects\Python - Framework\Selenium\git-selenium-framework2\pages\page_login\login_page.py&quot;, line 30, in check_login_successfull
    return self.isElementDisplayed(self.lp.success_message)
  File &quot;C:\Users\atique.shaikh\PycharmProjects\Python - Framework\Selenium\git-selenium-framework2\base\SeleniumBase.py&quot;, line 353, in isElementDisplayed
    element = self.findElement(locator)
  File &quot;C:\Users\atique.shaikh\PycharmProjects\Python - Framework\Selenium\git-selenium-framework2\base\SeleniumBase.py&quot;, line 66, in findElement
    print_stack()
<br/> -------------------------------Captured log call-------------------------------- <br/><span class="ansi32">INFO    </span> SeleniumBase:SeleniumBase.py:51 Waiting for 10 seconds to find the element for locator :: (&#x27;name&#x27;, &#x27;userName&#x27;)
<span class="ansi32">INFO    </span> SeleniumBase:SeleniumBase.py:55 Element ----&gt; &lt;selenium.webdriver.remote.webelement.WebElement (session=&quot;ce70832c0dd97875bec14a2af23a8f2d&quot;, element=&quot;ce2cb54c-a4fd-439d-9e16-1d205a51a735&quot;)&gt; found for locator :: (&#x27;name&#x27;, &#x27;userName&#x27;)
<span class="ansi32">INFO    </span> SeleniumBase:SeleniumBase.py:157 Text : admin entered on locator: (&#x27;name&#x27;, &#x27;userName&#x27;)
<span class="ansi32">INFO    </span> SeleniumBase:SeleniumBase.py:51 Waiting for 10 seconds to find the element for locator :: (&#x27;name&#x27;, &#x27;password&#x27;)
<span class="ansi32">INFO    </span> SeleniumBase:SeleniumBase.py:55 Element ----&gt; &lt;selenium.webdriver.remote.webelement.WebElement (session=&quot;ce70832c0dd97875bec14a2af23a8f2d&quot;, element=&quot;5f69f7fc-950b-4a76-aa49-3b9940a1f7ed&quot;)&gt; found for locator :: (&#x27;name&#x27;, &#x27;password&#x27;)
<span class="ansi32">INFO    </span> SeleniumBase:SeleniumBase.py:157 Text : admin entered on locator: (&#x27;name&#x27;, &#x27;password&#x27;)
<span class="ansi32">INFO    </span> SeleniumBase:SeleniumBase.py:51 Waiting for 10 seconds to find the element for locator :: (&#x27;name&#x27;, &#x27;submit&#x27;)
<span class="ansi32">INFO    </span> SeleniumBase:SeleniumBase.py:55 Element ----&gt; &lt;selenium.webdriver.remote.webelement.WebElement (session=&quot;ce70832c0dd97875bec14a2af23a8f2d&quot;, element=&quot;20060627-756f-4ec7-8af7-1c11f52290b3&quot;)&gt; found for locator :: (&#x27;name&#x27;, &#x27;submit&#x27;)
<span class="ansi32">INFO    </span> SeleniumBase:SeleniumBase.py:143 Clicked on Element : ----&gt; &lt;selenium.webdriver.remote.webelement.WebElement (session=&quot;ce70832c0dd97875bec14a2af23a8f2d&quot;, element=&quot;20060627-756f-4ec7-8af7-1c11f52290b3&quot;)&gt;
<span class="ansi32">INFO    </span> SeleniumBase:SeleniumBase.py:51 Waiting for 10 seconds to find the element for locator :: (&#x27;xpath&#x27;, &quot;//h13[text()=&#x27;Login Successfully&#x27;]&quot;)
<span class="ansi1"></span><span class="ansi1 ansi31">ERROR   </span> SeleniumBase:SeleniumBase.py:64 No such Element found for locator :: (&#x27;xpath&#x27;, &quot;//h13[text()=&#x27;Login Successfully&#x27;]&quot;). TimeoutException
<span class="ansi1"></span><span class="ansi1 ansi31">ERROR   </span> SeleniumBase:SeleniumBase.py:362 Element is not displayed. Unable to find element with locator :: (&#x27;xpath&#x27;, &quot;//h13[text()=&#x27;Login Successfully&#x27;]&quot;)<br/></div></td></tr></tbody></table></body></html>